         1.32075        0.870771        0.643172
         1.16783        -1.27734         1.72764
       0.0539329       -0.470671       -0.647374
         2.08583       0.0967867         0.53094
          1.5016        0.185879           1.206
         2.32069       -0.288377       -0.937834
        -1.25345       -0.273113        0.374455
       -0.137391        0.389303         0.29341
         2.74363       -0.446269        0.127466
        -1.76784        0.743328        0.731724
       -0.397394        -2.06855        -1.25236
        -1.10534       -0.241119       -0.385684
        -1.05444      -0.0349075         1.17087
         1.15882        0.614551       0.0715544
        0.609318         1.63655         1.01127
       -0.341023        -1.20576        0.939505
        0.687569        0.893137         0.84898
        0.257362        -1.52694       -0.947881
       -0.338333         2.08728        -0.64547
        0.369135       0.0874334      -0.0631115
       -0.311093       0.0709085        0.506381
        -1.39278          1.5985         1.18381
        0.347629        -1.92897         1.92168
         2.31593        0.193682        0.840186
       -0.967203       -0.531286       -0.887444
           -1.86         0.27702       -0.437473
       -0.197988        -1.46821       -0.503889
       -0.288138        0.610642     -0.00739098
       -0.752545        -0.86972         1.05027
        -1.38694        -1.25047        0.280698
        -1.14932        0.784422        -1.25074
        -1.88815       -0.316402      -0.0268627
       -0.795615        -1.57992         3.62177
        -1.76244        -1.08757        0.460037
       -0.829473       -0.373259       -0.221866
        -1.59255         1.63766        0.812463
         1.06021        -1.36304        0.700775
        0.307858        -1.57476        0.311615
      -0.0182202        -2.22586       0.0236522
       -0.243634         1.50107        0.308416
         1.17252        0.544156        0.922815
        0.392163         1.52448        -1.03476
       -0.793938         2.45307       -0.906907
       -0.364865        0.467524        -1.56615
        -2.29561        0.790882        -0.59798
         2.50438         1.04783        0.746174
       0.0631159        0.746979        -1.40173
       -0.981836        0.439632         0.35307
       -0.723668         2.91548        0.284675
         0.96281        0.355479        -1.68281
        -1.94092       -0.344553        -1.46068
       -0.960197        0.838802        -1.95643
         1.44904        -3.11528         -3.6713
        0.643061         1.65929       -0.476304
         0.90311       -0.563062        0.442737
       0.0347012       -0.320464         1.39684
       0.0335194       -0.172935        -1.16839
        0.343557        0.610793       -0.765545
         -1.2217       -0.691801       -0.765313
        -1.08701        0.264651       -0.132266
       -0.525464         1.80073         1.10688
         1.11376        -0.37128        -1.11894
        -1.55836      -0.0352323        -1.66291
       -0.170433        -1.30347       -0.396135
        -0.41463         -1.1546          1.6337
        0.123634       -0.904887        -1.34971
         0.46226        -1.87825        -1.01635
        0.462071         1.24419        -1.51161
        -1.02803      -0.0573219       -0.888814
        -1.46275        0.179471        0.213781
       -0.897289        -0.45557        0.682567
       -0.540606         1.45734        0.933314
        0.498577         0.10896       0.0776428
       -0.233358        0.451187         1.49952
        0.370775         1.75579       -0.287118
       -0.508581        -1.10458       -0.490698
         1.36929         -1.6325         1.28016
       -0.247195        -1.42881        0.276284
         1.86279         2.40463        0.467743
        0.926321        0.676448       -0.456917
        -1.42762       -0.454428        -1.19609
        0.527973       -0.432185       -0.504692
        0.778933       -0.608723       -0.535131
        -0.24379       -0.742331      -0.0089576
       -0.147942       -0.419654        0.590259
        -1.45591       -0.278184       -0.328512
        0.926052        0.627901        0.254133
        -1.00573         1.49171       -0.861865
        -1.32686         1.46367       -0.148678
        -1.17287        -1.61696        0.927873
        0.727677       -0.538451        -1.16244
        0.909335       -0.387804         2.19738
        0.659892       -0.651603       -0.501282
       -0.567346         1.29828        0.284954
         1.99658         1.23963        -1.05378
       -0.122556         0.39247        -1.37425
      -0.0143457        0.151099       -0.758347
      -0.0632178         1.03553       -0.279722
         1.14319        -1.37221         1.62146
          1.5451        0.330409        -1.43507
        0.744461       -0.879868         1.53895
       0.0612479         1.53738       0.0218522
        0.682768      -0.0948079         1.35046
       -0.830508       -0.334842         1.52642
         1.41196         1.06183       -0.386699
        0.945955       -0.908118        0.149699
       -0.326822        -1.77502       -0.414657
         1.43258       -0.214339         1.45123
