       -0.179856         0.94774       -0.812792
        -1.01463       -0.286908        0.844349
       -0.527791       0.0451259       -0.596269
       0.0904004       -0.718906         1.67662
       -0.416351        -1.07768        0.229955
        0.843259       -0.890587       -0.120324
        0.655851         1.06733         1.69682
        0.545247     -9.8724e-05        0.568066
         1.09112         1.03782        -1.29935
        0.178239        0.928616        0.829536
         1.98915        0.260882         -1.1054
        0.069116        0.976325        0.107997
        -2.04474        -2.43503        0.806801
        0.930196       -0.835444      0.00604464
        0.647428       -0.316515       -0.483586
        -1.04798         1.00535      -0.0301796
       -0.501199       -0.024948       -0.437924
     -0.00918043        0.246443      -0.0233634
        0.666468         1.11614        -2.22444
        -1.10935       -0.134776        0.297198
         1.54917         2.12267        -2.45065
        -1.10961      -0.0876772         0.70661
       0.0387078        0.475042        0.525187
        0.985128        0.153617         2.07011
       -0.484553         1.47996        0.884411
       -0.471799       -0.708246       -0.853553
       -0.327248         0.48554       0.0216656
       -0.956134       -0.387869        0.680964
        0.691706       -0.268347        0.283006
       -0.480915      -0.0375556       -0.282772
        -1.57763         1.29286        0.103692
        -1.15095        0.251552       -0.907223
        0.101061       -0.276866       -0.643609
       -0.421112     -0.00222167       -0.166649
         1.63264      0.00894704      -0.0672362
       -0.319402       -0.112793        -1.86686
       -0.258831      -0.0426328       -0.643118
       0.0610322        0.910453         1.50912
      -0.0262594        0.755034        0.120206
       -0.387652      -0.0505726      -0.0746735
        -1.49402        0.890658         1.28588
       -0.552251        0.414547        -1.85724
         0.48362      -0.0198165        0.229973
        0.679626       -0.275879       -0.933176
         1.23942         0.12871         1.00423
      -0.0560897       -0.038614       -0.315179
       -0.225384        0.575942       -0.233736
        0.472897       0.0192395       -0.160296
       -0.338831       -0.131279        0.478326
       -0.546686        0.281532         1.03565
       -0.783114        -1.31132         1.51232
        0.199856        -1.26692         1.73629
       -0.107229       -0.053766        0.624096
        0.631609        0.317039        0.352374
        0.460288         1.32702         2.04417
       0.0795658         0.62967      -0.0661056
        0.172521       -0.170011       -0.297666
         0.71327      -0.0119732        0.530133
        0.584784        -1.23239       -0.933458
         1.96072       -0.944174       -0.544635
         1.56877        0.123025       -0.815384
         1.43889         1.36682       -0.956565
        0.351645        0.322131       -0.345854
        0.833768        -1.00368      -0.0961427
        -1.26115       -0.708802      -0.0867228
        0.343084        0.740142       -0.484953
        0.865714        0.531862         0.25031
       -0.547994         1.61309        -1.16258
        0.376263         0.39922       0.0238316
       -0.181452        0.701286       -0.529676
         0.84387        0.559105        0.667529
        0.148138        0.405375        -2.44941
       -0.468457       -0.456914       -0.864279
       -0.266271        -1.23521       -0.333352
       -0.852777        -1.14309        0.488607
       0.0882865        -1.84634       -0.182033
         0.77322       -0.235676         1.10417
      -0.0202454        0.472247       -0.826201
        -0.58837        0.732752       -0.227794
        -1.23443         1.11017       -0.377117
        0.771802        0.324979       -0.592587
        -1.76373        -0.71237        0.308618
       -0.500656        0.923317        0.308436
       -0.935328        0.255711       -0.639997
       -0.567483        -2.11428         1.38552
       -0.187602        0.477802       -0.353632
       -0.943671       -0.211999        0.239049
         0.45633       -0.832329      -0.0349555
        0.825293       0.0696105        -1.19646
         1.42329       -0.953308        0.515555
        -1.38246        -1.86121        0.216956
        0.940552        0.115831         0.41672
        -1.26806       -0.757371      -0.0571334
        -1.46031       -0.151379       -0.080323
      0.00460173      -0.0608728       -0.753914
        0.544603      -0.0983689        0.895863
       -0.382746        0.250141      -0.0750164
      -0.0890885        -1.27841       -0.144995
           -0.29        0.307377         2.15988
        0.195306        -3.20048        0.662154
        0.154704       -0.451967        -1.93544
       -0.299744      -0.0916317        0.440102
        -1.21179        0.352887       -0.592937
        0.800266        0.200393       -0.655326
         1.47198        -0.39444         1.67573
        0.803378       -0.432196        0.672371
       -0.246083          1.5463        0.114216
       -0.591188        0.330784      -0.0651697
