        0.853283       -0.838564        0.444281
         1.02659      -0.0484524        -0.84001
         1.21009       -0.294948        0.344262
         1.09077          1.2487        -0.42485
        -1.77548        0.899397        0.783754
        0.170945       0.0235817       -0.789618
         1.18928       -0.952529         1.47993
       -0.198327       -0.915703      -0.0325981
        0.402044         2.79978        -1.78094
         1.02958        -1.76297        0.843075
         1.34628       -0.775223         1.34577
       -0.137853         1.42482       -0.133928
        0.125243        0.545754          1.2973
         1.22333       0.0645266       -0.804545
         1.56666         1.41429         1.69585
        0.183167        0.201572        0.545799
        -1.70896        -2.74828        -1.11996
       -0.137826       0.0669305       -0.346589
       -0.742259       -0.569085        0.431686
       -0.556975       -0.458653        -1.70817
        0.154378       -0.345193        -1.40477
         1.29691         1.62383          1.1649
        -1.48238       -0.711028       -0.735691
        -1.40136        0.466595        0.852481
       -0.990625         1.92404        0.611136
        0.296839     -0.00987801        -0.64411
         1.09847        0.350636      -0.0864648
       -0.916503        -1.52027        0.267116
         1.50587     -0.00377442        -0.13608
       -0.614208         -0.0924         1.88777
        -1.21336        0.259989        -0.95339
       -0.345874        0.917598      -0.0271646
         0.80176         -0.6952        0.120939
       -0.262555        0.435156       -0.295364
        0.489532       -0.194252       -0.762153
         1.26998        -1.06927        0.836675
        -0.45055       -0.526487         1.64512
         -1.1773       -0.549171        0.521693
       -0.730532         1.08877        0.687364
        0.658669       -0.182881       -0.503211
       -0.778631        0.167358         1.94635
        -0.61642       -0.607221       0.0768598
        -1.49924         1.20264        0.460093
       0.0652263        -1.41042       -0.280356
        0.834995         1.62209        -1.64827
       -0.665468        0.723346        0.616589
        0.352775        0.746284        0.275189
      -0.0155496         1.65496         1.59612
       -0.998796       -0.419492         1.21097
       -0.497549       -0.816422         1.97758
        0.864034        0.432814        0.584442
     -0.00584179        0.914502       -0.987561
        0.067715        0.315746       -0.355598
        0.194058        0.636527        0.374137
        0.870657        0.655519       -0.569124
        0.581917        0.378033        -1.34871
       -0.265641       -0.115245       -0.981422
        -0.33423       -0.589626        -0.29201
      0.00554201       -0.909616       -0.282811
        0.122235        -1.27173        -1.30328
       0.0767682       0.0669255       -0.495483
       -0.797094      -0.0875044         1.15624
       -0.618584        -1.86235       -0.162149
          0.2997      -0.0521626        0.158263
        0.266159       -0.838818         -1.0865
        0.525598        0.580579       -0.298399
         1.25347         0.83107        0.222242
       0.0458817       -0.761093        0.117601
        0.543099        0.827484        -1.10871
        0.326497        -1.33624       -0.104172
        0.280739       -0.445877        0.665177
       -0.579439        -1.75518        0.297672
        -1.52831       -0.544351        0.535968
       -0.200632         0.31929       -0.407374
        0.398077         1.09452        0.326077
        0.688326        0.464827       -0.855114
         -1.0562       -0.830361       0.0225637
        0.400555        0.782598        -2.21778
        0.642257        0.220859         1.34545
        -1.62927         0.41072       -0.223755
        0.504505       -0.309236       -0.990159
        0.197476        -1.16703       -0.848798
        0.829185        0.421585         2.37568
        -1.62967       -0.932699        0.635189
        0.365829         1.18761         0.73017
       -0.971491       -0.732937        0.649028
        0.492054        -1.28042       -0.983877
       -0.234152       -0.837337        -1.17685
       -0.986126       -0.299874       -0.824274
        -0.78471       -0.181309      -0.0197803
         1.51057       -0.995596     -0.00127075
       -0.908746         0.77453        -1.44713
        0.202203       -0.777657        0.863911
          0.8339       -0.932306        0.897184
       -0.403411       -0.159084        -1.06312
        -1.32727      -0.0364257        -1.27748
        0.567887        0.126822        -1.35203
         0.42306         1.10695        0.571271
        0.856878       -0.596405         1.34157
       -0.481394       -0.549666       -0.250535
        0.431875         0.48187        0.256741
       -0.857761        0.971211       -0.214427
       -0.502786        0.935974         0.11102
        0.615462         1.52286        -1.12268
         0.76856        0.657531      -0.0130999
        0.139436      -0.0808941       -0.252131
       -0.791383         1.78215        0.157452
       -0.626102       -0.986982       0.0141091
