         1.01171        0.667022        0.492678
        0.894572       -0.978461          1.3234
       0.0413134        -0.36054       -0.495897
         1.59778       0.0741399        0.406707
         1.15024        0.142386        0.923814
         1.77768       -0.220901       -0.718393
       -0.960158       -0.209208        0.286838
       -0.105244        0.298212        0.224756
         2.10166       -0.341848       0.0976405
        -1.35419        0.569399         0.56051
       -0.304409        -1.58454       -0.959328
       -0.846705         -0.1847       -0.295439
       -0.807713      -0.0267396        0.896902
        0.887675        0.470754       0.0548116
        0.466746         1.25362        0.774644
       -0.261228        -0.92363        0.719674
        0.526687        0.684155         0.65033
        0.197143        -1.16965        -0.72609
       -0.259168         1.59889       -0.494439
        0.282762       0.0669752      -0.0483442
       -0.238302       0.0543169        0.387894
        -1.06689         1.22447        0.906813
        0.266289        -1.47761         1.47203
         1.77404        0.148363        0.643594
       -0.740891       -0.406972       -0.679794
        -1.42478        0.212201        -0.33511
       -0.151662        -1.12467       -0.385985
       -0.220718         0.46776     -0.00566159
        -0.57646       -0.666217        0.804524
        -1.06242       -0.957877        0.215018
       -0.880393        0.600878        -0.95808
        -1.44635       -0.242369      -0.0205772
       -0.609452        -1.21024         2.77432
        -1.35005       -0.833094        0.352394
       -0.635387       -0.285922       -0.169952
        -1.21992         1.25447        0.622358
        0.812137        -1.04411        0.536803
        0.235823        -1.20629        0.238701
      -0.0139569        -1.70504       0.0181179
       -0.186627         1.14984         0.23625
        0.898168        0.416831        0.706889
        0.300402         1.16777       -0.792639
       -0.608167         1.87909       -0.694703
       -0.279492         0.35813        -1.19969
        -1.75847        0.605827       -0.458061
         1.91839        0.802651        0.571579
       0.0483477        0.572196        -1.07374
       -0.752099        0.336764        0.270457
        -0.55434          2.2333        0.218065
        0.737526        0.272302        -1.28905
        -1.48677       -0.263932         -1.1189
       -0.735524        0.642534        -1.49865
         1.10999        -2.38635        -2.81226
        0.492593         1.27104       -0.364855
        0.691795       -0.431313        0.339143
       0.0265816        -0.24548            1.07
       0.0256763       -0.132471       -0.895004
         0.26317        0.467876       -0.586418
       -0.935838       -0.529929        -0.58624
       -0.832661        0.202726       -0.101318
       -0.402513         1.37938        0.847885
        0.853157       -0.284406       -0.857127
        -1.19373      -0.0269884        -1.27381
       -0.130554       -0.998476       -0.303445
       -0.317612       -0.884442         1.25144
       0.0947054       -0.693156         -1.0339
        0.354098        -1.43876       -0.778537
        0.353953         0.95307        -1.15791
       -0.787488      -0.0439094       -0.680843
        -1.12049        0.137477        0.163759
       -0.687336       -0.348973        0.522856
       -0.414111         1.11634        0.714931
        0.381917       0.0834648       0.0594754
       -0.178755        0.345616         1.14865
        0.284019         1.34496       -0.219937
        -0.38958       -0.846125       -0.375881
         1.04889        -1.25052        0.980618
       -0.189355        -1.09449        0.211637
         1.42692         1.84198        0.358297
        0.709575        0.518168       -0.350005
        -1.09358       -0.348098        -0.91622
        0.404435        -0.33106       -0.386601
        0.596674        -0.46629       -0.409917
       -0.186746       -0.568635     -0.00686164
       -0.113326       -0.321461        0.452146
        -1.11525       -0.213093       -0.251645
        0.709369        0.480981         0.19467
       -0.770406         1.14267       -0.660201
        -1.01639         1.12119       -0.113889
       -0.898431        -1.23861        0.710763
        0.557411       -0.412461       -0.890443
        0.696563       -0.297063         1.68322
        0.505486       -0.499137       -0.383989
       -0.434595        0.994497        0.218279
         1.52941        0.949576       -0.807211
      -0.0938796        0.300637        -1.05269
       -0.010989        0.115744       -0.580904
      -0.0484257        0.793229        -0.21427
        0.875701        -1.05114         1.24206
         1.18356        0.253098        -1.09928
        0.570267       -0.673991         1.17885
       0.0469167         1.17765       0.0167391
         0.52301      -0.0726241         1.03447
        -0.63618       -0.256493         1.16925
         1.08158        0.813374       -0.296217
        0.724614       -0.695631        0.114672
        -0.25035        -1.35969       -0.317633
         1.09737       -0.164187         1.11166
