         1.24199        0.818848         0.60482
         1.09819        -1.20117         1.62462
        0.050717       -0.442605       -0.608771
         1.96146       0.0910154         0.49928
         1.41206        0.174795         1.13409
         2.18231       -0.271181       -0.881912
        -1.17871       -0.256827        0.352127
       -0.129199         0.36609        0.275915
         2.58003       -0.419658        0.119865
        -1.66243        0.699004        0.688092
       -0.373698         -1.9452        -1.17769
        -1.03943       -0.226741       -0.362686
       -0.991562       -0.032826         1.10105
         1.08972        0.577906       0.0672877
        0.572985         1.53897        0.950966
       -0.320688        -1.13386        0.883483
         0.64657         0.83988        0.798356
        0.242016        -1.43589        -0.89136
       -0.318158         1.96282       -0.606981
        0.347124       0.0822198      -0.0593482
       -0.292543       0.0666803        0.476186
        -1.30973         1.50318         1.11322
        0.326901        -1.81394         1.80709
         2.17784        0.182133        0.790086
        -0.90953       -0.499606       -0.834526
        -1.74909        0.260502       -0.411387
       -0.186182        -1.38066       -0.473842
       -0.270957         0.57423     -0.00695026
       -0.707671        -0.81786        0.987647
        -1.30424        -1.17591         0.26396
        -1.08078        0.737648        -1.17615
        -1.77556       -0.297536      -0.0252609
       -0.748173        -1.48571          3.4058
        -1.65735        -1.02272        0.432605
       -0.780012       -0.351002       -0.208636
        -1.49759         1.54001        0.764017
        0.996993        -1.28176        0.658988
        0.289501        -1.48086        0.293034
      -0.0171337        -2.09313       0.0222418
       -0.229106         1.41157        0.290025
         1.10261        0.511709        0.867788
        0.368778         1.43358       -0.973057
       -0.746596          2.3068       -0.852829
       -0.343109        0.439646        -1.47276
        -2.15873        0.743723       -0.562323
         2.35504        0.985348         0.70168
       0.0593524        0.702438        -1.31814
        -0.92329        0.413417        0.332017
       -0.680517         2.74164          0.2677
        0.905399        0.334282        -1.58246
        -1.82519       -0.324008        -1.37358
       -0.902941        0.788785        -1.83977
         1.36264        -2.92952        -3.45238
        0.604716         1.56035       -0.447903
        0.849258       -0.529487        0.416337
        0.032632       -0.301355         1.31355
       0.0315206       -0.162623        -1.09872
        0.323071        0.574372       -0.719896
        -1.14885       -0.650549       -0.719678
        -1.02219         0.24887       -0.124379
       -0.494131         1.69336         1.04088
         1.04735       -0.349141        -1.05222
        -1.46544      -0.0331315        -1.56375
        -0.16027        -1.22575       -0.372514
       -0.389906        -1.08576         1.53629
        0.116262       -0.850929        -1.26923
        0.434696        -1.76625       -0.955745
        0.434519            1.17        -1.42147
       -0.966733      -0.0539039       -0.835815
        -1.37553         0.16877        0.201033
       -0.843785       -0.428405        0.641866
        -0.50837         1.37044        0.877661
        0.468848        0.102463        0.073013
       -0.219443        0.424283         1.41011
        0.348666          1.6511       -0.269998
       -0.478254        -1.03872       -0.461438
         1.28764        -1.53515         1.20382
       -0.232455        -1.34361        0.259809
         1.75172         2.26125        0.439852
        0.871086        0.636112       -0.429671
        -1.34249       -0.427331        -1.12477
        0.496491       -0.406415       -0.474598
        0.732486       -0.572425       -0.503221
       -0.229253       -0.698066     -0.00842347
       -0.139121       -0.394631        0.555062
        -1.36909       -0.261596       -0.308923
        0.870833         0.59046         0.23898
       -0.945763         1.40276       -0.810473
        -1.24774         1.37639       -0.139813
        -1.10293        -1.52054        0.872545
        0.684287       -0.506343        -1.09312
        0.855112       -0.364679         2.06635
        0.620543       -0.612749       -0.471391
       -0.533516         1.22086        0.267963
         1.87753         1.16571       -0.990946
       -0.115248        0.369067         -1.2923
      -0.0134903        0.142089       -0.713128
      -0.0594482        0.973781       -0.263042
         1.07502        -1.29039         1.52478
         1.45296        0.310707         -1.3495
        0.700069       -0.827403         1.44718
       0.0575958         1.44571       0.0205492
        0.642056      -0.0891546         1.26993
       -0.780985       -0.314876          1.4354
         1.32777        0.998511       -0.363641
        0.889549       -0.853968        0.140773
       -0.307334        -1.66918       -0.389931
         1.34715       -0.201559         1.36469
