         1.63735       -0.939948         1.10997
       -0.206661        0.553092        0.381185
        0.157373        0.751325        -1.15477
       -0.671917        0.576958       -0.218652
         1.19614       -0.574856        -0.66355
         1.19437       -0.351413       -0.567618
        -1.60104         1.72044        0.343216
        0.128881       -0.309402       -0.700032
         1.26803        -1.14642         -0.4527
        0.609935         1.32738         1.78653
       0.0286108        -1.52712        0.516362
       -0.820981       -0.286104       -0.866418
        0.603206       -0.412135        0.616087
        -1.27683        -0.51376        0.760433
        0.792643       -0.279235        0.249965
         -2.1703         1.02867       -0.852355
       -0.757187         1.88967       -0.635187
      0.00496393       -0.313454         2.36534
        0.833401         -1.0445        -1.00814
        0.792698        -2.31547        -1.06824
        0.878867      0.00269193      -0.0493415
      -0.0430287        0.269037       0.0453118
        0.641084      0.00901722       -0.213505
        -2.74254      -0.0337365       0.0583592
          2.1268        -1.58654       0.0114145
       -0.839484       -0.601867        0.593543
      -0.0894164        -1.82203       -0.582748
        -1.30048       -0.198019       -0.132494
        -1.21703         1.86001        0.295185
        0.768192      -0.0160856        -1.52096
       -0.607094        0.227367         1.23975
         2.25059        -1.64759       -0.552847
        0.563795        -1.68501         0.11993
        0.361998         0.17758       -0.232676
        -0.97308        0.971749         1.62545
       -0.721457        -2.23866        0.221186
        0.792608         2.28219        -1.52367
       -0.743094       -0.973052        0.909617
        0.303488        0.402616        0.405313
        -1.42106         -1.0191         1.05824
        0.186836        0.260655         1.04838
        -3.14691      0.00568237       -0.426222
       -0.154915       -0.524671       0.0143836
       -0.824991       -0.296684        -2.18894
       -0.472939       -0.908764         2.44636
         0.25952        0.845007        0.362203
       0.0353909         1.11141      -0.0481721
        0.382191       -0.513434       -0.275386
        0.519254         1.19405      -0.0215012
       -0.852791        0.745395        -1.02909
       -0.567183         0.49289       -0.199312
        -0.79246       -0.909491      -0.0618385
         1.33787        0.490613        0.760197
        0.812249        0.467725        -0.89144
       -0.407885         1.93565        0.737283
       -0.163182        0.658284       -0.242496
        -1.30606       -0.771272       -0.655786
          1.4757         1.09831        0.157872
        0.744542        0.276241       -0.953754
       -0.337334         -0.1597         1.05111
       -0.719267       -0.399192        -1.83509
          1.4114       -0.646626       0.0231835
        -1.09404         1.60915        0.224794
        0.571134       -0.907036        -1.21268
       -0.255579       -0.280109         1.10713
        0.601324        0.343036        0.152471
        -1.76024         1.41406       0.0662642
        -1.43961         1.51976        -1.49769
         -1.5049        -1.29015        -1.18621
        0.388226         1.18656         1.00914
         0.49685        0.748295       -0.406198
         0.31595        -1.10556         1.05451
        0.154505         2.49511        -1.91448
        -1.47389       -0.897808       -0.765118
        0.420083       -0.136882         0.65285
         2.35079        -2.07641          1.8963
      -0.0040928        0.584266         2.89201
        -1.07746       -0.388133       -0.993418
        -1.83182        0.221349         -0.2399
        -1.02041         1.63757        0.219353
       -0.971016        -1.60305         1.04403
          1.6378       -0.524049      -0.0650685
     -0.00318602        0.470654       -0.711582
        0.384424       -0.413755        0.283049
       -0.262834         1.27055       -0.867701
        0.265109        0.342641       0.0227659
          1.0026        0.724088       -0.966425
       -0.341732        -1.00419        0.691738
        0.602014        0.135416        -1.57818
        0.260159        -1.24491        0.157597
        0.297486        0.387612         -0.3638
         1.20481     -0.00397062         1.29472
         1.93992       -0.994172       -0.188782
        0.998575       -0.729425       -0.451375
       -0.792612         1.61941       -0.241302
        -0.57186        -0.39247        0.292039
       -0.145739         0.82813         -1.5373
         0.83139       -0.789561         1.14437
          1.7842       -0.681867        0.531794
         2.00755      -0.0586467        0.711904
       -0.768586        0.080592        0.631122
          1.2811       -0.913841       -0.424182
       -0.227819         1.83091      -0.0815769
        -2.65186       -0.331084        0.990092
         1.46718          1.6891        0.518529
         0.90529      -0.0847917         -1.4077
         -2.0046        0.600908         1.48479
        0.884081        -1.55364        -1.46113
