        0.196302       0.0465843       -0.473559
       -0.877451        -1.42867       0.0830676
        0.400596        0.221288       -0.760385
       -0.184201       -0.434831       0.0925309
       0.0267221        -1.20273       -0.510102
        0.991839       -0.805422        -1.34075
        -1.31522        0.326736        -2.39627
       0.0645567       -0.698518       -0.996319
         1.39272       -0.282736        0.476473
       -0.171225        -0.15813        0.399903
         1.51723       -0.689589        -1.03133
       -0.709734          1.4963          1.5791
        0.300434       -0.224539         0.78621
      -0.0509438         1.11633        -1.01097
        0.434204       0.0194889      -0.0699158
        -1.20617        0.416576         1.55934
        0.657479       -0.476538          1.4745
       -0.956717       -0.239754        0.970459
        0.184782        0.154976        0.129022
        0.536543        -1.54381        0.232031
       -0.161756       -0.271142       -0.695694
        0.710828        -0.29051        0.580241
        0.653738        0.145337       -0.542421
        -1.11084         0.79186        0.585282
         1.01886        0.690126       -0.188207
      -0.0569107        0.470473         1.27208
        0.565173        0.428124         1.16229
       -0.453054        0.516932         1.07777
          2.1154         2.91923        0.969467
         1.23809         1.06492        0.796917
        0.848238       0.0665209        -0.24178
        0.804466        -1.73084         1.06674
        0.594915        0.422306       -0.761029
        -1.08515     -0.00063946        -0.93239
        0.125528        0.657324      -0.0307082
       0.0496007        0.913757        -1.28099
       -0.649341        -1.12542        0.332342
      -0.0764502         1.01642       -0.601634
         3.51139        0.157963       0.0981071
        -1.15646        -1.02683        -1.08022
       -0.784473       -0.137286       -0.299736
       -0.188273        0.998886       -0.641376
       -0.906258        0.243701        0.994193
         1.06369       -0.134631        -1.00558
        -1.03422        0.533279        0.803972
        -1.30838        0.326959        -1.37332
        -0.26618          2.2274       -0.959981
        -1.02627       -0.987901        0.890463
         1.05469      0.00312583        0.250994
        0.862709       -0.378569       0.0184231
       -0.613616      -0.0487835        0.031319
        0.595908       -0.759239         1.01241
       -0.165937         0.96354         1.40709
         1.71509        0.421585        0.733234
        -0.36366        0.068277       -0.734032
        0.899457     -0.00815525        0.141261
         1.18522       -0.526065       -0.410212
        0.194294       -0.995385      -0.0408368
        0.288936         1.23591      -0.0493332
        0.127702        -1.95857       -0.160646
        0.189036          1.3419       0.0564462
        0.782756       -0.557182       -0.699442
          1.1115       -0.130921         1.04217
       -0.967563        0.334821        -0.23934
        0.228284        -1.36549         1.30538
        -1.16781        0.139508         1.71563
       -0.368222        0.994948       -0.821177
       -0.325484       -0.784297         2.34088
      -0.0111911      -0.0444484        0.344572
       -0.636785          0.3495        0.480631
       -0.167083       -0.564161        -0.11617
       -0.356811         1.69625        0.250281
        -2.04247       -0.294424       -0.267011
       -0.368751        -0.65713         1.75115
        0.879683       -0.850533         1.06041
        0.519396        -1.71091        -0.87373
        0.725492         1.03246      -0.0753801
        0.158753        -1.34752        -1.17117
       0.0821547       -0.603788        -1.68273
        -1.19238         0.18804        0.458247
        -2.91475       -0.712075       -0.651821
        0.153808      0.00784957       -0.287196
       -0.673477       -0.899157        0.296701
        -2.76587        0.586207       -0.566022
        -1.05543       -0.502226      -0.0709931
       -0.336893       -0.375933        -1.16534
       -0.627535        0.993358        0.160015
       -0.738058       -0.595297         -0.9082
       -0.319027        -2.22386         1.17169
        0.647026       -0.640953        0.643573
        0.819446         1.26273        -1.08694
        0.578684          2.0977        -0.10585
        0.539295         1.14047        -1.72464
      -0.0938783        0.649935       -0.528299
         1.16339         -1.1549         -1.0744
         1.35639        0.720642        -1.32997
        -2.19962       -0.341557         -0.6017
       -0.918613    -0.000514239        0.939842
       -0.731902        0.225575       -0.847777
         1.52344       -0.380514        0.109766
       -0.788945        0.961035       -0.276541
       -0.866041         1.27069         1.94628
        0.804882         1.11209        -1.29873
        0.910497       -0.945595        0.651255
       -0.447362       -0.194997       0.0393316
       -0.344909       -0.549339       -0.497059
        0.671762       -0.383673         1.05451
       -0.467233       -0.811304       -0.238664
