         -1.6232        0.979145        0.424208
        0.756483         1.48466       0.0912926
        -1.29829        0.203213        0.115225
         2.52658        0.166288         1.46338
       -0.914654         2.24702       -0.143624
       -0.557893       -0.108319       0.0459105
         0.64441       -0.849774          1.2168
        -1.11443        0.535731       -0.590646
        -1.24588       -0.544857        -1.76892
         3.42345       0.0878059       -0.262312
        0.772122         1.71751         1.50452
        -0.32592        0.631014       -0.782308
        -1.34358         1.06579         1.39776
       -0.877435         2.66888        -1.07338
        -0.27651        -0.68279       -0.810038
        -1.16793          1.5698        -0.68248
        -1.24184        0.686676        0.352969
       -0.131744       -0.112449           1.142
        0.828215       -0.863437       0.0554446
        -1.48894         1.29229       -0.214197
        0.160978       -0.746015        0.308105
         1.14503        0.567527          -2.119
       -0.976429         0.42204       -0.116909
        0.437173         1.63954       -0.941077
         1.21467       -0.991367        -1.03494
          2.3597      0.00839562         1.27222
       -0.902238        0.399417         1.16168
       -0.531723         1.98655       0.0168069
        -1.29341        -1.59087       -0.499323
       -0.804261       0.0509505        -1.34826
        -1.99241        0.552459        -0.10034
        -0.70201      -0.0946986        0.144495
       -0.881603      -0.0732296       -0.681665
       -0.134759        0.791256        -1.03721
        0.239294       -0.101021         1.30267
         1.77442        -1.08471       -0.772565
        0.924026       -0.895215        0.854427
         1.78196         0.66717         2.37183
       -0.455601        -1.84619         1.08351
        0.938684         2.97817         0.51217
       -0.506561         -1.4826       -0.341454
     -0.00739663       -0.296528         1.43374
        0.267475        -1.45485        0.188769
        0.623247        -1.09309         1.35485
       0.0553642       -0.511585        -1.28888
         1.71102        0.284042        -1.47837
         0.34861         1.58585        0.596901
         -1.9545         2.69278       0.0802741
         1.46971        0.616463        0.156747
        0.995782        -0.50276       -0.336328
       -0.200031         2.04999         -2.3917
      -0.0389829         1.43596        0.641622
        -1.82594        -1.78824        -1.48921
         1.93675       -0.396178        0.628847
         1.42534       -0.389233        0.386639
        0.528636        -1.93762         1.75083
        0.875175        0.299478        0.303332
        0.119605         2.07367       -0.455622
       -0.443824       -0.669192        0.917511
        0.399189        -1.76472       -0.285814
       -0.281407       -0.979528        -2.49752
        0.360289       -0.745883        0.533453
        0.818396        -1.65371        0.608929
        0.582551        0.558399        -1.68012
         0.32233         0.29857        0.333688
        0.250144      -0.0463902       -0.550735
        -1.38698       0.0897237        -1.86742
       -0.249032        0.824714        0.652386
          1.3359        0.286453         1.85005
        -1.20309       -0.595983       0.0299192
       -0.326409        0.762658        0.678711
       -0.531469       -0.740332        0.421483
        0.630621        0.859643       0.0964593
       -0.374293        0.149139        0.708807
        0.992644         1.05436        0.098769
        -0.84583        0.623925        -1.34978
       -0.725175       -0.915042        -1.72216
        -2.14351       -0.499734        -1.18602
       -0.207981        -1.21518        0.619438
        0.316196       -0.338767       -0.128752
         1.50932        -0.98356         -1.1101
       -0.151704        -1.27574        0.438622
       -0.610199        0.135374       0.0481535
       0.0829974        0.918433       -0.836133
        0.303479      -0.0168958        0.453242
          1.2412       -0.132932       -0.404334
        -1.22125        0.541951        0.551366
        0.623723        -1.26346        -1.10829
       0.0143012       -0.618516        0.617554
       -0.496578       -0.748077       -0.318479
       -0.127137        -1.03008        0.926732
       -0.546753        -1.48992         2.35439
       -0.622684       -0.590656         1.00043
        0.923606        0.644394         0.15695
        -1.82872        -1.11619         1.83752
        0.994975         1.50574         0.99517
       0.0169897        -0.32138        0.851973
        0.374381        -1.00812       -0.628066
         1.21481        -1.19437       -0.826024
        -1.35399        0.971409        0.567981
       -0.620131         -1.8034        -2.67511
        0.949169          3.1651       0.0608732
         1.75947        -1.61744        -1.05256
        -1.67835          -1.278      -0.0926007
       -0.332657        0.186497        0.150663
       -0.238063      -0.0132113         1.78381
       -0.565081        -2.97501        -1.97499
        -0.37221       0.0650704        0.350783
