        0.653192        0.505334       -0.107106
       -0.478064         1.40997        0.545145
        0.182667        0.528028       -0.601317
       -0.642389       -0.390369       -0.760758
        0.301807       0.0749663        -1.42959
        0.288552        0.534764        0.467521
       -0.382906       -0.544625        0.440352
          1.3761        -1.41235         1.08479
         1.00765        -1.29583       -0.800951
       -0.414341       -0.655612        -1.18489
      -0.0942179         1.62145       -0.668084
        -1.08964       -0.680925       -0.610693
        -2.30485       -0.732825       -0.516184
        -0.24324        -1.11603          1.0219
       -0.557574        0.969355        0.226092
        0.147105        0.501066       -0.730621
       -0.288006         1.88082        0.183009
        0.516035        -1.15829        0.121006
         1.69189        0.274598        0.234761
         1.30537        -1.75793        0.375042
      -0.0362661       -0.804042        0.290975
        0.884188        -1.61725        0.935272
      -0.0663463        0.285139       -0.161217
       -0.710067        0.491364       -0.931995
        0.544203         0.99583       -0.260965
         1.09382        0.962858       -0.264859
        -1.22307        0.697403       -0.098741
        0.105804        -2.83676       -0.190194
       -0.240343        -1.01934        -1.54107
        0.133354         1.01469       -0.364442
         1.85214         1.18004        -0.41414
        0.121674        0.686041       -0.720864
       -0.667817        -0.40093         0.46442
         1.34237        0.991824        0.204375
         1.82546       -0.900281        -1.02562
         0.25395        -1.52787         2.73285
        0.477576        0.706101       0.0242317
       -0.876532        0.759441       -0.224242
       -0.492673       -0.519168        0.196438
      -0.0296052         -1.0059        -1.08709
        -1.94458        0.930436       -0.954751
      -0.0700369       -0.789615         0.36058
        0.768287       -0.214234       0.0442698
        0.772521        -0.04867     -0.00785676
       -0.429426     -0.00694509         1.73894
       0.0667102       -0.267083       -0.532883
        -1.02176       -0.771954       0.0629474
        -1.14893         1.12425      -0.0197504
       -0.256436        -0.62782       0.0261935
         1.05533         1.10674        0.441927
       0.0678516         0.30422        0.115745
       -0.195153         1.48436       -0.370676
       -0.630461         1.19055         1.23522
       -0.531987        0.661231       -0.650627
        -1.31613       -0.683928        -1.64336
        0.613504        0.840719       -0.551977
       -0.132707       -0.617314         2.35674
       -0.402476       -0.698629         1.35533
         1.40054       -0.881688        -1.88186
        -1.02088        0.581838        0.698261
        0.987567       -0.511765        -1.13565
       -0.741679         1.63464        -1.25718
      -0.0578568         1.41554        0.680822
       -0.438433        -0.51787         1.71731
        0.358888        -0.39441        -1.30663
        0.113674        0.267699        0.505857
       -0.377693       -0.304094       -0.221053
        -1.13964         0.97326       -0.141436
         1.37144        0.160703       -0.837913
       -0.727293        -2.11417         0.11627
       0.0781762         1.34782       -0.366686
        -0.86547         1.79251       -0.818508
        0.025999        0.369918       -0.632047
        -0.63729       -0.379559       0.0165211
        0.258642        0.436588       -0.200945
        -1.52845        0.215128         1.03409
       -0.181909       -0.136369        -1.71498
        0.954383         1.20351         0.71613
        -2.57604       0.0491448        0.638645
        -0.52321        -0.39627        -1.27954
        0.981117          1.2677        0.386624
       -0.421653        0.755497        -0.36489
       -0.855213       -0.414997         0.24562
        0.112002        -1.30269         1.57098
       -0.798666       -0.146287        0.729756
       -0.307863       -0.393721        0.860704
         1.16938       -0.377308      -0.0386949
     0.000399257          1.6733      -0.0681362
       -0.365375      0.00680112        -0.76629
         1.60682         1.26036         1.17507
       -0.877368       -0.765049        0.129374
        -0.45515        0.507907         1.63425
        0.727834       -0.927469        0.824701
        -1.04302       -0.607418         2.62871
         1.41081       -0.295748       -0.301729
        -1.01445       -0.788771       -0.683494
         1.27857       -0.234101         1.11965
        0.520734        0.126425     -0.00381785
         1.29281        -2.04207        0.586965
       -0.718229       -0.553505        -2.10377
        0.520838        0.532424         0.90858
        0.406306        -2.27077       -0.385306
         1.15816        0.504238        0.344891
        0.493962       -0.220937        -1.22725
        -1.52049        0.653921       -0.495242
       -0.318453        0.229618        0.269567
         1.93743         1.21505         1.66129
       -0.185802        -1.81555       -0.826138
