         1.32619        0.874362        0.645824
         1.17264        -1.28261         1.73476
       0.0541553       -0.472612       -0.650043
         2.09443       0.0971858        0.533129
         1.50779        0.186645         1.21098
         2.33026       -0.289566       -0.941701
        -1.25862       -0.274239           0.376
       -0.137958        0.390909         0.29462
         2.75494       -0.448109        0.127991
        -1.77513        0.746393        0.734741
       -0.399033        -2.07708        -1.25753
         -1.1099       -0.242113       -0.387274
        -1.05879      -0.0350515          1.1757
          1.1636        0.617085       0.0718495
         0.61183          1.6433         1.01544
        -0.34243        -1.21073        0.943379
        0.690404         0.89682        0.852481
        0.258424        -1.53323        -0.95179
       -0.339728         2.09589       -0.648131
        0.370657        0.087794      -0.0633717
       -0.312376       0.0712009        0.508469
        -1.39852         1.60509         1.18869
        0.349063        -1.93692         1.92961
         2.32548        0.194481         0.84365
       -0.971191       -0.533477       -0.891103
        -1.86767        0.278163       -0.439277
       -0.198805        -1.47426       -0.505966
       -0.289327         0.61316     -0.00742145
       -0.755648       -0.873307         1.05461
        -1.39266        -1.25563        0.281855
        -1.15406        0.787657        -1.25589
        -1.89593       -0.317707      -0.0269735
       -0.798896        -1.58644          3.6367
        -1.76971        -1.09206        0.461934
       -0.832893       -0.374799       -0.222781
        -1.59912         1.64441        0.815814
         1.06458        -1.36866        0.703665
        0.309127        -1.58125          0.3129
      -0.0182953        -2.23504       0.0237497
       -0.244639         1.50726        0.309687
         1.17736          0.5464         0.92662
         0.39378         1.53077        -1.03903
       -0.797212         2.46319       -0.910647
        -0.36637        0.469452        -1.57261
        -2.30508        0.794144       -0.600446
          2.5147         1.05215        0.749251
       0.0633762         0.75006        -1.40751
       -0.985884        0.441445        0.354526
       -0.726653         2.92751        0.285849
        0.966781        0.356945        -1.68975
        -1.94893       -0.345974         -1.4667
       -0.964157        0.842261         -1.9645
         1.45502        -3.12813        -3.68644
        0.645713         1.66613       -0.478268
        0.906834       -0.565384        0.444563
       0.0348443       -0.321786          1.4026
       0.0336576       -0.173648        -1.17321
        0.344974        0.613312       -0.768702
        -1.22674       -0.694653       -0.768469
        -1.09149        0.265742       -0.132811
       -0.527631         1.80816         1.11144
         1.11836       -0.372811        -1.12356
        -1.56479      -0.0353776        -1.66977
       -0.171135        -1.30884       -0.397768
        -0.41634        -1.15936         1.64044
        0.124144       -0.908618        -1.35528
        0.464166        -1.88599        -1.02054
        0.463977         1.24932        -1.51784
        -1.03227      -0.0575583       -0.892479
        -1.46879        0.180211        0.214662
       -0.900989       -0.457448        0.685382
       -0.542835         1.46335        0.937162
        0.500633        0.109409        0.077963
        -0.23432        0.453048         1.50571
        0.372304         1.76303       -0.288302
       -0.510678        -1.10914       -0.492721
         1.37494        -1.63923         1.28544
       -0.248214         -1.4347        0.277423
         1.87047         2.41455        0.469671
        0.930141        0.679237       -0.458801
        -1.43351       -0.456302        -1.20102
        0.530151       -0.433968       -0.506773
        0.782145       -0.611233       -0.537337
       -0.244795       -0.745392     -0.00899454
       -0.148552       -0.421385        0.592693
        -1.46191       -0.279331       -0.329867
        0.929871        0.630491        0.255181
        -1.00988         1.49786        -0.86542
        -1.33233         1.46971       -0.149291
         -1.1777        -1.62363        0.931699
        0.730678       -0.540671        -1.16723
        0.913085       -0.389403         2.20644
        0.662613       -0.654291       -0.503349
       -0.569686         1.30363        0.286129
         2.00482         1.24474        -1.05813
       -0.123061        0.394088        -1.37991
      -0.0144048        0.151722       -0.761475
      -0.0634785          1.0398       -0.280875
         1.14791        -1.37787         1.62815
         1.55147        0.331772        -1.44099
        0.747531       -0.883497         1.54529
       0.0615005         1.54372       0.0219423
        0.685584      -0.0951988         1.35603
       -0.833933       -0.336223         1.53271
         1.41778         1.06621       -0.388294
        0.949856       -0.911863        0.150317
        -0.32817        -1.78234       -0.416367
         1.43849       -0.215223         1.45721
