        -1.65555        0.951336         1.04516
        -1.01382        0.258049         1.16425
        -1.59684         1.21309        0.976715
        -1.42105       -0.749257        -0.54328
         -1.0278        0.845266         2.53729
        -2.43667        0.739877        -1.12877
        0.435877         -2.7538         1.85242
         1.24977       -0.291794         1.22518
       -0.991342        -1.97717         1.00111
       -0.113655        0.614811        0.947071
       0.0714744       -0.898573       -0.345901
       -0.771335        0.703909        -0.35093
         1.01223        -2.45098      0.00729108
       0.0372883         1.15304       -0.278112
         1.72348        0.847986        0.441528
         1.61938       -0.772319       -0.778997
        -1.15591         1.24794         -1.5093
         1.49677       -0.704507       -0.275935
       -0.744316       -0.171963       -0.822044
         1.12462        0.446717        -1.18081
       -0.194651        0.703715        -1.36522
        0.115063        -0.76176        0.637565
        0.910596        0.503902       -0.641229
       -0.958872         0.25927       0.0501393
         1.54559        -0.17794       -0.265858
        -1.27582        0.713497         -1.7861
        -1.74291       0.0166703        0.303467
       -0.280935        0.794272        -0.13708
        -1.48551        -0.19875        0.404879
       -0.100066       -0.685975        -1.35936
        0.471463       -0.219657        -1.02312
        -1.12302         1.52287        -1.27451
       -0.191804       -0.068993        -1.40501
       -0.951645        0.202402         -1.2482
        0.155672       -0.649936         0.24376
        -1.93079         1.30778        0.257646
        -1.56005        0.122762        -1.53799
        -1.18025        -0.78856       -0.789926
        -1.21561         0.35977       -0.275436
       -0.722418        0.685543       -0.306053
        0.719558       -0.387679        0.481718
        0.913008        0.272477         2.66717
         1.44569        -2.33151         -1.2104
         2.34301        0.649622         1.12956
        0.889381       -0.979114      -0.0533371
        -1.89855       0.0196573        0.510801
         1.01091       -0.726292        -1.16293
         1.10076       -0.799366        -1.08298
       -0.739768         1.90913       -0.313493
        0.756135       -0.111777         1.18822
       -0.821312         1.62691        0.800999
      -0.0628693        0.534488       -0.693359
        0.394137       -0.877137       -0.792017
        0.826492       0.0569038       -0.745799
        0.648178         1.48583     -0.00239322
         -1.6558        -1.28734         -1.4471
        -1.58087        -0.91352        0.418258
        0.578592         -0.6224       -0.384833
         1.26452        0.761308          1.5365
        0.725374       -0.785713        -1.48676
       -0.260524      -0.0892415        -0.78168
         1.63865       -0.905055       -0.237993
        0.461178         0.69778       -0.436624
         1.83099        0.613063          0.5151
        -0.61269         1.22188         1.60225
        0.895558      -0.0878547        -2.63638
        0.107822        -1.23365        0.747439
        0.576509        0.292935         1.28278
         0.40365        0.728925         2.02931
       0.0737221        0.307004        0.795338
        0.443879        0.111752        -1.18495
         2.33675         -2.0286        0.941769
        0.179843      -0.0144311        0.731729
          1.2317         0.27989       -0.810067
         -1.2985        0.618674        -1.79987
         2.06458         2.31387       0.0381721
       -0.472066        -1.29286        -0.12265
         1.18632        0.983286          1.1214
         1.28873        0.739306        0.630421
        0.881097       -0.764033         0.30068
        0.876693        0.944943         1.14489
        -1.34288        0.387736       0.0976892
        0.958799        0.511468        0.399917
        0.135042        -1.74721        -2.03991
        -1.59658         1.25187        -1.35645
       -0.713367       -0.192678        0.845648
        -1.04922         2.06171        -1.01979
        -1.28076         1.63472        -1.20453
        -0.51894        -1.50711        0.200839
       -0.133854       -0.922368         1.55984
         1.05001         1.31115       -0.305857
         1.09687       0.0940398       -0.274657
         1.03023       -0.758833        -0.25563
        0.478205          0.6013       -0.155958
        0.219917        -1.01284        0.830219
        -1.65195        -1.72413      -0.0630073
        -1.56398        0.672434         1.21528
       -0.607287        -0.72753         1.12753
        -1.51164          1.3765       -0.133134
        -0.63522        -2.08299        -1.12563
         1.99587      -0.0865283        -1.19976
         0.70263        0.250095        0.575521
       -0.641086        -1.01325          1.4605
         1.86947        0.321224         1.73481
         2.23457         1.16564         1.34198
        -1.60244       -0.281834         2.64401
        -1.57231       -0.692208       -0.742875
       -0.167209        -1.71497        0.148239
