        -0.29898         1.77541          1.0013
        0.945438       -0.425609         0.33602
         0.85017         1.02287         0.47191
      -0.0986367         1.22418       -0.299671
        -1.35503         -2.4374          1.1735
          0.6283          1.2993      -0.0480211
        0.258358       -0.450662        -1.69344
        -1.02512        0.511124       -0.399138
        0.529622        0.586351       -0.708771
        -1.09512       -0.127244      -0.0112895
         1.33226       -0.365032        0.212825
        0.261781         1.06494       -0.544108
       0.0642773        0.908481         2.07734
        0.283104         1.10061         1.16141
        -0.74863        -1.74135       -0.880836
       -0.606551        0.520141        -1.31256
        0.125317        0.485613        0.283407
          1.5895        0.604823       0.0846932
      -0.0582496       -0.143009        0.727539
       -0.179963        0.555509         1.12508
       -0.484298       -0.281111         0.17792
       -0.418866       -0.382719        0.828093
        0.108832        -1.06792         1.38459
       -0.648818         2.76341      -0.0988259
        0.302036        0.496957        0.321098
        0.297261        -1.03683       -0.349782
        -1.87412        -1.21033        0.605177
       -0.874089        0.587012       -0.456507
        0.895343        0.881621         1.90298
       -0.807055         1.28857        -0.94709
         2.31015          1.5565        -1.17507
       -0.136964        0.530055       -0.938042
        0.334373        -1.48505        -2.56914
       -0.639924        -1.73649         -0.2213
       -0.721385       -0.253023          1.7745
         1.38337        -2.03602       -0.612362
        0.615064       -0.974872        -1.33381
       -0.349485         0.60524        -0.52692
        0.477944       -0.265948       -0.412692
          -1.223        0.756684      -0.0941887
       -0.999012         -0.7909        -1.27643
         0.64417         1.49028        0.298967
       -0.859902         0.20733        -2.74983
      -0.0978539        -3.76534        -0.21891
      -0.0348887       0.0382237        0.805907
        0.275917        -1.28652        -2.53309
       -0.217265        -2.33147         2.52571
       -0.529158         1.30991         1.01649
        -1.01755         1.46873       -0.554136
        0.255229      -0.0885021       -0.865437
        -1.78002        0.651669          1.4685
        0.805567        0.528026       -0.184154
        0.212227       -0.856256       -0.134892
        -0.81142         0.59933          0.6752
       -0.432366        0.955988       -0.501185
         1.52985         -2.2804         1.79506
        0.777393       -0.982465        0.821405
       0.0895503       -0.255844       -0.681489
        -1.51177        -1.82526         2.19605
        0.157545        0.105975        -1.12352
       -0.819013       -0.332426        0.877041
        0.579678        -1.17112        0.750336
        0.452787       -0.650475         1.05356
       -0.380248       -0.446809        0.570755
        0.286996       -0.304354         2.84302
       -0.175381      -0.0225032        0.375592
        0.299406      -0.0271575         1.00273
       -0.956585        0.661971       -0.248665
       -0.141381       -0.207707         1.00662
        -1.51936      -0.0206914       -0.640096
       -0.154981       -0.400409        0.552261
       -0.622025         1.10904        0.459125
       -0.578904         1.72239      -0.0561197
         2.21449       -0.928139         2.07785
         1.06159        0.560973        -1.18062
         1.63537        0.323612        0.511761
        0.741608         1.26254       -0.795183
        0.185457         1.08097        -1.79233
        -1.21259       -0.150254        -2.40063
       0.0180027      -0.0178239       -0.990327
          1.2379        -0.19184     -0.00662126
          1.4211        0.273756         1.77272
       -0.279262         -1.4403         2.33898
       -0.761717       -0.509468       -0.562125
      -0.0616792        0.480079        -1.22755
        0.109658       -0.395256        -2.32759
         2.26311        0.315888       -0.287326
       -0.493124        -2.23222       -0.371536
          1.7347         2.30897         1.26654
        -1.68798       -0.141763        0.900953
        0.132618        0.619367       -0.228474
       -0.707844        0.186612        0.365171
        0.461272        -1.47643       -0.314363
         1.25208       -0.273547       -0.810731
        0.561186        0.284238         1.11165
        -1.21425         1.82199        -2.54291
        0.561405        0.863503          1.1018
         0.25899        -1.13328        -1.42442
         1.55714          1.2567         2.38356
       -0.606019        0.570317        0.496705
        -1.06737       -0.712942       -0.785968
       -0.628146        0.399558        -1.59541
         2.48065       0.0803628       -0.796592
         0.47575       0.0105005        0.230785
       -0.463031         0.99052       -0.501488
        -2.05159        -1.25708        -2.40343
        -1.69506         1.00175        0.537166
       -0.109824        -1.33891        -1.09222
