        0.194539         1.18093        0.737792
      -0.0104889     -0.00602551       -0.257389
         0.47664         0.18535        -2.18873
        0.563936       -0.543018        0.541186
       0.0562504     -0.00398335        -2.08986
        0.516302       -0.454608       -0.900608
       -0.094565       -0.732594         1.31731
         1.45481       -0.215983        0.677566
        -1.34829        -2.48978       -0.885647
       -0.742295         2.72053         1.56659
         1.64749       -0.319625       -0.785752
        -2.31785        -1.05819         -1.0756
         0.53761        0.500528         1.17459
         1.59361        -1.06521         0.69018
       -0.993652        0.283013        -1.30721
        -1.71951       -0.110999         1.26338
        0.387968          2.2495        -1.38711
       -0.239785         1.66922         -1.4724
        0.477958       -0.370175       -0.291566
       0.0594473        0.947291         -1.3014
        0.539153       -0.755414        -1.24477
         1.12206         1.30341       -0.571533
        0.130756         1.28087        0.575987
        -1.75684        -1.94477         4.08963
        0.857278       -0.470419        0.311645
          2.2821         1.28623        0.177123
        0.957665        -1.55539         1.11755
        0.457081       -0.816522       -0.628298
        0.200934        0.505603       -0.750992
        -1.36915         1.36257        0.801712
      -0.0820256       -0.499843        0.540291
        -1.18194        0.900768        0.448685
         1.09853        -1.84376        -1.47549
       -0.263161        -2.20254        0.381604
        -1.11768         -1.2687     -0.00563798
          1.6545       -0.484832        0.326255
        0.327967       -0.581758        0.497282
      -0.0191243        -1.78623        0.964242
          1.4933       0.0750465         2.26723
       -0.171351          1.6214         0.66662
       -0.571175        0.717113       -0.475797
        -1.41241        0.809564       -0.683276
         1.91861       -0.555258         1.91425
          1.1562        0.657995         1.63431
        0.519203        0.505591         1.84658
        0.610708       -0.338138        0.638357
        -2.08822       -0.036178        0.067643
        0.821961        0.935441        0.238652
        -1.43414         2.01542        -1.36339
        0.915426       0.0896269        0.334526
        -1.40049        -1.06309        0.964258
         1.19513        0.119891        -1.78176
        0.386189        -2.25888       0.0911472
        0.873602        0.558422        -1.61907
         1.32052        0.191784        -1.19963
       -0.225553        0.283692         1.97517
        -1.13989        0.285383        -2.17093
        0.690517       -0.446651       -0.598123
       -0.272845         0.12358         1.46911
       -0.767622        -1.34004        -2.13948
         -2.0266        -1.69954       0.0423183
        0.989486        -1.42503        0.317845
        -1.16524         1.08561        -1.00789
          0.2198      -0.0641357        -1.86993
       -0.373504       -0.945793         1.76285
       -0.937037        -1.40831         1.01751
        -1.46206        -1.65362        -1.82863
        -0.83915         2.02152       -0.546725
       -0.717339        0.412887         1.08756
        -1.24752       0.0876879       -0.105987
        0.625834       0.0798351          1.2998
       -0.630735        0.463526         -1.1243
          1.5932       -0.680251       -0.113579
      -0.0916216        0.717046         1.53068
       -0.133576         2.18385        -1.36908
       -0.847764       -0.406182        -1.41115
        0.214534       -0.971344       -0.533142
       -0.458031         1.02771         1.10681
        0.685079       -0.313494       -0.269765
       -0.721162       0.0907954       -0.837482
       -0.852712        -2.40911         1.00809
         1.39862       -0.312656      -0.0993838
         1.40194         0.11096        -1.45728
       -0.642588        -1.03988       0.0418336
       -0.615442         1.07908        0.793023
      -0.0958993           0.729        0.520558
        0.918095        0.218348       -0.159949
        0.112179         2.51359       -0.620644
        0.986517         0.16703        -1.03557
         1.30683        -1.66901       0.0682803
        -2.96578       -0.718567         1.97259
        -1.97288       -0.877241       -0.978385
         1.39177        0.962713        0.276983
      -0.0910212         1.82795        -1.03288
       -0.437256       -0.578087        -1.47386
         1.35136        0.598321         1.42955
        -1.72309         1.21158         -0.9053
       0.0705402        0.109834       -0.151485
        -1.37854        -0.28441        0.195891
        0.268907       -0.127281        0.656922
        0.494452       -0.797053        0.290635
         1.64523         1.71204         -1.9132
       -0.321557        0.582628        -1.86246
          1.6149         -0.1381         1.18437
       -0.133629        0.886913         0.27967
        0.202273        0.258204         1.40323
        -1.34121        -1.09399        0.532103
      -0.0244858        0.727266         2.23197
