         1.33544         2.35247       -0.256643
        -1.36496        -1.23903        0.879059
         1.06797       -0.953739        -1.10813
        0.166387       -0.365946       -0.960795
       0.0609712        0.666681       -0.922401
         2.41432         1.07748       -0.451551
         1.73882        0.400547        -1.35862
        -1.70212        0.555492       -0.927342
       -0.277895        0.522595      -0.0694657
      -0.0777564         1.96466         1.12829
         2.03948        0.908846        -1.80062
         1.59695        -2.40381        -1.78754
         1.70545        -1.50667        -1.13622
      -0.0656622       -0.125226       -0.941129
      -0.0310573       -0.101545        0.768284
         -1.6607        0.847068       -0.276582
        0.947464        -1.10913        0.141218
        0.228386        0.314253         1.73489
         1.23903        0.834114    -0.000472128
        -2.17654       -0.414549         1.03017
         -1.3552        0.494316         1.34827
        0.403727       -0.595629           1.305
         2.67862       -0.868227        0.194758
         1.77926        0.878314        -1.74977
       -0.387967       0.0360192         2.08899
       -0.126774        0.558984        0.480598
       -0.182376        0.992023         1.93126
        0.802841         1.25782        -1.56916
         1.60156       -0.129416         1.97349
       -0.748461        0.866507        -2.01935
        -1.26813        -1.75513       -0.941199
       -0.399716        0.467243         0.77612
          1.6252        -2.07688          1.6509
        -1.40049        0.408021       -0.184286
         1.61372       -0.873642        -1.33582
        0.863338        -2.36395        -0.87265
      -0.0878671         2.68893        0.337709
       -0.909235        0.246867        -1.59711
        -1.44001        -0.27448       -0.340263
          0.1728        0.141452       0.0827338
        -1.63988       -0.425667        -1.56741
        -0.90217        -2.38123       -0.548817
        -1.02943        0.208974       -0.392368
       -0.844034       -0.316754         0.60688
        0.529675         1.43631        0.942232
       -0.477109        0.934721        -1.21787
       -0.348287       -0.804074      -0.0887606
        0.253304        0.251788        -1.25317
      0.00108459        0.470272          1.8376
       -0.354297         1.93048        -3.12147
         0.19084         1.42986       -0.177683
       -0.827636       -0.962208        -1.36717
        0.677577        -1.78741         1.31333
         1.56703        -1.06262        0.455216
        -1.37465         0.75667        0.781822
        -1.34971        0.266263        -1.31244
        0.541206         1.27082       -0.247737
       -0.344095          1.0594       -0.859231
         -1.4815        0.740838         -1.6122
        -1.11108         1.55979        -1.04674
         1.83766        0.866302         1.30028
        0.724167        0.624698        -1.25347
        -1.00132       -0.474977         0.58513
        -2.22109       -0.548692         1.48053
        0.695773        0.100514         1.76605
        -1.55367      -0.0207793        0.360349
         1.80681        -1.13704       -0.375078
        -2.05675        -1.77082       -0.137441
         1.57654        -1.63346        0.107121
        0.497427       -0.688389       0.0231234
      -0.0065308        0.332665         2.05817
        0.950777         1.52638         1.46889
       -0.597475        -0.94431       -0.544827
       -0.307472       -0.776372       -0.206491
        0.485703       0.0942504       -0.619571
          0.5025       -0.263602        0.732318
       0.0720425      -0.0861892        0.929385
       -0.149255       -0.624847       -0.823728
        -1.29085       -0.454312        0.242926
       -0.708777         1.67993       -0.824345
        0.275204       -0.325818        0.302272
        0.553876        -2.75455        0.642968
         1.66262       -0.568365       -0.341515
       -0.842967        0.883406        0.793399
        0.414769        -1.31052         1.03734
       -0.955995       -0.230244        -1.83635
        0.996948        -1.36998        0.413448
         1.17312       -0.422864        0.221498
       -0.838111        0.820533       -0.391874
        -1.24064      -0.0436527         1.32445
       -0.777241        0.290845        0.117447
       -0.489146         1.46308       -0.117265
       -0.286326        0.056543         2.36568
       -0.150944       -0.727067         1.19145
        0.384296        -1.49561         1.35554
        -0.98705        0.853631       -0.530021
        -1.81895         2.49845    -0.000251479
       -0.290779       -0.917468        -0.11614
         1.30447        -1.19375       -0.541772
        0.520778          1.1599         0.99866
       -0.183079       -0.882634         1.67917
        -0.13481        0.592097        -1.12832
         1.83028         1.91373       -0.920478
         2.03481        0.254584       -0.652524
        -1.07821        0.540119         1.05206
         0.22379        -1.44591       -0.179739
        -1.05343       -0.447203        0.781279
        -1.59914        0.107838       -0.158369
