         1.90112      -0.0432711       -0.892039
        -1.43904        0.327388       -0.416171
        0.908174        0.710474         0.34065
       -0.714599        0.963999        0.174538
        -0.62728          1.0463        0.911778
        0.911884        0.109792        0.619987
        -2.64345        0.123152       -0.185511
       -0.480688       -0.498356        -1.36722
        0.836799      0.00724683      -0.0238739
        -0.16925        0.645402       -0.968357
        0.497843        0.400311         1.19392
        0.288138     -0.00877707        0.381948
         1.14283        0.846228         1.04521
         1.59828        0.538474        -0.46859
        0.204856       -0.399248        0.284094
        0.675483       -0.518326        0.250139
        -2.14654      -0.0213887      -0.0442241
     -0.00861992       -0.108823         0.85662
       -0.524643       0.0815832         1.26087
        0.201001        -1.36365        0.231106
        0.915719         1.42741        0.251666
        -1.36214       -0.196505         2.06554
        -1.77748        -0.35987         1.29634
        0.726371        0.616764       -0.959097
       -0.678214        -1.17167       -0.869433
         0.82112       0.0382969       -0.814696
        0.307574       -0.268069       -0.636539
         1.41487      -0.0436972       -0.452104
        0.701846        0.518827       -0.152284
         1.02947        -1.43801       -0.273952
        0.740098        -0.54555        0.496941
         2.72493       -0.758385       -0.130442
         -1.0879        0.901418       -0.404732
       -0.507278       -0.309738        0.554117
      -0.0970929       -0.357456         1.22308
       -0.406814        0.318627       -0.745318
        -1.47927        -1.59449        0.852391
        0.233749      -0.0941819       -0.180564
        0.543383        0.352258        0.776317
         1.11513        0.592996         1.91742
        0.632946       -0.133911       -0.145708
        0.263665        0.810145        0.385111
         0.58379        -1.06731        0.912034
        0.134381       -0.763992        0.245527
       -0.944622        0.931134       -0.237584
         1.77077         1.36822        -2.32963
         1.09644        0.182469         -1.1783
        -1.96924       -0.843866       -0.018074
       -0.849227        -1.67908       -0.819228
       -0.310401        0.715111          1.0141
        0.719363         1.49615        -1.28801
        -1.39051        0.222386       -0.195176
        0.177978         1.34387        0.545158
       -0.311601       -0.426724         -1.1775
        -1.53168         1.37432       0.0702792
        0.569119       -0.947658       0.0308631
         0.58732         1.20533         2.10957
        -1.07402       -0.516057      -0.0919817
        0.750491        0.100012       -0.372918
          1.5517       -0.862899       -0.285827
        0.785644         1.38509         1.22011
       -0.115217        -0.11325         0.16004
       -0.273675        0.934834       -0.175384
        -1.71541       -0.347253       -0.079184
       -0.267901        -1.12209         1.27975
        -1.17876       0.0571261        -1.62237
       -0.573581        0.197666       -0.531507
       -0.455511        0.709002      -0.0928544
        0.370239        0.858299       -0.432138
        0.441995       -0.246104        0.907804
        -1.37395        -1.69397        -1.04438
      -0.0394651       0.0155081         1.08603
          1.1102        -1.02563       -0.893293
        -1.53879       -0.717822        -0.53598
       -0.620939        0.528424        -1.17504
       0.0146873      -0.0860727       -0.333678
         0.49718         1.11478        -1.29298
       0.0292306         0.66656       -0.111826
        0.217835        -1.50232       -0.487323
        0.438271        0.507086        -1.76914
         1.20717       -0.580762         1.06166
        -1.64105        0.239539        -1.33322
       0.0277754         0.86956       -0.192428
        -1.19666       0.0489183        0.282687
      -0.0885489       -0.874777        0.203977
        -2.29799        -1.15096        -1.74264
        0.564891        -1.03144         2.08057
         1.72325        -0.36635       -0.539715
         1.06053       -0.608298        -0.31547
       -0.102938        0.728139       0.0533363
         1.32909       -0.903209        0.337675
      -0.0909175       -0.697213        0.723909
        -0.10401          1.0617        0.158789
        0.460667        -1.16818        0.129976
       0.0374964         2.23243       -0.313436
       -0.355429        0.162084       -0.575665
       -0.859212        0.203118        0.547366
         1.21571        -1.34544        0.318645
       -0.638068        0.313405        -1.95662
        -1.25621       -0.838049        0.728194
        -1.07756      -0.0665403        -0.41345
        0.502581        0.413015         1.26172
         1.28521         1.09502       -0.987042
         1.00448       -0.201319         1.13755
        0.398875         1.39206         1.13958
       -0.775003         -1.6229        -1.78343
        -2.02323        0.519477        0.733837
         1.19001       -0.918013         1.00476
