         1.27634        0.841493        0.621546
         1.12856        -1.23439         1.66955
       0.0521196       -0.454846       -0.625607
          2.0157       0.0935324        0.513088
         1.45111        0.179629         1.16545
         2.24266       -0.278681       -0.906301
         -1.2113        -0.26393        0.361865
       -0.132772        0.376214        0.283545
         2.65138       -0.431264         0.12318
         -1.7084        0.718335        0.707121
       -0.384032          -1.999        -1.21026
        -1.06817       -0.233012       -0.372716
        -1.01898      -0.0337338          1.1315
         1.11986        0.593888       0.0691485
        0.588831         1.58153        0.977265
       -0.329557        -1.16522        0.907916
         0.66445        0.863107        0.820434
        0.248709         -1.4756        -0.91601
       -0.326957          2.0171       -0.623767
        0.356723       0.0844936      -0.0609895
       -0.300633       0.0685244        0.489355
        -1.34595         1.54475         1.14401
        0.335941        -1.86411         1.85707
         2.23806         0.18717        0.811936
       -0.934683       -0.513423       -0.857605
        -1.79746        0.267706       -0.422764
       -0.191331        -1.41884       -0.486946
        -0.27845         0.59011     -0.00714247
       -0.727242       -0.840477         1.01496
        -1.34031        -1.20843         0.27126
        -1.11067        0.758048        -1.20868
        -1.82466       -0.305764      -0.0259595
       -0.768864         -1.5268         3.49999
        -1.70318          -1.051        0.444569
       -0.801583       -0.360709       -0.214406
        -1.53901          1.5826        0.785146
         1.02456        -1.31721        0.677213
        0.297507        -1.52181        0.301138
      -0.0176076        -2.15102       0.0228569
       -0.235442          1.4506        0.298046
          1.1331         0.52586        0.891787
        0.378977         1.47322       -0.999967
       -0.767243         2.37059       -0.876414
       -0.352597        0.451805        -1.51349
        -2.21843        0.764291       -0.577874
         2.42017          1.0126        0.721085
       0.0609938        0.721863         -1.3546
       -0.948823         0.42485        0.341199
       -0.699336         2.81746        0.275103
        0.930438        0.343527        -1.62623
        -1.87566       -0.332968        -1.41157
       -0.927912        0.810599        -1.89065
         1.40032        -3.01054        -3.54786
        0.621439          1.6035       -0.460289
        0.872745        -0.54413        0.427851
       0.0335344       -0.309689         1.34987
       0.0323923        -0.16712        -1.12911
        0.332006        0.590256       -0.739805
        -1.18062        -0.66854       -0.739581
        -1.05046        0.255753       -0.127819
       -0.507796         1.74019         1.06966
         1.07631       -0.358796        -1.08132
        -1.50597      -0.0340477          -1.607
       -0.164702        -1.25964       -0.382815
       -0.400689        -1.11578         1.57877
        0.119477       -0.874462        -1.30433
        0.446717        -1.81509       -0.982176
        0.446535         1.20236        -1.46078
       -0.993468      -0.0553946       -0.858929
        -1.41357        0.173437        0.206593
        -0.86712       -0.440252        0.659617
       -0.522429         1.40834        0.901933
        0.481814        0.105296       0.0750322
       -0.225511        0.436017          1.4491
        0.358309         1.69676       -0.277465
        -0.49148        -1.06744       -0.474199
         1.32325        -1.57761         1.23711
       -0.238883        -1.38077        0.266994
         1.80016         2.32378        0.452016
        0.895175        0.653704       -0.441554
        -1.37962       -0.439148        -1.15587
        0.510221       -0.417654       -0.487723
        0.752743       -0.588256       -0.517138
       -0.235593       -0.717371     -0.00865642
       -0.142968       -0.405544        0.570412
        -1.40696       -0.268831       -0.317467
        0.894915        0.606789        0.245589
       -0.971918         1.44156       -0.832887
        -1.28225         1.41446       -0.143679
        -1.13343        -1.56259        0.896675
        0.703211       -0.520346        -1.12335
         0.87876       -0.374765          2.1235
        0.637704       -0.629695       -0.484427
        -0.54827         1.25462        0.275373
         1.92945         1.19795        -1.01835
       -0.118435        0.379274        -1.32804
      -0.0138633        0.146018       -0.732849
      -0.0610922         1.00071       -0.270316
         1.10475        -1.32608         1.56695
         1.49315          0.3193        -1.38682
         0.71943       -0.850284          1.4872
       0.0591886         1.48569       0.0211175
        0.659812      -0.0916201         1.30505
       -0.802584       -0.323583         1.47509
         1.36449         1.02612       -0.373697
        0.914149       -0.877584        0.144666
       -0.315834        -1.71534       -0.400715
         1.38441       -0.207133         1.40243
