         1.30978        0.863545        0.637834
         1.15814        -1.26674          1.7133
       0.0534854       -0.466765       -0.642001
         2.06852       0.0959834        0.526534
         1.48914        0.184336         1.19599
         2.30143       -0.285984       -0.930051
        -1.24305       -0.270846        0.371348
       -0.136251        0.386073        0.290975
         2.72086       -0.442565        0.126408
        -1.75317        0.737159        0.725651
       -0.394096        -2.05138        -1.24197
        -1.09617       -0.239118       -0.382483
        -1.04569      -0.0346178         1.16115
         1.14921        0.609451       0.0709606
        0.604261         1.62297         1.00287
       -0.338193        -1.19576        0.931708
        0.681863        0.885725        0.841934
        0.255227        -1.51426       -0.940015
       -0.335525         2.06996       -0.640113
        0.366071       0.0867078      -0.0625877
       -0.308511       0.0703201        0.502178
        -1.38122         1.58523         1.17398
        0.344744        -1.91296         1.90573
         2.29671        0.192075        0.833213
       -0.959176       -0.526877       -0.880079
        -1.84456        0.274722       -0.433842
       -0.196345        -1.45603       -0.499707
       -0.285747        0.605574     -0.00732964
         -0.7463       -0.862502         1.04156
        -1.37543        -1.24009        0.278368
        -1.13978        0.777913        -1.24036
        -1.87248       -0.313777      -0.0266398
       -0.789012        -1.56681         3.59171
        -1.74781        -1.07855        0.456219
       -0.822589       -0.370162       -0.220025
        -1.57934         1.62407        0.805721
         1.05141        -1.35173        0.694959
        0.305303        -1.56169        0.309029
       -0.018069        -2.20739       0.0234559
       -0.241612         1.48862        0.305856
         1.16279         0.53964        0.915157
        0.388908         1.51183        -1.02617
       -0.787349         2.43272       -0.899381
       -0.361837        0.463644        -1.55315
        -2.27656        0.784319       -0.593017
         2.48359         1.03913        0.739982
       0.0625921         0.74078        -1.39009
       -0.973687        0.435983         0.35014
       -0.717663         2.89129        0.282312
         0.95482        0.352529        -1.66884
        -1.92482       -0.341694        -1.44856
       -0.952228        0.831841         -1.9402
         1.43702        -3.08943        -3.64083
        0.637724         1.64552       -0.472351
        0.895615       -0.558389        0.439063
       0.0344132       -0.317805         1.38525
       0.0332412         -0.1715         -1.1587
        0.340706        0.605724       -0.759192
        -1.21156       -0.686059       -0.758962
        -1.07799        0.262455       -0.131168
       -0.521103         1.78579         1.09769
         1.10452       -0.368199        -1.10966
        -1.54543      -0.0349399        -1.64911
       -0.169018        -1.29265       -0.392847
       -0.411189        -1.14502         1.62015
        0.122608       -0.897377        -1.33851
        0.458424        -1.86266        -1.00791
        0.458237         1.23387        -1.49906
         -1.0195      -0.0568462       -0.881438
        -1.45062        0.177982        0.212007
       -0.889843       -0.451789        0.676902
       -0.536119         1.44525        0.925568
         0.49444        0.108056       0.0769984
       -0.231421        0.447443         1.48708
        0.367698         1.74122       -0.284736
        -0.50436        -1.09542       -0.486626
         1.35793        -1.61895         1.26953
       -0.245143        -1.41696        0.273991
         1.84733         2.38468        0.463861
        0.918634        0.670834       -0.453125
        -1.41577       -0.450656        -1.18616
        0.523592       -0.428599       -0.500504
        0.772469       -0.603671        -0.53069
       -0.241767        -0.73617     -0.00888326
       -0.146714       -0.416172         0.58536
        -1.44383       -0.275876       -0.325786
        0.918367         0.62269        0.252024
       -0.997388         1.47933       -0.854713
        -1.31585         1.45152       -0.147444
        -1.16313        -1.60354        0.920173
        0.721638       -0.533982        -1.15279
        0.901788       -0.384585         2.17915
        0.654415       -0.646196       -0.497122
       -0.562638          1.2875        0.282589
         1.98002         1.22935        -1.04504
       -0.121539        0.389213        -1.36284
      -0.0142266        0.149845       -0.752054
      -0.0626931         1.02693         -0.2774
          1.1337        -1.36083         1.60801
         1.53227        0.327667        -1.42316
        0.738282       -0.872566         1.52618
       0.0607396         1.52462       0.0216709
        0.677102      -0.0940211         1.33925
       -0.823615       -0.332063         1.51375
         1.40024         1.05301        -0.38349
        0.938105       -0.900582        0.148457
        -0.32411        -1.76029       -0.411216
         1.42069       -0.212561         1.43918
