       -0.570145         3.33948        0.898226
         1.50265       -0.518805        0.277009
       -0.384625        0.717848        0.270733
       -0.520076        0.905069        -1.23652
         1.38763        -1.62172        0.619681
       -0.803933          1.5279        0.432133
        -0.18726        -2.06052        -1.74724
       -0.870646         3.03761        0.993529
        0.780884         2.33698       -0.239333
        0.652075       -0.383157       -0.740333
          0.3568        0.907685       0.0392578
         1.77211       -0.263409         2.33796
         2.34949        -0.37787         2.24608
        -1.73993        -0.10454         1.11996
        0.568123        -1.82282        0.277015
       -0.337666         1.09673        -0.53579
        -1.21036       0.0100991        0.525904
          1.0561         1.18598       -0.551421
        -2.08051        -0.43342        -1.88444
         1.49279        -2.99833        0.606442
        0.355372       -0.127597        0.561558
         -0.8947       -0.199737         1.25567
        0.725707        -2.71137       -0.330312
       -0.167739       -0.159646        0.823503
         1.38066       -0.552558       -0.560786
        -1.45542          1.1186       -0.582428
        0.688783       -0.398339       -0.542986
        0.632994        -1.61926        0.432057
        0.559558       0.0972814        0.782797
        0.567597        -1.64893         1.83271
       -0.473161       -0.607594        -1.38456
        0.708506        -1.17727        0.109209
       0.0639161        -1.22942        0.649431
       -0.251015         1.59513        0.789727
        -1.38935        -1.88081       -0.805682
        0.329743       -0.594341     -0.00566544
         0.68687        -1.05145         1.63149
        0.836131         1.63678         1.48346
        -1.22621         1.37863        0.555696
        -1.30684       -0.491153       -0.413192
        0.180832        0.331887         1.19926
         1.03878      -0.0266243       -0.335605
      -0.0540342        0.232728          1.6519
       -0.830956         1.30008       0.0159548
       -0.127762          1.5108      0.00652568
       -0.403489         1.21663       -0.301503
       -0.750605      -0.0324627        0.299369
         1.61697       -0.459428        0.420283
        -1.40622        0.246302        0.471547
       -0.292014        -1.01977        0.694816
        -2.24811        -1.08317        -0.23845
        0.797316       -0.184049        -1.25711
        0.217447       -0.777808       -0.709275
        -1.49421         1.39909        -1.05845
         1.56002        -1.37513        0.364941
       -0.113693         1.11816        0.948446
        0.748412        0.486691       -0.490604
        0.905919        0.385856       -0.260252
       -0.268408        0.817572        -0.74363
       -0.399807         1.17441       -0.762671
            -1.6       -0.158267         1.24398
        -1.09271        -1.16915        0.560293
        0.179454       -0.416472        -1.52775
        0.309816        0.741724        0.290174
         1.06564       -0.683545        0.111743
       -0.268273         1.34743        -2.23906
       0.0222512        -0.14046       -0.407529
       -0.203416       -0.118276       -0.276131
       0.0710888        0.902488       -0.379174
       -0.419002       -0.410307         1.63219
        0.395507        0.661607         1.68367
       -0.511035        0.454007        -0.10428
         1.33144        -1.36869        -2.18664
        0.152342         2.32472        0.278604
       -0.568947        -1.22992       -0.394967
          3.0608        -0.33873       -0.566291
      -0.0232435       -0.645922       -0.562676
        0.713603       -0.325368        0.369755
         -2.3215        -0.40235         1.27073
        -1.94771       -0.729672        -1.08951
         1.87817       -0.649113        0.227084
      -0.0357812        -0.19071         1.32993
         1.32201        0.590463        0.667047
        0.280001       -0.792385        -1.16749
        0.135398      -0.0254501         0.67048
        0.368518         -0.1666        0.290524
        0.584048       -0.314353        -2.90903
         1.03272       0.0338554         1.76234
       -0.911447       -0.902655         -1.0539
        0.862831       -0.766718       -0.125879
        -1.80662        0.437206       -0.526772
       -0.848324         2.92431        -1.90085
        0.792281        0.853217         1.13271
         1.87473        -1.04817        0.389937
        -1.02096        0.989868        -2.12146
        0.478121       -0.225267         2.15708
       -0.372942       -0.808084         1.76434
       -0.940746       -0.113279     -0.00406622
        -1.18871        0.407187         -2.7094
        -1.08197        -1.03615       -0.911178
        -1.17957        0.363882        0.507667
          1.4914       -0.778144       -0.684937
        -1.59956        0.234455        -2.56309
       -0.607964       -0.352749         0.29914
       -0.590818        0.766025       0.0576291
        0.278186        0.102253        0.248778
        0.310133         1.40597        -2.42248
       -0.110559       -0.353264      -0.0172854
