       -0.758089        -1.25679        -1.64451
        -0.45817       -0.888304        -1.75584
        0.184138        0.167392        0.567592
       -0.146937          2.6446       -0.346476
       -0.386103        0.148098       -0.985848
       -0.141815        -1.69895        0.907333
        -1.87812        -1.53588         0.37124
         1.11624       -0.156447         1.49208
       -0.676898        0.327898       -0.524041
         1.46813       -0.151651        0.948217
       -0.139858        -1.01997         0.35518
         1.57124       -0.821056       -0.322677
         2.04269        0.326028       -0.923036
       -0.210309        -1.85091        0.684676
        0.931501         1.67769         0.12457
         2.33952        0.091457      -0.0337691
      0.00428542        -1.84969       -0.816136
         0.89964        -2.84629       -0.658888
       -0.149654        0.338914         1.42038
       -0.202472       -0.430855       -0.779443
        0.444017        -1.26808        -1.39979
        -1.49754        -1.17593       -0.469895
        0.660814       0.0110753         1.21973
        -2.10124       -0.937745        0.208378
       -0.876084        -0.54217       -0.500959
       -0.333746         1.73829        -1.27121
       -0.665054       -0.418014         1.97895
        0.860166         2.06177        0.460215
       0.0892337       -0.145425        -1.01744
        0.853789       -0.538372       -0.237178
        0.670301         1.67711       -0.933699
        -1.79446        0.184067         -0.2493
       -0.235872        0.656346        0.181457
         1.03599       -0.835011       -0.243229
       -0.811297        0.703066        0.911208
        -1.66887        -2.03415         1.24358
       0.0883989        0.339262        -0.91476
       0.0705804         0.15113        0.532666
        -1.42634         2.77191         2.23083
       -0.304354        0.198271       -0.335077
        0.911304        0.709398     -0.00428117
         1.53592       -0.596872        -1.15864
       -0.563986       -0.422801         1.11002
        -2.34812         2.66292         1.44085
       -0.507067       -0.409144       -0.783601
        -2.23075       -0.918247         0.45786
         1.02396        0.873356        -1.73499
        -1.79056         2.76832       -0.122074
         1.61899        0.735307        -1.56556
       -0.138393       -0.247873        0.387739
         1.06804         1.54099        0.488789
        -2.17791       -0.279082       -0.268935
       -0.949613      -0.0655608      -0.0140334
       -0.886907        0.852058        -0.90346
       -0.603305        0.424752        0.916801
         1.42873        -1.44539        0.479183
       -0.755296        -1.43104        0.648223
       -0.340819        -2.59434         1.20115
        0.343914        -1.31753         -2.1562
        0.231484       0.0878805          1.0902
         -0.7253        0.277445         1.15842
       0.0651929        0.985657         1.33353
        0.654834       -0.192967         2.18989
       -0.272101       -0.473445         1.53398
          0.5696        0.912591         -1.7873
         1.19585        0.202022        0.378651
        0.171901          1.0267         1.14858
         1.24136        0.615241        0.132279
         1.91563        0.100382        -1.17065
          1.4119         -1.0172      0.00644443
        0.124346        0.815843      -0.0974246
        0.368815       -0.537347        -1.21104
       -0.309241        -1.17517       -0.774926
        0.932826         1.10922         2.00731
       -0.861906        -1.03892       -0.300677
        0.300172       -0.957433        0.903734
         1.47589         1.27328         0.72882
       -0.206403        0.232485         -2.5054
       -0.126503        -1.10948        0.508486
        -1.62819        0.615931         -0.2828
       -0.488932       0.0126124        -1.96608
       -0.268646       -0.146002        0.525896
        -1.50556        -1.07179       -0.790838
        -1.35768         1.53564        0.780548
         -1.0797       -0.923192        -0.21941
       0.0450517        -1.40019        0.018784
         1.27578        0.320935        -1.48969
         0.81771       -0.652981       -0.229603
        0.987461       -0.282555        0.639914
         2.01581       -0.895658        0.328956
       -0.111919         1.42702        0.881772
       0.0912753        -0.17287       -0.419956
        0.855733         1.68711        -1.78609
         1.45749         1.60094       -0.733972
       -0.701941        -1.69161        -1.97831
       -0.768586        0.816052         1.33679
        -1.05086        0.221503       -0.573644
         1.54918        0.358742        0.203989
       -0.201453         2.17106      0.00355258
      -0.0506059         1.06234        0.261942
        0.515843        0.143158        -2.38028
        -1.22564        -2.43551        0.444007
        -1.94569        0.115057          1.7589
         2.09771       -0.768833      -0.0316462
       -0.181972       -0.999279         -1.1274
        -1.20088         0.86154        0.251398
        0.207166       0.0942813          1.9326
        0.588204         2.60787         1.47383
