        -1.31467       0.0319113       -0.400138
       -0.534514       -0.211071        0.843256
        -1.33248        -1.50057       -0.304006
         -1.2179        0.333465         0.83365
       -0.530627         2.09149        0.787161
        0.725431       -0.878237         2.77257
       -0.832028      -0.0489671        -1.18325
      -0.0804699        0.372121       -0.379564
         1.87896        0.812647       -0.529961
       -0.525478       -0.799201         1.43571
        0.135041       -0.328145       -0.257846
       -0.953117         1.01581       -0.559351
        0.127734       -0.262972      -0.0560999
         1.06692        0.517147         1.02609
         0.61914        0.146708        -1.69701
        0.754102       -0.644471        0.603372
        -1.34131       -0.664263       -0.923441
         1.44142        -1.23216        -1.86635
        0.474622         1.56489       -0.988239
       -0.380701         0.51093         1.82794
        0.296055        -0.89022        -1.04069
         1.81699        -1.35433         1.43117
         1.38173        -0.23759       -0.988067
         2.37187        -0.65982       -0.954203
         1.47252        -1.08778       -0.563553
        -2.29455        -1.86952         1.09997
        -1.52857        0.556522       -0.980766
         1.22563        -1.03488         -1.4134
      -0.0540428       -0.338467        0.229795
       -0.874982         0.93909       -0.627412
        0.663502      -0.0214871       0.0347632
        0.435343       -0.589787       -0.882937
        0.461409        0.146201        0.192054
       -0.338114        -1.02332       -0.922791
        -1.24812        0.207926        0.724382
        0.165559        0.720555        -1.64121
       -0.302661        0.794103       0.0479166
        0.022586      -0.0620782        0.518053
        -1.59968        -1.11798        0.573514
         1.20339       -0.649728         1.12805
       -0.683164       -0.661364        0.494934
        -0.19742       0.0262464         1.17276
      -0.0825277         1.80067       -0.622875
         2.28899        -1.58205       -0.653744
         1.10268         1.96997        -1.45965
        0.526162       -0.945363       -0.346476
       -0.380782        0.814329       -0.917138
       0.0495852        -2.33861        -1.80236
        0.933806         2.10816       -0.600327
        0.220795         1.34924         1.61594
       -0.897806         0.80504        0.568384
         1.26203        0.766059        0.400662
       -0.776491        -1.35421         2.13856
         2.09903        -1.99848          2.5692
       -0.581941         -1.2535         1.80955
         1.30311         0.67884       -0.449639
        0.447559        -1.35069        -2.90149
       -0.874117        -1.50042       -0.158272
       -0.636718          0.5252        0.869665
       -0.281792        -1.56346       -0.427489
       -0.282568         -1.5492       -0.406177
        -1.14469          1.0613       -0.497829
        -1.52677       0.0631051        0.728971
        0.208836          1.7707         2.63608
       -0.551132        0.170259       -0.247339
         1.06228        0.348388        0.028146
         1.51065        0.955287        0.730658
        -1.15047        0.573649        0.724025
       -0.591147         1.70505       -0.525767
       -0.731744        -1.15641        -1.22796
        -0.94728        -1.05359        -1.26992
       -0.787604      -0.0524247        0.216476
        0.721442        -1.37273         1.35651
      -0.0789327      -0.0253517        0.536006
       0.0672081         1.38454        0.913357
       -0.596923        0.977882        0.607059
        -1.20417        0.197871       -0.962438
        -0.54288        0.342198       0.0503178
         0.78888         2.22673        0.860643
        -1.12102        0.889208        -0.33929
       -0.259318        0.876942        0.859284
        0.240927        -1.66091        -1.81436
       -0.176493       -0.667231        0.380861
          1.1516       -0.320236       -0.436951
          1.4316      -0.0816276       -0.378322
         1.37193        0.782078        -1.06375
       -0.450828        -1.09619        0.663652
        0.408085        0.682187         1.66043
        -1.14063        0.598526         1.30526
        -1.23974         0.52978        -1.54593
        -1.52379       -0.775481        0.243267
        0.293761         1.26607        -0.47297
        -1.71021       -0.528005         0.92316
        0.714751        0.410047       -0.221923
         1.10004         1.07409        -1.88086
       -0.923812        -1.41252          -1.099
        -0.94051      -0.0732849        -1.59208
         1.66619        -0.64625       -0.912907
         0.63325        0.519901         1.61532
       -0.511823      0.00545473       -0.162442
        0.788757       -0.196737        -1.60992
        0.954274          1.4644         1.61564
       -0.573496       -0.649048        0.118298
       0.0425527         1.94013        0.317813
        0.477168      -0.0620132        0.558102
      -0.0607712        -0.26403        0.738296
       -0.708258         1.19742        0.227698
       -0.454109       0.0800087       -0.196516
