         1.06719        0.703598        0.519694
        0.943626        -1.03211         1.39596
       0.0435788        -0.38031       -0.523089
         1.68539       0.0782053        0.429009
         1.21332        0.150193        0.974471
         1.87516       -0.233014       -0.757786
        -1.01281        -0.22068        0.302567
       -0.111015        0.314564        0.237081
          2.2169       -0.360593        0.102995
        -1.42845        0.600622        0.591246
       -0.321101        -1.67142        -1.01193
       -0.893134       -0.194828       -0.311639
       -0.852004      -0.0282059        0.946084
         0.93635        0.496568       0.0578172
        0.492339         1.32236        0.817121
       -0.275553       -0.974277        0.759137
        0.555568        0.721671        0.685991
        0.207953        -1.23379       -0.765905
       -0.273379         1.68656       -0.521551
        0.298267       0.0706477      -0.0509952
       -0.251369       0.0572953        0.409165
        -1.12539         1.29161        0.956538
        0.280891        -1.55864         1.55275
         1.87131        0.156499        0.678885
       -0.781517       -0.429289        -0.71707
        -1.50291        0.223837       -0.353486
       -0.159978        -1.18634       -0.407151
       -0.232821        0.493409     -0.00597204
        -0.60807       -0.702749         0.84864
        -1.12067         -1.0104        0.226809
       -0.928669        0.633827        -1.01062
        -1.52566       -0.255659      -0.0217056
       -0.642871        -1.27661         2.92645
        -1.42408       -0.878777        0.371718
       -0.670229         -0.3016       -0.179271
        -1.28681         1.32326        0.656485
         0.85667        -1.10136        0.566239
        0.248755        -1.27243         0.25179
      -0.0147222        -1.79853       0.0191114
       -0.196861         1.21289        0.249205
        0.947419        0.439688        0.745651
        0.316874         1.23181       -0.836103
       -0.641516         1.98213       -0.732797
       -0.294818        0.377768        -1.26547
         -1.8549        0.639047       -0.483178
         2.02358        0.846664        0.602922
       0.0509988        0.603572        -1.13262
       -0.793341         0.35523        0.285287
       -0.584737         2.35576        0.230022
        0.777968        0.287233        -1.35974
         -1.5683       -0.278405        -1.18025
       -0.775856        0.677767        -1.58083
         1.17085         -2.5172        -2.96647
        0.519605         1.34074       -0.384862
        0.729729       -0.454964         0.35774
       0.0280392       -0.258941         1.12867
       0.0270842       -0.139735       -0.944081
          0.2776        0.493531       -0.618574
       -0.987154       -0.558987       -0.618387
        -0.87832        0.213843       -0.106873
       -0.424584         1.45502        0.894378
         0.89994       -0.300001       -0.904127
        -1.25919      -0.0284683        -1.34366
       -0.137713        -1.05323       -0.320084
       -0.335028        -0.93294         1.32006
       0.0998986       -0.731165        -1.09059
        0.373514        -1.51766       -0.821228
        0.373362         1.00533        -1.22141
       -0.830669      -0.0463171       -0.718177
        -1.18193        0.145016        0.172739
       -0.725026       -0.368108        0.551526
       -0.436819         1.17756        0.754134
        0.402859       0.0880416       0.0627367
       -0.188557        0.364567         1.21164
        0.299593         1.41871       -0.231997
       -0.410942       -0.892522       -0.396493
         1.10641        -1.31909         1.03439
       -0.199738        -1.15451        0.223242
         1.50517         1.94299        0.377944
        0.748484        0.546582       -0.369197
        -1.15354       -0.367186       -0.966461
        0.426612       -0.349213         -0.4078
        0.629392       -0.491859       -0.432395
       -0.196986       -0.599816      -0.0072379
        -0.11954       -0.339088        0.476939
         -1.1764       -0.224778       -0.265444
        0.748267        0.507355        0.205344
       -0.812651         1.20533       -0.696403
        -1.07213         1.18267       -0.120135
       -0.947696        -1.30653        0.749738
        0.587976       -0.435078        -0.93927
        0.734759       -0.313352         1.77552
        0.533204       -0.526507       -0.405045
       -0.458426         1.04903        0.230248
         1.61328         1.00165       -0.851474
      -0.0990275        0.317122        -1.11042
      -0.0115916         0.12209       -0.612758
      -0.0510811        0.836725        -0.22602
        0.923719        -1.10877         1.31017
         1.24846        0.266976        -1.15956
        0.601537       -0.710949          1.2435
       0.0494894         1.24223        0.017657
        0.551689      -0.0766064          1.0912
       -0.671065       -0.270558         1.23337
         1.14089        0.857975        -0.31246
        0.764348       -0.733775         0.12096
       -0.264078        -1.43425        -0.33505
         1.15755        -0.17319         1.17262
