       0.0963126        0.455223        0.481128
         1.04654        -0.53377        0.763872
       -0.144315       0.0785048        -1.61441
       -0.418753        0.415897       -0.378351
       -0.726482         1.13609        -1.01817
         -1.1562       0.0634721       -0.792569
         1.33454       -0.483872       -0.712194
       -0.772692       0.0743463        -1.01803
        -2.47134        -1.91472        -1.06262
         2.18435       0.0316095        -1.04843
        -1.38378         -1.3054        -1.19739
       -0.589055        0.102281         0.16042
        0.811187       -0.125421       -0.104909
       -0.743025        0.468967        -0.17754
         2.14946       -0.440958       -0.959699
       -0.778422        -1.89287        0.245895
       -0.941379         1.94263       -0.178323
        0.363776      -0.0550214      0.00869777
       -0.260461          1.2619      -0.0355795
        0.690923        0.592979        0.534041
        -2.03034        0.682727         1.94817
      -0.0479942        -1.31307        0.691896
         1.01208       -0.331716       -0.885954
        -2.33652        0.291919        0.516052
        -1.09121       -0.288947         0.60717
        0.285813         1.52538        -0.49348
       -0.408398      -0.0843811        0.969939
       -0.175608        0.949664        0.346993
       -0.244846        -0.15578       -0.467825
       -0.998389       -0.472568       -0.156944
       -0.272115         1.36976        0.087252
        0.427604       -0.424701      0.00304844
        0.427722        0.786642        0.768274
       -0.147707        -1.25936       -0.232202
         1.04938        -1.01119         0.75897
       -0.469274      -0.0382415         2.06005
        0.650138         1.19512        -1.16415
      -0.0847274       -0.259965        -1.62425
      -0.0621485        0.652084         0.16382
        0.763909         1.58018        0.266547
        0.997023        0.792704        0.142437
         1.23672         -1.5765       -0.893949
       0.0932073         1.09396         1.09039
        0.606014        0.378506       -0.276075
       -0.426727        0.600175       0.0367768
         1.79668          1.3685        0.590056
         1.21637         1.14687          -1.766
        0.414257      -0.0312631        -1.59083
        -0.42401        0.915811        0.126626
       -0.102932        0.218703         0.23985
       -0.605331         1.05743       0.0413088
         1.00829         1.57953        0.558504
         1.23633         1.00472        -0.40501
      -0.0827921        -0.77718         1.85654
       0.0865485        0.586062         1.69982
        -1.00216         1.39538       -0.735901
         1.00936       -0.530547        0.649898
        0.807568       0.0626705       0.0878855
        0.473888       -0.835212       -0.144572
        0.950634        -1.23534       -0.131147
        -0.71371       -0.319609       0.0593829
        -1.16023        0.351868        0.779678
         0.63192       -0.134304       -0.662094
         1.55442       -0.387422         0.28188
         1.05323       -0.297184       0.0664576
       -0.638502       -0.935839        0.542264
        0.515543        0.765275         1.07438
        0.490089      -0.0223377        -1.15134
       -0.798484         1.31142        0.110362
         1.28016        -1.11436        0.400605
        0.534687         1.16198        0.454885
       -0.105447        -0.45921        0.310186
      -0.0741171       -0.396321       -0.204039
        0.829796       -0.508465        -2.46268
      -0.0654882         2.29098        0.160176
       -0.153841        0.228749       -0.769161
        0.373288       -0.693656        0.899107
        -2.03828       -0.539118        -1.07776
        -1.59133        0.491256         1.19289
       -0.316979        -0.92942       -0.243923
       -0.100308        -1.46889         1.12589
       -0.137705       -0.489746       -0.938077
        -0.29677        -0.51562        0.217813
        -0.50719      -0.0632961        -1.13843
        -1.24163        -1.36354       -0.476651
        -1.25924       -0.402346       -0.524055
         1.09616         1.18007        0.609264
         1.95161       -0.322364         2.01707
        -2.34817        -0.23422       -0.303176
        0.443342        0.366962       -0.893969
         1.54817        0.337745         -1.4848
       0.0717513       -0.726059        0.152889
        0.557582       0.0137401        0.202455
        -1.06898        -1.17811      -0.0949094
          0.1581        0.378354         1.79635
        0.850823        -1.31161        0.864965
        0.405469        -1.57612       -0.295512
       -0.478603       -0.757043        0.503088
        -2.11926        -1.03465       0.0270695
        -1.60031         2.21457         1.13384
        0.451597         0.64778         1.56702
       -0.599789        0.608587        0.101665
          1.3384        -1.31473        -0.98527
         1.03563        -2.13455        0.829972
       -0.579967        -1.01982       -0.182231
       -0.919806       0.0431251        0.476105
       -0.151326        0.155791       -0.507963
       0.0662013       -0.378718       -0.797499
