         1.21193       -0.916856        0.183475
        -0.27455       -0.887384        -0.54625
        -2.24106        -1.45396         2.51154
        0.406351         1.81919        -1.31563
          1.4253        0.282487        -1.00992
        0.483201        -1.21065        0.150133
         0.15644         1.69021       -0.936077
         -1.5494         0.94614       -0.502028
        -2.80772       -0.655392        0.260423
          0.5021       -0.591621         1.62822
        -1.08439        -0.63817        0.634104
        0.289807       0.0538042       -0.528799
        -1.76413         0.30208        -1.09634
         1.35763       -0.511016       -0.453133
         1.81321        0.183212        -1.24396
       -0.388685       -0.895486         -0.5585
        -2.84146        -1.39863       -0.637149
      -0.0233914         1.00212       -0.728984
       -0.571796       -0.400417        0.055804
        -1.08825       -0.748668         2.28099
        -1.92738        0.252011        0.668006
       -0.682168         1.20073       -0.353502
       -0.922704        0.562219         1.15751
         1.74735        0.332948        0.135406
       -0.572464       -0.482511        -1.20202
        0.491114        0.837897           2.131
       -0.157607        0.657304         1.28053
        0.767985        0.631615       -0.856357
        0.212508       -0.945511         1.44221
        0.542467        0.155532       -0.564099
        0.141865    -0.000504852        0.704089
         1.52311        0.431311       -0.700449
        0.931099         0.32664      -0.0415235
        0.125205       -0.411417       -0.189503
         2.37405         1.31448        0.251489
        0.231958        -1.59974      -0.0582804
        -1.46513         1.30542      -0.0165322
       -0.955528         1.61721        0.136714
        0.255187         1.16524        0.300504
         0.94047        0.835357        0.471453
        0.250164       -0.671481          1.0242
          0.3233        -2.92967        0.829278
        0.431354       -0.675093        -1.67365
        -0.59886        -0.45928         1.60914
        -1.55305       -0.737929       -0.556843
       -0.263929        -1.58202        -1.44507
       -0.816362         -1.8144         1.02307
       -0.422057        -1.32275        -1.08705
        -1.17899         1.08498        -2.23925
         -1.1755       -0.734644       -0.185157
       -0.130816        0.891517         1.70434
        0.588497        0.179015       -0.308411
         0.57704      0.00330265       -0.178744
         2.75675       0.0331467         0.48493
       -0.406008         2.09333         2.21654
         1.13215        -0.75363        -0.38549
       -0.477442         1.09665       -0.100988
         0.14537       0.0576733       -0.984415
      0.00262617        -0.22443       0.0570255
       -0.805927        -1.34665        0.230765
         1.26473        -1.39484       0.0440191
       -0.815285        0.766596         1.48956
       -0.843259        -0.28954        -2.40254
       -0.316763        -1.18707        0.532918
        0.694472       -0.893044        0.269967
        0.875817         1.39618        0.141247
       -0.278241        0.910613        0.501645
       -0.422762       -0.885854         1.46063
         1.07104       -0.666766        -1.15875
       -0.527726         1.49714         2.41816
       -0.115071        -1.06463        0.927844
         2.07331        0.947501        -2.06365
       0.0512021        -1.87785       -0.281502
        0.227593        0.413438       0.0174153
         1.25311        0.276215       -0.655223
       -0.896259        -1.65328         1.15678
         1.03599        0.897448         -1.4032
        0.398565         1.47993        0.169359
         0.74301        -1.42452         0.34067
        0.502523       -0.402014       -0.698822
       -0.759709        -1.68635         0.21903
        0.157463        -1.08805        0.787283
        -2.15752         1.48252        0.672406
       -0.949542         1.30553         1.35531
         1.51424      -0.0583084        0.356095
         1.85076       -0.132443        -1.88871
        0.309572        0.284835         2.29288
       -0.598161         1.02214        -1.49471
        0.152847         2.10403        -1.90448
        0.479725      -0.0103534        -1.09724
        0.618789        0.503198       -0.490338
        0.682725        0.964821        -1.63547
         1.40521         1.08872        0.240877
       -0.351534        0.468452         1.26315
        0.310142       -0.441712        -0.55681
        -1.14072        -0.30998        -2.34406
       -0.113082         1.18735        0.290729
         1.93895        -1.68043         1.38901
        0.558997       -0.389433         1.29433
       0.0695456        0.861351       -0.476698
        -1.86582       -0.862398        0.723501
        0.863265      -0.0555456         -1.8072
        -1.20354         1.14181        -1.08652
        -1.73953        0.945331       -0.654928
        0.377863        0.956157        0.271486
        -1.69966        0.425672        0.490365
       -0.275296        0.189774        0.603291
        0.597202         -1.4072       -0.497902
