       -0.297882        0.680047        0.178176
       -0.131652        0.423925        0.319479
         1.44825        0.286182       -0.288565
        -1.78752       -0.986062         0.35101
        0.764047         1.22795        -2.56272
        0.452168        -1.86116       -0.338935
        0.409681       -0.794908         2.12575
       -0.357005        0.991903         1.00558
        0.252453        -1.16802      -0.0315884
         1.25085         1.17966        0.358281
       -0.708318         1.22175      -0.0947491
        0.608776        0.774693        0.562148
         -1.9364       0.0490665       -0.696765
       -0.115623       -0.604497        0.297344
       -0.169535        0.943053        0.360104
         0.74445           -0.13        0.369696
       -0.109054       -0.266781       -0.953286
       -0.509269         1.47557       -0.338122
        0.211977        0.091089        0.968196
       0.0851559        0.151296       -0.443394
       -0.532107        0.659279       -0.949783
        0.121615       -0.716994        0.806432
         0.68489         1.36844        -0.39026
         1.68924         1.22988        0.833093
       -0.242186     -0.00426098        -1.70985
         1.55218        -1.70435        -0.89117
        -1.03148         1.22143          0.9141
        -1.29648       -0.607754       -0.766299
       -0.794607       -0.693154         0.10184
        0.946368        -0.15379       -0.751304
         2.79745        -1.80661          1.4941
      -0.0251025        -2.51099       -0.642833
        0.721544        0.765982        0.966354
        0.877681       -0.401944       -0.342026
       -0.410287       -0.377677        0.329227
          0.9643        -1.44426        0.495262
       0.0569307        0.817143       -0.823264
        -0.93836      -0.0927399         0.29845
      -0.0337295         -1.4484         1.45216
        0.767579        0.754322        0.404134
       -0.358316         1.09957        -1.31418
        0.213973        0.823583        -1.53558
       -0.229063        0.431894       -0.512157
        -1.23098        0.589586       -0.947508
       -0.218951         1.57112        0.431253
        0.837881         0.41134       -0.698329
        -1.97662         1.09475        -0.45807
       -0.228148        0.806669       -0.833594
         1.20494        0.220004       -0.778922
        -2.11921         1.60524         1.99286
        -0.92977        0.429617        0.555539
       -0.452873        -1.32752       -0.111973
         -1.5099        -1.17933        0.435083
       -0.110496       0.0132011         1.39466
       -0.326945        0.141657        0.748485
        0.844863        -1.39112        -1.85115
         1.15461        0.229284       -0.250467
         1.03239         2.78796         -1.7293
        0.930597       -0.316814        0.667284
       -0.456851       -0.448474       -0.691966
       -0.425067       -0.293234         1.06879
        0.168873       0.0936084        -1.11101
       -0.508646        -1.76511       -0.951892
        0.372797        0.218427       -0.476881
        0.176986        0.677292      -0.0942124
         1.04218        -1.31619        -3.36533
       0.0835814         -0.4296       -0.186639
       -0.328392       0.0164066        0.397029
        0.209209       -0.149049         1.42878
         -1.4881        -1.56548         1.10929
         1.84088        -1.02487         1.07367
       -0.410324        -1.57649         1.73302
        0.640093       -0.652831         2.57984
       -0.484415        0.635712       -0.690781
        0.766875         1.53008       0.0710867
       -0.388955       0.0768049        -1.90093
       0.0145014        -1.45838         1.44535
        0.132668       -0.217714        0.319852
        -0.67007       0.0688403        -1.66194
      -0.0843316         1.05474         1.21538
        -1.01802         0.79163        -1.48712
        -1.08495       -0.559628         1.12322
        0.665699        0.569414        -0.42706
        -1.31493        0.371918       -0.160264
        -0.43247        -2.03256         1.75861
         1.42294        -1.84285       -0.919373
       -0.168476       -0.244679        0.440226
        -1.22144        0.378911        0.565682
       -0.680559       -0.929401       -0.870558
         2.17065         1.54447      -0.0449345
       -0.119315        -1.52562       -0.815235
         1.60755         1.85948       -0.636218
         1.42388     0.000305888       -0.481524
         1.16324       -0.873415         1.00947
         1.23782        0.601607        0.215492
       -0.374923         1.98948        -0.81422
        0.481862      -0.0437529      -0.0215259
       -0.338642        0.511931         0.43665
        -1.21684        0.605954        0.801562
        -0.30318       -0.986048       -0.641918
        -0.54885       -0.810784         1.93859
       -0.955658        -1.16237       -0.884554
        -2.17157        0.674692        0.367951
        0.467628       -0.596433        0.574755
        -1.79259        0.239413        0.221311
       -0.577769          1.0469        0.367615
       -0.208036        0.430915         -2.4377
         1.17447      -0.0629599         2.33064
