       -0.175921        0.454557        0.783855
       -0.195587         -0.1218       -0.821628
        0.844401       -0.697693       -0.427794
        0.178082       0.0178823       -0.767459
         1.16254        -1.18328       -0.627861
         1.55858         1.53206         1.10331
       -0.249423       -0.108039         -1.1842
      -0.0450169       -0.150583        -0.57043
       -0.677278       -0.653908       -0.159589
        0.198193         1.22896      -0.0658278
       -0.629531        0.534556        0.541661
       -0.275654       -0.822165        -1.61452
       -0.282768       -0.774891        -2.22675
       -0.579433       0.0174944       -0.789237
      0.00232898        0.597128         1.44619
         1.97361         2.57399       -0.482546
       -0.470895        0.994345      -0.0870345
       -0.961656          1.4103        0.544024
       -0.169512       -0.305178        0.132019
        0.308697        -1.28061        -1.34403
       -0.325524       -0.661861       -0.766915
         1.45168        0.738884         1.20326
       -0.528262         0.17284        0.572126
       -0.177551        0.930571        0.500272
        0.208809        0.209307       -0.155673
        0.355032        0.368613       -0.450786
       -0.219972      -0.0352507        -1.69776
        0.204094       -0.372861         2.14947
      -0.0617161         1.72724        -0.28073
       -0.733816        -1.01633          1.3873
        -1.21236       -0.693047        0.610446
        0.735863       -0.461786        -1.48328
        0.420245        0.181705       -0.266512
       -0.452655       -0.232487         1.76325
       0.0122103       -0.206878        0.222378
        -1.51602        -1.29085       0.0916512
      -0.0425776       -0.690192       -0.571101
        -0.24501         0.48275        0.678014
          1.2066       -0.483841       -0.350192
       -0.549233          1.5194        -1.86113
      -0.0673467        0.242089       -0.579925
        0.591616        0.581052        0.263103
       -0.991575       -0.538329       -0.446863
        0.918157      -0.0337599         2.00237
        0.535104       -0.783363        0.759198
       -0.707995       -0.185292         1.22376
       -0.537362        -1.01436         -0.5828
        -1.23298         1.13043      -0.0197777
        0.339777       -0.345704       -0.980074
        0.145907        -1.04441        -0.49731
       -0.338627         1.64697       -0.227012
        0.685448       -0.684512       -0.129926
       -0.635708       -0.666685       -0.470756
        0.313638         1.63626       -0.657784
       -0.162707        0.481528        0.289296
        0.416161        0.287187          1.6348
         0.10455        -1.34667        -0.43562
       -0.288532        0.788757      0.00285854
        0.250022        -1.34819         1.70799
         1.69898        -2.02167       -0.608305
        0.669128        0.630394        0.802263
       -0.935746         1.49802         -0.3577
          1.6387         0.36343        0.404549
        -1.65316         1.02157       -0.220152
        -1.13612       -0.429026        -1.66194
       0.0412372      -0.0211491       -0.418319
         1.17665        0.233414        0.179519
        -2.03169        0.684768        -1.68922
         1.17591        0.570126       0.0835287
         2.18127        0.265807        0.497109
       -0.446878       -0.742945         0.41636
       -0.523035       -0.063357         0.45702
       -0.371489        -1.30901      -0.0104413
        -1.53371        0.784888         1.03654
        0.771918         -1.3491       -0.219124
       -0.561285        0.922731        0.153026
       -0.981092        0.734401       -0.189383
        0.507019        0.749775        0.886567
       -0.618389       -0.208815         2.16308
        -1.70614       -0.092089        0.760605
        0.483192        0.526673       -0.970374
      -0.0335825       -0.720269        -1.06839
       -0.315639        -1.65007        -1.14482
        0.309119          1.7559       -0.355787
        0.775079       -0.571779       0.0243761
        0.701442        -1.60829       -0.919597
        0.317008     -0.00600886      -0.0745683
         0.79863       -0.836111         0.93902
        0.184478        0.335028       -0.237968
        0.172905        0.801583       0.0730438
        -1.29735        -1.50915         1.71643
         0.64306        -1.79248        0.258962
        0.197842        -1.29718        0.481017
         -1.2662        -0.30768         -1.0997
       -0.413572       -0.091298        0.987375
        0.906107        0.641808        0.853996
       -0.760222        0.602579       -0.433981
       -0.399403        0.200161       -0.756095
        -0.12982       -0.590184        0.290561
        0.868062       -0.555578        -1.15554
        0.890624        0.609868        -0.20456
        -2.33241        0.562471        0.683544
         2.22556        0.499717         0.90234
       -0.524059      -0.0507466       -0.870037
        0.460667         1.36756        0.810845
         1.14484       -0.215311        0.153396
       -0.752456       -0.594523         1.23018
        0.402859       0.0190903       -0.111033
