        0.369552        0.166133         1.37636
       -0.038147       -0.589065        -1.56369
        -1.12069       0.0558649        0.262055
        0.244036       -0.490782        -1.07606
        0.960575        0.232732        0.149218
        -1.43691          1.8344        -1.16224
        -1.46764        0.260798       -0.732864
         1.39625         -1.6061        -2.00362
      -0.0874505        0.634118       -0.795799
        0.344438     -0.00273504         0.12838
       -0.221899         1.56012       0.0483492
        -3.27619       -0.375189        -1.25438
         2.53743        0.177242        -1.89381
        0.435842        0.626214       -0.924665
       -0.630622       0.0740203        0.447186
        0.402012        0.958262        0.975287
          1.3896        0.910435         1.70968
        0.465279       -0.789208        0.979063
       -0.316429        0.288488       -0.169085
       -0.333437       -0.986026         1.63853
         1.12909       -0.249311        0.242652
        -0.85182         0.13907         0.57075
        0.337059        -1.86119        0.432465
       -0.719687        0.840166        0.986517
       -0.294999        -1.41208        0.323259
       -0.400991        0.919044        -0.63721
         2.56322         -1.6803       -0.844879
        0.388535         1.04325        0.598504
        0.803873       -0.420645        0.782442
        -1.77757       -0.116508         0.46487
         2.27264        0.161417         1.29365
        0.605317        0.719461       -0.313564
       -0.329925       -0.595715       -0.456816
        0.252384        -1.24026         1.76301
        0.327755        0.749209        0.934901
       -0.480339        -1.68057        0.606384
        0.338905       -0.267178        0.261959
        0.635713        0.185638      -0.0835518
       -0.660615       -0.324038       0.0804635
       -0.580608       0.0683695       -0.421653
         1.49975        0.471404        0.259662
        0.401774        0.252902        0.741742
       -0.518788         1.21325        -0.83416
         1.07246        0.454518        0.185297
         1.26445        0.121919        0.934836
       -0.745189        -1.10405       -0.492804
         -0.8591       -0.892677         -1.4096
        -1.31664       -0.320688       -0.825895
         1.78711       -0.437911         0.42798
         1.07283        -1.41073         0.84634
       -0.915497         1.21396         1.18122
        0.626702         1.27031        0.119485
       -0.690795        -1.40648       -0.111817
        -1.54595        0.246993          1.2282
       0.0719146      -0.0633029        0.721457
       -0.932097        0.370904        -1.37435
        0.652659        0.384388        0.125956
        0.181817       -0.475472       -0.198176
        -1.24514         1.80387         2.35559
       -0.654417        -1.49451       0.0552823
        -1.10445         1.66849        0.425986
         0.25369        0.124186        -1.41579
       0.0464506        0.127296        -1.15697
        0.855033         1.50542      0.00265166
        -2.65802       -0.420427       -0.336714
        -1.26049        -1.52462        -2.02506
       -0.515422       -0.199562        0.419877
         1.31904       -0.544828         1.32757
         1.35567        0.692815        0.911739
       -0.549761       -0.860702        0.154705
        -1.37059        0.521342        0.197967
       -0.857631        0.527433       -0.219268
        0.237567         1.97178        0.149352
        0.644624        -1.69633        0.654713
         2.47178       -0.238064       -0.110834
        -1.31949         -0.3248        0.574908
        0.449987        -1.37507        0.584599
        0.818594        -0.89922        -1.19163
         2.83324        0.900464        -1.00879
        0.202028        0.406571        0.346837
       -0.328339        0.896271        -0.46732
       0.0761971        0.105281        0.314074
        -1.21787       0.0402886       -0.600021
        0.567273        0.260499       -0.883583
        0.398332       -0.399326        -2.12001
        -1.48474       -0.548295         0.36871
         -1.1508        -2.20743        -1.42753
       -0.847911       0.0498478       -0.825774
         2.18013       0.0761262        -0.88043
        0.826877        -1.53671        -2.68457
         1.49788         1.01651        -1.21999
       -0.594188         1.74602       -0.287947
        -1.26291         2.75869        0.586118
          -1.189        -1.59381        0.976912
         -1.0414         1.19413       0.0838127
       -0.782144        0.979561        0.704221
        0.044589       -0.875492       -0.442183
         0.49911       -0.419635         2.26111
      -0.0684755       -0.125477       -0.606454
       -0.873112       -0.874533         1.65882
       -0.490933       -0.230802       -0.472906
       -0.314493        0.208984         1.25941
       0.0144922       -0.919261       -0.278582
        0.199797        0.956893       -0.122652
       0.0280654        -1.03641       -0.312623
        0.472418       -0.306471        0.513877
       0.0203461         1.00477       -0.786186
        0.587586         1.30145        0.747558
