         1.04673         0.69011        0.509731
        0.925535        -1.01233          1.3692
       0.0427433       -0.373019       -0.513061
         1.65308       0.0767061        0.420784
         1.19006        0.147314        0.955789
         1.83921       -0.228546       -0.743259
       -0.993391       -0.216449        0.296766
       -0.108886        0.308534        0.232536
          2.1744        -0.35368         0.10102
        -1.40106        0.589107        0.579911
       -0.314945        -1.63938       -0.992533
       -0.876012       -0.191093       -0.305665
        -0.83567      -0.0276652        0.927946
        0.918399        0.487048       0.0567088
        0.482901         1.29701        0.801456
        -0.27027       -0.955599        0.744583
        0.544917        0.707835        0.672839
        0.203967        -1.21014       -0.751221
       -0.268138         1.65423       -0.511552
        0.292549       0.0692933      -0.0500175
        -0.24655       0.0561969         0.40132
        -1.10381         1.26685          0.9382
        0.275506        -1.52876         1.52298
         1.83544        0.153499         0.66587
       -0.766535       -0.421059       -0.703323
         -1.4741        0.219546       -0.346709
       -0.156911         -1.1636       -0.399345
       -0.228358         0.48395     -0.00585755
       -0.596412       -0.689277        0.832371
        -1.09919       -0.991031         0.22246
       -0.910865        0.621676       -0.991241
        -1.49641       -0.250758      -0.0212895
       -0.630547        -1.25213         2.87035
        -1.39678        -0.86193        0.364592
        -0.65738       -0.295818       -0.175835
        -1.26214         1.29789        0.643899
        0.840247        -1.08025        0.555383
        0.243986        -1.24804        0.246963
        -0.01444        -1.76406        0.018745
       -0.193087         1.18964        0.244428
        0.929256        0.431259        0.731356
          0.3108         1.20819       -0.820074
       -0.629217         1.94413       -0.718748
       -0.289166        0.370526        -1.24121
        -1.81934        0.626796       -0.473915
         1.98479        0.830433        0.591363
       0.0500211        0.592001        -1.11091
       -0.778131         0.34842        0.279818
       -0.573527          2.3106        0.225612
        0.763053        0.281727        -1.33367
        -1.53823       -0.273068        -1.15763
       -0.760982        0.664774        -1.55053
         1.14841        -2.46895         -2.9096
        0.509643         1.31503       -0.377484
        0.715739       -0.446242        0.350881
       0.0275016       -0.253977         1.10703
        0.026565       -0.137056       -0.925982
        0.272279         0.48407       -0.606715
       -0.968229       -0.548271       -0.606532
       -0.861482        0.209743       -0.104824
       -0.416445         1.42713        0.877232
        0.882687       -0.294249       -0.886794
        -1.23505      -0.0279226         -1.3179
       -0.135072        -1.03304       -0.313948
       -0.328606       -0.915054         1.29476
       0.0979834       -0.717147        -1.06969
        0.366354        -1.48856       -0.805484
        0.366204        0.986057        -1.19799
       -0.814744      -0.0454292       -0.704409
        -1.15927        0.142236        0.169427
       -0.711126       -0.361051        0.540953
       -0.428445         1.15498        0.739676
        0.395136       0.0863537        0.061534
       -0.184942        0.357578         1.18841
        0.293849         1.39151       -0.227549
       -0.403064       -0.875412       -0.388891
          1.0852         -1.2938         1.01456
       -0.195909        -1.13237        0.218963
         1.47631         1.90574        0.370699
        0.734135        0.536103       -0.362119
        -1.13143       -0.360146       -0.947933
        0.418433       -0.342519       -0.399982
        0.617326       -0.482429       -0.424106
        -0.19321       -0.588317     -0.00709914
       -0.117248       -0.332587        0.467796
        -1.15385       -0.220469       -0.260355
        0.733921        0.497629        0.201408
       -0.797072         1.18222       -0.683052
        -1.05157            1.16       -0.117831
       -0.929528        -1.28148        0.735364
        0.576704       -0.426737       -0.921263
        0.720672       -0.307345         1.74148
        0.522982       -0.516413       -0.397279
       -0.449637         1.02892        0.225834
         1.58235        0.982442       -0.835151
       -0.097129        0.311043        -1.08913
      -0.0113693         0.11975       -0.601011
      -0.0501018        0.820684       -0.221687
        0.906011        -1.08752         1.28505
         1.22453        0.261858        -1.13733
        0.590005       -0.697319         1.21966
       0.0485406         1.21841       0.0173185
        0.541112      -0.0751378         1.07028
         -0.6582       -0.265371         1.20973
         1.11902        0.841527       -0.306469
        0.749695       -0.719708        0.118641
       -0.259016        -1.40675       -0.328627
         1.13536        -0.16987         1.15014
