         1.08061        0.712449        0.526231
        0.955496         -1.0451         1.41352
        0.044127       -0.385094       -0.529669
         1.70659       0.0791891        0.434405
         1.22858        0.152083        0.986729
         1.89875       -0.235945       -0.767318
        -1.02555       -0.223456        0.306373
       -0.112411        0.318521        0.240063
         2.24479       -0.365129         0.10429
        -1.44642        0.608177        0.598683
       -0.325141        -1.69245        -1.02466
       -0.904369       -0.197279        -0.31556
       -0.862721      -0.0285607        0.957985
        0.948129        0.502815       0.0585445
        0.498533           1.339          0.8274
       -0.279019       -0.986532        0.768686
        0.562556        0.730749         0.69462
        0.210569        -1.24931       -0.775539
       -0.276818         1.70778       -0.528112
        0.302019       0.0715364      -0.0516367
       -0.254531       0.0580161        0.414311
        -1.13954         1.30786         0.96857
        0.284424        -1.57824         1.57228
         1.89485        0.158467        0.687425
       -0.791348       -0.434689        -0.72609
        -1.52182        0.226653       -0.357932
        -0.16199        -1.20126       -0.412272
        -0.23575        0.499616     -0.00604716
       -0.615719       -0.711589        0.859315
        -1.13477        -1.02311        0.229662
       -0.940351          0.6418        -1.02333
        -1.54485       -0.258875      -0.0219786
       -0.650958        -1.29267         2.96326
          -1.442       -0.889831        0.376394
        -0.67866       -0.305394       -0.181527
          -1.303          1.3399        0.664743
        0.867446        -1.11522        0.573361
        0.251884        -1.28844        0.254958
      -0.0149074        -1.82116       0.0193518
       -0.199337         1.22815         0.25234
        0.959337        0.445219         0.75503
         0.32086          1.2473       -0.846621
       -0.649586         2.00706       -0.742015
       -0.298526         0.38252        -1.28139
        -1.87823        0.647086       -0.489256
         2.04904        0.857314        0.610506
       0.0516403        0.611165        -1.14687
        -0.80332        0.359699        0.288876
       -0.592092          2.3854        0.232916
        0.787754        0.290846        -1.37684
        -1.58803       -0.281907         -1.1951
       -0.785616        0.686293        -1.60072
         1.18558        -2.54887        -3.00379
        0.526141          1.3576       -0.389703
        0.738908       -0.460687         0.36224
       0.0283919       -0.262198         1.14287
       0.0274249       -0.141492       -0.955957
        0.281092         0.49974       -0.626355
       -0.999572       -0.566019       -0.626165
       -0.889369        0.216533       -0.108218
       -0.429925         1.47333        0.905629
        0.911261       -0.303775         -0.9155
        -1.27502      -0.0288264        -1.36056
       -0.139445        -1.06648        -0.32411
       -0.339243       -0.944675         1.33667
        0.101155       -0.740362        -1.10431
        0.378213        -1.53675       -0.831558
        0.378058         1.01798        -1.23677
       -0.841118      -0.0468998       -0.727211
         -1.1968         0.14684        0.174912
       -0.734146       -0.372739        0.558464
       -0.442314         1.19237         0.76362
        0.407927       0.0891491       0.0635259
       -0.190929        0.369153         1.22688
        0.303362         1.43656       -0.234915
       -0.416111       -0.903749        -0.40148
         1.12033        -1.33568          1.0474
        -0.20225        -1.16903        0.226051
          1.5241         1.96743        0.382698
        0.757899        0.553457       -0.373841
        -1.16805       -0.371804       -0.978618
        0.431978       -0.353606        -0.41293
        0.637309       -0.498046       -0.437834
       -0.199464       -0.607361     -0.00732895
       -0.121044       -0.343353        0.482939
         -1.1912       -0.227605       -0.268783
        0.757679        0.513737        0.207927
       -0.822874         1.22049       -0.705163
        -1.08561         1.19755       -0.121646
       -0.959617        -1.32297        0.759169
        0.595372       -0.440551       -0.951085
        0.744001       -0.317294         1.79786
        0.539911        -0.53313        -0.41014
       -0.464192         1.06223        0.233144
         1.63357         1.01424       -0.862185
       -0.100273        0.321112        -1.12438
      -0.0117374        0.123626       -0.620466
      -0.0517236         0.84725       -0.228863
        0.935339        -1.12272         1.32665
         1.26417        0.270335        -1.17415
        0.609104       -0.719892         1.25914
       0.0501119         1.25786       0.0178791
        0.558629      -0.0775701         1.10492
       -0.679506       -0.273962         1.24889
         1.15524        0.868767        -0.31639
        0.773963       -0.743006        0.122481
         -0.2674        -1.45229       -0.339265
         1.17211       -0.175369         1.18737
