       -0.844129       -0.689998        -1.38077
         1.20079       0.0203205       -0.391929
       -0.731235       -0.328964       -0.134162
        -1.71991        0.715526       -0.250622
      -0.0640173       0.0649497        -1.14943
        -1.18735         1.27517       -0.839488
          1.4556        0.548047       -0.185953
         2.05705         -0.2182         2.33056
         2.74049        -2.01063        0.435359
        0.371153         2.14424        -0.33253
        -1.06846        0.730434       -0.362032
        0.659248       -0.328649        -1.52462
        0.388668        0.182921       -0.995203
       -0.569722        -1.61504         2.41134
        -0.16773         0.83258       -0.558967
       -0.391809       -0.542637        -1.96481
        0.785646        0.865586        0.614035
          -1.166      -0.0392349        0.262791
         1.04399       -0.150085       -0.148816
      -0.0872708       -0.171293         1.21427
        0.627249        0.577102       0.0899135
       -0.561882         1.40495         2.47063
         1.56916       -0.227772         1.74799
        -1.22842        -1.37708        0.466777
        0.990648        -1.59292       -0.587132
         1.68403        -1.02648       -0.341428
        -1.02732       -0.699808       -0.614904
       0.0183564       -0.458878       -0.196306
       -0.627264         0.46846        0.466576
        -1.54151       -0.383188        -0.83941
        -1.21817       -0.343356       -0.707239
         1.26422         2.27825        0.211339
        0.339838         -1.3767       -0.108698
       -0.791449         1.12522        -1.98439
        -1.88373       -0.747854         1.16549
       -0.429452       0.0626499          3.6431
         1.86251        -1.16716         2.81692
       -0.522122        0.931146        -0.52974
        -1.10633       -0.793485        -1.09019
       -0.471601        0.230788        0.395063
         2.11456        -0.96066        0.214943
        0.869147        0.143702        0.582882
        0.734304        -1.74824       -0.132494
       -0.136574         1.44488        -0.69949
       -0.397478          2.3823     -0.00913482
        -1.80989       0.0587743       0.0207773
       0.0192128        -1.08876       -0.238121
        0.970111         1.12894         -1.4564
         1.66643         1.17238         1.17855
      -0.0687389        -0.62409       -0.512325
        0.342832       -0.540236        0.840989
        0.919043       -0.572511       -0.177656
        -1.21425         1.12661        0.404227
         1.32803         -0.5688        0.565319
        0.184072        0.234572        0.526077
        -1.76192        -1.73962         2.00679
        0.281825       -0.695728       -0.672427
        -1.15601        -0.37887         1.22121
     -0.00461415        0.104635         2.41267
         2.06068        -1.36297       -0.189853
       -0.650509          2.5905       -0.534319
        0.607296        0.232594       -0.917146
      -0.0180771        -1.26699       -0.103411
        -1.77957        0.151676       -0.447572
          1.6415        0.672759         0.30328
      -0.0214232        0.785941        -1.61448
        0.907469         1.75041        0.376249
       -0.372351         1.59696       -0.413115
         0.11181        0.435272       -0.196491
       -0.140859         1.04742        0.174967
         0.45462        0.791239       -0.582082
        -1.92935       -0.826874        0.748526
        0.509816       -0.630413       -0.490512
       -0.955252        -1.09967        0.225858
       0.0776544        0.212275        -1.30904
        -1.56014         1.54181      -0.0704672
        -0.47363       -0.262974        -1.56207
        -0.72078        0.900813        0.273454
       0.0587817       -0.386927        0.902521
       -0.464798         1.59143         1.28867
       -0.884726        0.833326       -0.953016
        0.070822          1.6957       -0.846824
       -0.339818       -0.669326       -0.270854
        0.771006         -1.0945        -0.11459
       -0.502637       -0.827219        0.360737
        -1.77368         1.07041        -0.25881
        -3.31266       0.0906324         2.31161
        0.458186        -1.81413       -0.829938
      -0.0228008       -0.339899        -0.41331
        -1.06358         1.08572         0.98683
         1.68349        -1.05311        0.381881
         2.14483       0.0947307       -0.168322
         1.57638       0.0691982       -0.162841
          1.2082          2.8718       -0.678042
         1.10876        0.365087        0.601258
         1.95225         0.72204       -0.285051
        0.220843        -1.14163        -1.77357
       -0.205346       -0.659673        -1.37943
       -0.223611       -0.507487       -0.932161
         1.65346        -2.67564        -1.24905
        -0.46135        0.399226      -0.0946278
       -0.131875        -1.43396       -0.974554
        -1.03602        -1.31616        0.725112
       -0.968428        -0.83975        0.396961
       -0.612018       -0.165702       -0.570095
       -0.803085       -0.360102         1.39698
        0.706316        -0.86323        -1.52195
        -1.08764        0.951144        0.852925
