         1.30427        0.859909        0.635148
         1.15326        -1.26141         1.70609
       0.0532602         -0.4648       -0.639298
         2.05981       0.0955793        0.524317
         1.48286         0.18356         1.19096
         2.29174       -0.284779       -0.926135
        -1.23781       -0.269706        0.369784
       -0.135677        0.384447         0.28975
          2.7094       -0.440702        0.125876
        -1.74579        0.734055        0.722596
       -0.392437        -2.04275        -1.23674
        -1.09155       -0.238111       -0.380873
        -1.04128      -0.0344721         1.15626
         1.14437        0.606885       0.0706618
        0.601717         1.61614        0.998652
       -0.336769        -1.19072        0.927785
        0.678992        0.881996        0.838389
        0.254152        -1.50789       -0.936057
       -0.334112         2.06125       -0.637418
         0.36453       0.0863427      -0.0623242
       -0.307212        0.070024        0.500064
         -1.3754         1.57856         1.16904
        0.343293         -1.9049         1.89771
         2.28704        0.191266        0.829705
       -0.955138       -0.524659       -0.876373
         -1.8368        0.273565       -0.432016
       -0.195518        -1.44989       -0.497603
       -0.284544        0.603024     -0.00729878
       -0.743157       -0.858871         1.03717
        -1.36964        -1.23487        0.277196
        -1.13498        0.774637        -1.23513
        -1.86459       -0.312455      -0.0265276
        -0.78569        -1.56022         3.57659
        -1.74045          -1.074        0.454298
       -0.819125       -0.368603       -0.219098
        -1.57269         1.61723        0.802328
         1.04699        -1.34604        0.692033
        0.304018        -1.55511        0.307728
      -0.0179929        -2.19809       0.0233572
       -0.240595         1.48235        0.304568
          1.1579        0.537368        0.911303
        0.387271         1.50546        -1.02185
       -0.784034         2.42247       -0.895594
       -0.360314        0.461692        -1.54661
        -2.26698        0.781017        -0.59052
         2.47314         1.03476        0.736866
       0.0623286        0.737661        -1.38424
       -0.969588        0.434147        0.348666
       -0.714641         2.87911        0.281124
          0.9508        0.351044        -1.66182
        -1.91671       -0.340255        -1.44246
       -0.948219        0.828339        -1.93203
         1.43097        -3.07642         -3.6255
        0.635039         1.63859       -0.470363
        0.891844       -0.556038        0.437214
       0.0342683       -0.316467         1.37941
       0.0331012       -0.170778        -1.15382
        0.339272        0.603174       -0.755995
        -1.20646       -0.683171       -0.755766
        -1.07345         0.26135       -0.130616
       -0.518909         1.77827         1.09307
         1.09987       -0.366649        -1.10499
        -1.53892      -0.0347928        -1.64216
       -0.168307        -1.28721       -0.391193
       -0.409458         -1.1402         1.61332
        0.122092       -0.893599        -1.33288
        0.456494        -1.85482        -1.00367
        0.456307         1.22867        -1.49275
        -1.01521      -0.0566069       -0.877726
        -1.44451        0.177232        0.211114
       -0.886096       -0.449887        0.674052
       -0.533862         1.43916        0.921671
        0.492358        0.107601       0.0766742
       -0.230447        0.445559         1.48082
         0.36615         1.73389       -0.283537
       -0.502236         -1.0908       -0.484577
         1.35221        -1.61213         1.26419
       -0.244111        -1.41099        0.272838
         1.83956         2.37464        0.461908
        0.914766        0.668009       -0.451217
        -1.40981       -0.448759        -1.18117
        0.521387       -0.426794       -0.498396
        0.769216       -0.601129       -0.528455
       -0.240749        -0.73307     -0.00884586
       -0.146097       -0.414419        0.582896
        -1.43775       -0.274714       -0.324414
          0.9145        0.620069        0.250963
       -0.993188          1.4731       -0.851114
        -1.31031         1.44541       -0.146823
        -1.15823        -1.59679        0.916298
          0.7186       -0.531734        -1.14794
        0.897991       -0.382966         2.16997
         0.65166       -0.643475       -0.495029
       -0.560269         1.28208          0.2814
         1.97168         1.22417        -1.04064
       -0.121027        0.387574         -1.3571
      -0.0141667        0.149214       -0.748887
      -0.0624292         1.02261       -0.276232
         1.12893         -1.3551         1.60124
         1.52582        0.326287        -1.41717
        0.735174       -0.868892         1.51975
       0.0604839          1.5182       0.0215796
        0.674251      -0.0936252         1.33362
       -0.820148       -0.330665         1.50737
         1.39435         1.04858       -0.381875
        0.934155        -0.89679        0.147832
       -0.322745        -1.75288       -0.409484
         1.41471       -0.211666         1.43312
