       -0.898239         -1.3681         1.54002
       -0.636974        -1.59505         1.27873
       -0.891877        0.520658        -1.22019
       -0.291953        0.590789         1.32729
         1.38336        0.954623       -0.195907
        -1.61697       -0.137227        0.921579
       0.0883997        -1.78448       0.0458202
       -0.962295        0.918093         1.15851
      -0.0844962       -0.272478       -0.568151
        -1.61241        0.635836        -1.26428
        0.254579       -0.012796          -0.573
        0.642796        0.485154       -0.878424
       -0.108178        0.275014        -0.28665
        0.645881        -1.41008       -0.468023
        0.155603        0.995297       -0.436348
        0.669949         1.44279        0.143371
       -0.752787          1.0295       -0.285357
        -1.34922       -0.216731         1.42194
        0.739571          2.2913       -0.801294
      -0.0641379       -0.476096        -1.16786
        0.586196       -0.159994        -1.06842
        -1.00044        -1.43363       -0.336372
      -0.0897682        0.941966        0.661332
         1.15209         -1.3482       -0.623672
          2.6704       -0.405916        0.351509
         1.22406        0.394757        0.254223
        0.686586        -1.60267         1.30134
       -0.231415        -1.16173        0.169699
        0.668116         0.45073       -0.508796
        0.857009        -2.33791        0.580104
       -0.701144         0.24456        0.669685
         1.98776        0.812569       -0.844442
        0.153259      -0.0662407        0.375605
        0.307399       -0.532902        -1.47284
       -0.412989         -2.4749       -0.294962
         0.20058       -0.418999       -0.739652
        0.109686       -0.698972        -1.96848
        -1.05481       -0.341078        0.684078
        0.698615        0.642898        0.705283
       -0.550296        0.220021        -2.17603
       -0.165533        0.406728         -1.6915
        0.166384        -1.37958         1.33589
       -0.145106         0.36778         0.88432
        -1.84672        0.892194        -1.26059
       -0.875207         1.00152       -0.298852
       -0.378293        0.790186       -0.759657
       0.0199432        0.537259       -0.485266
       -0.782816        0.318488        0.205967
        0.690971       -0.823266         2.34328
      -0.0402401        -1.14338       -0.143919
       -0.391355       -0.297385        0.723601
         0.27185         1.52817        -1.32274
        0.453226        0.210206        0.791963
         1.03132         1.64606         -0.1816
         1.30809       -0.759715       -0.908395
       -0.312862       -0.742541       -0.619036
        0.118048       -0.575429       -0.449893
        0.503015       -0.467401       0.0686575
      -0.0258567         1.02054       -0.756298
        0.949662      -0.0297654        0.157116
        0.637423       -0.789373         1.26684
        -1.48508         1.23333        0.398423
        -1.02633         2.11691        0.942184
        0.424369       -0.332036        -1.53819
       -0.944276       0.0177083       -0.688031
       -0.204468       -0.554429      -0.0238646
       -0.274565       -0.804539         1.17211
        0.718802         1.39651        -0.24241
        0.498988         2.14619        -2.08957
        0.468774       -0.314693       -0.101137
       -0.698095        -1.04641         1.31063
        0.422767       -0.880925         1.29941
        -1.08269       -0.751681        0.900985
        0.093211       0.0605472         1.89002
         1.54535         -1.8124        0.217501
       -0.738777         1.77322           2.349
      -0.0267286        0.457602        0.757103
       -0.788095       -0.625153         1.16219
      -0.0102849        0.577779       -0.940095
       0.0126802         0.83684        0.754835
        0.599925         1.17165       -0.735826
        -1.32797        -1.19165        0.322877
        0.461081       -0.192824        -1.83718
        0.565111        0.673387         1.58288
       -0.192034       -0.783581        0.172604
       -0.882208         1.74783         1.43414
       -0.275484        0.374922       -0.541826
         1.18869        0.297557       -0.762743
        0.275293       -0.836107       -0.513311
        -1.03671        -1.00218        0.310742
        0.741981       -0.490568        0.927973
       -0.619251        0.919906       -0.886031
         1.26835         1.64305         1.76674
       -0.266914       -0.511685          1.3657
      -0.0386956        0.385385        0.221239
        -0.38475      -0.0558785         1.27098
         0.84368        -0.42151        -1.64719
       -0.168673       -0.862068        0.750057
       -0.936433       0.0305725        -1.38036
        0.110172     -0.00637615        0.646285
       -0.849292       -0.896333        -2.53535
       -0.545421         1.90703        -0.11025
        -0.13171       -0.824051        0.278934
        -1.19664        -1.17589       0.0833153
         1.33485        0.132357       -0.309073
         0.50551          0.6985       -0.923819
        0.864877        0.673092        -1.83258
       -0.570336       -0.200559         1.03913
