         1.02586        0.676352        0.499569
        0.907084       -0.992146          1.3419
       0.0418912       -0.365583       -0.502833
         1.62012       0.0751769        0.412396
         1.16633        0.144377        0.936735
         1.80255        -0.22399       -0.728441
       -0.973587       -0.212134         0.29085
       -0.106716        0.302383          0.2279
         2.13105       -0.346629       0.0990061
        -1.37313        0.577363         0.56835
       -0.308667         -1.6067       -0.972746
       -0.858548       -0.187284       -0.299571
        -0.81901      -0.0271136        0.909447
        0.900091        0.477339       0.0555783
        0.473274         1.27116        0.785479
       -0.264882       -0.936548         0.72974
        0.534054        0.693724        0.659426
        0.199901        -1.18601       -0.736245
       -0.262792         1.62125       -0.501354
        0.286717       0.0679119      -0.0490204
       -0.241635       0.0550766         0.39332
        -1.08181          1.2416        0.919497
        0.270013        -1.49828         1.49262
         1.79885        0.150439        0.652596
       -0.751253       -0.412665       -0.689302
        -1.44471        0.215169       -0.339797
       -0.153783         -1.1404       -0.391384
       -0.223805        0.474302     -0.00574078
       -0.584522       -0.675536        0.815777
        -1.07727       -0.971275        0.218026
       -0.892707        0.609283        -0.97148
        -1.46658       -0.245759       -0.020865
       -0.617976        -1.22717         2.81313
        -1.36894       -0.844747        0.357323
       -0.644274       -0.289921       -0.172329
        -1.23698         1.27201        0.631063
        0.823496        -1.05871        0.544311
        0.239122        -1.22316         0.24204
      -0.0141521        -1.72889       0.0183713
       -0.189237         1.16593        0.239555
        0.910731        0.422661        0.716776
        0.304604         1.18411       -0.803726
       -0.616674         1.90537        -0.70442
       -0.283401        0.363139        -1.21647
        -1.78307          0.6143       -0.464467
         1.94522        0.813877        0.579574
       0.0490239        0.580199        -1.08876
       -0.762619        0.341474        0.274239
       -0.562093         2.26454        0.221115
        0.747841         0.27611        -1.30708
        -1.50757       -0.267624        -1.13455
       -0.745812        0.651521        -1.51962
         1.12551        -2.41973         -2.8516
        0.499483         1.28882       -0.369959
         0.70147       -0.437346        0.343886
       0.0269534       -0.248914         1.08496
       0.0260354       -0.134323       -0.907522
        0.266851         0.47442        -0.59462
       -0.948927       -0.537341        -0.59444
       -0.844308        0.205562       -0.102735
       -0.408142         1.39868        0.859744
         0.86509       -0.288383       -0.869115
        -1.21042      -0.0273659        -1.29163
        -0.13238        -1.01244       -0.307689
       -0.322055       -0.896812         1.26894
       0.0960301       -0.702851        -1.04836
         0.35905        -1.45889       -0.789427
        0.358904          0.9664        -1.17411
       -0.798502      -0.0445235       -0.690366
        -1.13616          0.1394        0.166049
       -0.696949       -0.353854        0.530169
       -0.419903         1.13196        0.724931
        0.387259       0.0846322       0.0603073
       -0.181255         0.35045         1.16472
        0.287991         1.36377       -0.223013
       -0.395029        -0.85796       -0.381139
         1.06357        -1.26801        0.994333
       -0.192003         -1.1098        0.214597
         1.44688         1.86775        0.363309
        0.719499        0.525416         -0.3549
        -1.10887       -0.352967       -0.929035
        0.410092        -0.33569       -0.392008
        0.605019       -0.472812       -0.415651
       -0.189358       -0.576589     -0.00695762
       -0.114911       -0.325957         0.45847
        -1.13084       -0.216073       -0.255165
         0.71929        0.487708        0.197392
       -0.781182         1.15865       -0.669435
        -1.03061         1.13687       -0.115482
       -0.910997        -1.25594        0.720704
        0.565207        -0.41823       -0.902897
        0.706305       -0.301218         1.70677
        0.512556       -0.506118        -0.38936
       -0.440674         1.00841        0.221332
          1.5508        0.962857       -0.818502
      -0.0951927        0.304842        -1.06742
      -0.0111427        0.117362       -0.589029
       -0.049103        0.804323       -0.217267
        0.887949        -1.06584         1.25944
         1.20012        0.256638        -1.11466
        0.578243       -0.683418         1.19534
       0.0475729         1.19412       0.0169732
        0.530325      -0.0736399         1.04894
       -0.645078       -0.260081         1.18561
         1.09671         0.82475        -0.30036
        0.734749        -0.70536        0.116276
       -0.253852        -1.37871       -0.322075
         1.11272       -0.166483         1.12721
