         1.26499        0.834013        0.616021
         1.11853        -1.22342         1.65471
       0.0516563       -0.450802       -0.620046
         1.99778        0.092701        0.508527
         1.43821        0.178032         1.15509
         2.22273       -0.276203       -0.898245
        -1.20054       -0.261584        0.358648
       -0.131592         0.37287        0.281024
         2.62781        -0.42743        0.122085
        -1.69322        0.711949        0.700835
       -0.380619        -1.98123         -1.1995
        -1.05868       -0.230941       -0.369403
        -1.00993       -0.033434         1.12144
         1.10991        0.588609       0.0685338
        0.583596         1.56747        0.968578
       -0.326628        -1.15486        0.899846
        0.658544        0.855435        0.813141
        0.246498        -1.46248       -0.907868
       -0.324051         1.99917       -0.618222
        0.353552       0.0837426      -0.0604473
       -0.297961       0.0679152        0.485005
        -1.33398         1.53102         1.13384
        0.332955        -1.84754         1.84056
         2.21817        0.185506        0.804719
       -0.926374       -0.508859       -0.849982
        -1.78148        0.265327       -0.419006
       -0.189631        -1.40623       -0.482618
       -0.275975        0.584864     -0.00707898
       -0.720778       -0.833006         1.00594
        -1.32839        -1.19768        0.268848
         -1.1008        0.751309        -1.19794
        -1.80844       -0.303046      -0.0257288
        -0.76203        -1.51323         3.46888
        -1.68804        -1.04166        0.440617
       -0.794458       -0.357503         -0.2125
        -1.52533         1.56853        0.778166
         1.01546         -1.3055        0.671193
        0.294862        -1.50828        0.298461
       -0.017451         -2.1319       0.0226538
        -0.23335         1.43771        0.295396
         1.12303        0.521186         0.88386
        0.375608         1.46013       -0.991078
       -0.760423         2.34952       -0.868623
       -0.349463        0.447789        -1.50004
        -2.19871        0.757497       -0.572737
         2.39866          1.0036        0.714676
       0.0604516        0.715447        -1.34256
       -0.940389        0.421073        0.338166
        -0.69312         2.79241        0.272658
        0.922167        0.340473        -1.61177
        -1.85899       -0.330008        -1.39902
       -0.919664        0.803394        -1.87385
         1.38787        -2.98378        -3.51632
        0.615915         1.58925       -0.456198
        0.864987       -0.539293        0.424048
       0.0332364       -0.306937         1.33787
       0.0321044       -0.165635        -1.11907
        0.329055        0.585009       -0.733229
        -1.17013       -0.662597       -0.733007
        -1.04112        0.253479       -0.126683
       -0.503283         1.72472         1.06015
         1.06675       -0.355607        -1.07171
        -1.49258      -0.0337451        -1.59271
       -0.163238        -1.24845       -0.379413
       -0.397127        -1.10586         1.56474
        0.118415       -0.866689        -1.29274
        0.442747        -1.79896       -0.973446
        0.442566         1.19167         -1.4478
       -0.984637      -0.0549022       -0.851294
        -1.40101        0.171895        0.204756
       -0.859412       -0.436339        0.653754
       -0.517785         1.39582        0.893915
        0.477531         0.10436       0.0743652
       -0.223507        0.432141         1.43622
        0.355124         1.68167       -0.274998
       -0.487112        -1.05795       -0.469984
         1.31149        -1.56358         1.22612
        -0.23676         -1.3685        0.264621
         1.78416         2.30313        0.447998
        0.887218        0.647893       -0.437629
        -1.36736       -0.435245         -1.1456
        0.505686       -0.413941       -0.483387
        0.746052       -0.583027       -0.512541
       -0.233499       -0.710994     -0.00857947
       -0.141697       -0.401939        0.565342
        -1.39445       -0.266441       -0.314645
         0.88696        0.601396        0.243406
       -0.963279         1.42874       -0.825483
        -1.27085         1.40188       -0.142402
        -1.12336         -1.5487        0.888704
         0.69696       -0.515721        -1.11337
        0.870949       -0.371433         2.10462
        0.632035       -0.624097       -0.480121
       -0.543397         1.24347        0.272925
          1.9123          1.1873         -1.0093
       -0.117383        0.375902        -1.31624
      -0.0137401         0.14472       -0.726335
      -0.0605491        0.991815       -0.267914
         1.09493        -1.31429         1.55302
         1.47987        0.316461        -1.37449
        0.713035       -0.842726         1.47398
       0.0586624         1.47248       0.0209298
        0.653946      -0.0908057         1.29345
       -0.795449       -0.320707         1.46198
         1.35236           1.017       -0.370375
        0.906023       -0.869783         0.14338
       -0.313026        -1.70009       -0.397153
          1.3721       -0.205292         1.38997
