         1.03982        0.685554        0.506366
        0.919426        -1.00565         1.36016
       0.0424612       -0.370557       -0.509675
         1.64217       0.0761997        0.418007
          1.1822        0.146342        0.949481
         1.82707       -0.227038       -0.738353
       -0.986834        -0.21502        0.294807
       -0.108168        0.306497        0.231001
         2.16005       -0.351346        0.100353
        -1.39182        0.585219        0.576083
       -0.312867        -1.62856       -0.985981
       -0.870229       -0.189832       -0.303647
       -0.830154      -0.0274825        0.921821
        0.912337        0.483834       0.0563345
        0.479713         1.28845        0.796166
       -0.268486       -0.949291        0.739669
         0.54132        0.703163        0.668398
         0.20262        -1.20215       -0.746263
       -0.266368         1.64331       -0.508176
        0.290618        0.068836      -0.0496874
       -0.244922        0.055826        0.398671
        -1.09653         1.25849        0.932007
        0.273687        -1.51867         1.51293
         1.82332        0.152485        0.661475
       -0.761475       -0.418279       -0.698681
        -1.46437        0.218097       -0.344421
       -0.155875        -1.15592       -0.396709
        -0.22685        0.480756     -0.00581888
       -0.592475       -0.684727        0.826877
        -1.09193        -0.98449        0.220992
       -0.904853        0.617573       -0.984698
        -1.48653       -0.249102      -0.0211489
       -0.626384        -1.24387          2.8514
        -1.38756        -0.85624        0.362185
        -0.65304       -0.293866       -0.174674
        -1.25381         1.28932        0.639649
        0.834701        -1.07312        0.551717
        0.242375         -1.2398        0.245333
      -0.0143447        -1.75241       0.0186213
       -0.191812         1.18179        0.242814
        0.923122        0.428412        0.726528
        0.308748         1.20022       -0.814661
       -0.625064          1.9313       -0.714004
       -0.287257         0.36808        -1.23302
        -1.80733        0.622658       -0.470787
         1.97168        0.824951         0.58746
       0.0496909        0.588094        -1.10357
       -0.772995         0.34612        0.277971
       -0.569741         2.29535        0.224123
        0.758017        0.279867        -1.32487
        -1.52808       -0.271265        -1.14999
       -0.755959        0.660386        -1.54029
         1.14083        -2.45265         -2.8904
        0.506279         1.30635       -0.374992
        0.711015       -0.443296        0.348565
       0.0273201         -0.2523         1.09973
       0.0263897       -0.136151        -0.91987
        0.270481        0.480875        -0.60271
       -0.961838       -0.544652       -0.602528
       -0.855795        0.208359       -0.104132
       -0.413696         1.41771        0.871442
        0.876861       -0.292307        -0.88094
        -1.22689      -0.0277383         -1.3092
       -0.134181        -1.02622       -0.311875
       -0.326436       -0.909014         1.28621
       0.0973367       -0.712414        -1.06262
        0.363935        -1.47873       -0.800168
        0.363787        0.979549        -1.19008
       -0.809366      -0.0451293       -0.699759
        -1.15162        0.141297        0.168309
       -0.706432       -0.358668        0.537382
       -0.425616         1.14736        0.734794
        0.392528       0.0857837       0.0611278
       -0.183721        0.355218         1.18057
         0.29191         1.38233       -0.226047
       -0.400403       -0.869633       -0.386324
         1.07804        -1.28526         1.00786
       -0.194616         -1.1249        0.217517
         1.46657         1.89316        0.368252
        0.729289        0.532565       -0.359729
        -1.12396       -0.357769       -0.941676
        0.415671       -0.340258       -0.397342
        0.613251       -0.479245       -0.421306
       -0.191935       -0.584434     -0.00705228
       -0.116474       -0.330392        0.464708
        -1.14623       -0.219013       -0.258636
        0.729077        0.494344        0.200078
        -0.79181         1.17442       -0.678543
        -1.04463         1.15234       -0.117054
       -0.923392        -1.27303         0.73051
        0.572897        -0.42392       -0.915182
        0.715915       -0.305316         1.72999
         0.51953       -0.513005       -0.394657
       -0.446669         1.02213        0.224343
          1.5719        0.975958       -0.829638
      -0.0964879         0.30899        -1.08194
      -0.0112943        0.118959       -0.597044
      -0.0497711        0.815267       -0.220224
         0.90003        -1.08034         1.27657
         1.21645         0.26013        -1.12982
        0.586111       -0.692717         1.21161
       0.0482202         1.21037       0.0172042
        0.537541      -0.0746418         1.06321
       -0.653855        -0.26362         1.20174
         1.11163        0.835972       -0.304447
        0.744746       -0.714957        0.117858
       -0.257306        -1.39747       -0.326458
         1.12786       -0.168749         1.14254
