         1.46915       -0.107555        -1.66841
       -0.451379         2.12312         1.76364
        0.075101        -2.31806        0.528703
        0.620139        0.566406        -1.55993
       -0.596428        -0.18339       -0.616082
         0.14512         1.93187       0.0932225
       -0.630105       -0.919338         0.44796
       -0.679626        0.435899        0.128741
       -0.756727        -1.01843         1.72887
        0.886938        -1.50934        0.314324
        -1.73928       -0.244152        -1.13224
        0.144052        0.243601       -0.475966
         1.53132        -2.27429        -1.16316
         1.30721        -2.63254        -1.07514
        0.207786         1.19251        0.654791
        0.118845       -0.732657        -1.06211
          1.0917        0.763003        0.182824
       -0.815857        0.187351         1.39001
         1.66746        0.342897       -0.841569
        0.522964         2.26419         0.15962
         1.05519        0.776923         1.35004
        0.265771        0.196021         1.26353
         1.24402       -0.717445        -1.06952
         1.48258      -0.0826069        0.253574
        -1.05526       -0.825566      0.00555982
         -1.5963        0.132132       -0.312447
        0.388063        0.761327       0.0334188
      -0.0833156         1.51985       -0.210982
        -1.83685        0.480879        0.637629
       -0.092353       0.0540839        0.224823
      -0.0988807         1.30469       -0.931174
        -0.18647        -0.53934      -0.0227388
         2.14903       -0.575245       -0.158885
         1.89119       -0.722702        0.385422
         1.38901         0.70033       0.0780818
        -1.18627         1.44447         1.21193
        0.724947         1.31793         1.72661
        0.653284        0.610591        0.108116
        0.191803        -1.81428       -0.262614
        0.334329       0.0956722       0.0457197
        0.889393       -0.946134         0.48715
      -0.0827958        0.149415       -0.404844
         1.51848         1.73576        -2.06612
       -0.833479         -2.1102        -1.91576
       0.0777251        0.727026       -0.987296
        -0.24643        -1.61034        0.260767
       -0.228734        -0.71681        -2.25806
        -1.00411       -0.736736       -0.608511
         1.26931        0.974303        -1.63192
        0.209096       -0.381881        0.805791
        0.230255        0.745463       -0.561258
      -0.0736628        -1.25394        0.970788
       -0.695258        0.190571       -0.104233
          0.3097        -1.28626        -1.00996
          -1.578         0.52974       0.0719023
        0.427167          0.9965         1.69237
       -0.648118         1.00237        0.391459
        -1.27737       -0.798168         1.04642
        -1.70858        -2.10846        0.341709
        -1.18338         2.60967       -0.209878
        -1.82162        -1.31367        0.401902
      -0.0342856        -2.61875         1.39985
        0.375167       -0.541237       -0.816358
       0.0220064       -0.647864       -0.014304
        -0.74888         1.15451        0.831454
       -0.478509        -1.13093        0.387764
         2.41124        0.142644        0.935945
        -1.06352        -1.73768       -0.914414
       -0.253653     -0.00474587       -0.874267
        0.365271         -1.9971         1.96718
        0.017177        -1.14456        -1.44142
       0.0417346        0.409014         1.87529
         0.95343        0.305337         1.09784
        0.364077        -2.69586        -2.15044
        -1.12849        0.159806        0.904888
         2.71126         0.34938        -0.56816
        -0.35034       -0.208754         1.26347
       -0.101997         1.76065       -0.208444
       -0.327506         0.31558       -0.920233
        -2.34254         1.89446       -0.157105
        0.722973         1.13127        0.764926
        0.470345         1.07732        -1.28542
       -0.729528        -1.10675       -0.661175
       -0.470444         1.52568       -0.294183
          1.0199        0.494939         3.01171
        -1.48164        0.482642       -0.293614
        -1.87812        -1.06949         2.00321
        0.143041       -0.412709         -1.2209
        0.283316         1.05424         1.65694
        0.304052        0.140789        0.896889
        0.187768         1.85792        -0.60556
         0.52323          1.6463        0.696369
        -2.70219        0.633256          1.1954
        -0.69717        0.517742        -1.30807
        -1.31478         0.87531       -0.450347
        0.840715         1.11838        -1.02478
      -0.0981828        0.254692        0.242264
        0.154364        -1.08522        0.312349
        0.214444       -0.183586        -0.49773
        -1.13172        0.221137         1.09056
         1.84253         1.23789       -0.457824
        -1.05886       -0.765496        -2.32645
         1.46251        -1.20333       -0.178389
       -0.845338        0.577473       -0.983095
      -0.0119111        -0.63163        0.578686
       -0.607524        -1.67061        -1.82325
         1.63974        0.560332         1.96594
       -0.514623        0.330591       -0.469603
