      -0.0784413        -1.22208        0.171494
        0.306558       -0.323305        -3.21951
        0.157718        -1.10744         2.07917
        -1.14391      -0.0607013          1.9106
         1.82064        0.710176        0.546403
       -0.850862        0.486025      -0.0560148
         1.16525       0.0379212       -0.844843
        0.206686         1.70508        0.895411
        0.657111        0.959967        0.385341
        -1.30137       -0.837086          1.0293
        0.852504        0.163642       -0.493357
       -0.547725       -0.737014        -1.17334
       -0.745234         1.13492        0.288095
       -0.961447        0.363284        0.965915
        -0.20477       -0.512545        -1.12253
       0.0193581        0.877813         1.00585
       -0.693822        0.990732        0.178497
      -0.0392645        -2.23753        0.795597
        -1.86644        0.240419        0.408523
      -0.0732602         1.02305         -1.1802
        0.277457         1.39141       -0.342242
        0.138838        -1.31661        0.343557
        -1.36611       0.0235289        -0.49941
        0.938445         1.49565         1.96042
         1.70624       -0.207022       -0.337423
       -0.534729        0.124565        0.141638
         1.14739        0.245716        -1.37174
        0.568162       -0.956947        0.490581
        0.448682        0.189935        0.186604
        0.489301        0.894924         -1.2205
        -0.41595       -0.569661       -0.295774
      -0.0492345       -0.573332         1.04207
       0.0213144      -0.0864862       -0.351982
       -0.906286         1.26958       -0.186261
        -1.34066       -0.626386       -0.640672
        0.925097       -0.429706        -1.42657
       -0.319787        -0.16892        0.491446
       -0.111054       -0.255068         1.46305
        0.690031        0.163129        -2.57584
       -0.275659       -0.141249         1.37429
        0.531897        -1.22215        0.409658
        0.262373      -0.0610201        -0.60752
       -0.332252        -1.19903        0.160854
      -0.0663812       -0.185408       0.0560635
       -0.252806        -0.37719       -0.799464
         1.75982         0.42437        0.165009
       -0.106841        -1.09528        0.122454
       -0.733307         -1.1796       -0.319158
       -0.455605         1.03478       -0.942229
       -0.632256        -1.36223        0.424755
        -0.45229       -0.189204       -0.460573
       -0.525065         1.18532         1.14096
        -1.73621        0.192957        0.607977
       -0.848673        -1.29859        -0.43354
       -0.556456        -1.59971       -0.250172
         1.50498         1.44742         0.97167
        0.351734         0.22618        0.513737
       -0.521952        0.132921       0.0733496
       0.0420239       -0.182223       -0.134454
        0.774902       0.0837648       -0.137665
       -0.405691         1.88497        0.316512
       -0.401371       -0.317323      -0.0593638
       0.0722936       -0.753051        -1.83925
       -0.908301        0.358093        0.834635
        0.291084        0.383474        -1.26252
       -0.163271       -0.410757       -0.340908
        0.186786         1.97102        0.431961
        -1.83912       -0.916622         0.82911
        0.674552        -1.35168        0.056158
        0.770739        -1.21089       -0.502888
       -0.247742       -0.780834        0.100509
        -1.44852       -0.365944        0.953949
         1.62213         1.52828         1.17129
        0.370976        0.381785         1.16759
        0.293439       -0.400878       -0.641577
       -0.619835      -0.0679228        -1.54105
         1.23419         1.59809        0.614896
        -0.89237       -0.334085       -0.934715
       -0.191867        0.385734       -0.868005
        0.195353        -0.25538      -0.0772487
        0.327018       -0.704209         -2.2614
        0.585933         1.22041        0.842621
         1.37692       -0.866555       -0.285466
         1.27923       -0.460274       -0.337521
       -0.262382        0.748647        -1.17371
       -0.965609       -0.464237      -0.0968659
        0.277758        0.943618        0.701152
       -0.402667      -0.0499835        0.298132
        -1.80606       0.0800929         1.48736
        0.198077       -0.750546       -0.101929
         1.11909       -0.568519        0.341453
       0.0560226      -0.0702702        0.170051
       -0.142557       -0.794077       -0.632875
        -1.00269        0.417247         1.08014
         1.51653        0.762287         1.53214
       0.0979378        -0.24923        0.313728
        0.892893      0.00669351       -0.935079
        -1.06055        0.554238       -0.347205
       -0.258356       -0.273898        0.745441
        0.650808       0.0939494        -1.44612
      -0.0468961          1.1535       0.0756772
       -0.772567       -0.412079         1.49639
        -1.60276        0.337858       -0.403312
        0.911605        0.120388        -0.14512
        0.896257         2.25206       -0.742385
        0.910086        0.477818       0.0753422
       -0.146516       -0.623443      -0.0874348
         2.06157          -1.106       0.0503496
