        0.242465       -0.549113        -1.22811
       -0.190136       0.0638938       -0.482264
          1.8213        -2.11987        0.831213
       -0.304999        0.383323       -0.709145
       -0.651245         1.26985         1.27979
      -0.0860209       -0.471728       -0.671433
       -0.493576         0.57061        0.305078
        0.675563        0.155103         0.68543
        0.127818       -0.316731       -0.282628
         0.88417        0.105315       -0.655533
        0.765673        0.382445         -1.6357
        0.710758        0.738154        0.201297
         1.09887        -0.98184         1.33018
       -0.117933       -0.172703       -0.723019
        -0.42672        0.155921         0.97935
        -1.23704        0.835224       -0.858626
        0.149896       -0.633766       -0.865267
        0.255423         1.02701         1.59089
      -0.0503529       -0.673138        0.032865
        -1.29948       -0.439322       -0.566459
        0.111896         1.49159        -1.35422
        0.851572       -0.299467        0.204938
       -0.116128         1.89781        0.154477
       -0.605681        0.566672        -1.45631
           1.328         1.14342        -1.22596
       -0.101033       0.0800305       -0.312906
       -0.520581        -1.55318       -0.586186
        0.906829        0.140879         -1.0658
       -0.160582        -1.58129        0.150055
         1.23862        0.876724       0.0666066
         -0.4847         2.31733       -0.979019
        -2.02082         1.16251      -0.0667704
      -0.0968448       -0.452374         1.16216
       -0.101756        -0.48342        -1.61021
          1.1791         1.05691         1.34031
        0.195338       -0.102172        0.199787
       -0.196643        -0.55806       -0.123099
         1.15454       -0.395415        0.200581
       -0.128019        0.150069       -0.566204
        0.349093       -0.518481       -0.423186
        0.394152        -1.14883       -0.864209
       -0.223213        0.440781          1.5642
       -0.503999       -0.554711         1.32144
      -0.0301583         0.68155        -1.15996
        0.587391         1.36589       0.0861951
       -0.460367        0.924848         1.49151
       -0.846407       -0.318236        0.565601
         1.51241        0.137082         1.62452
        0.614848        -1.99145         1.09131
       -0.511856         0.71387         1.46939
        -1.31564       -0.211606        -1.57906
      -0.0657268        0.429135       -0.760978
        -1.69116        -0.56586       -0.416285
       -0.160694        0.123946        0.246399
       -0.118956      -0.0193365      -0.0854507
         1.05035       -0.801978       -0.732173
        -0.69015       -0.656923        0.190644
          0.9025        0.141477        0.366553
        0.264153       -0.800072        0.524675
        -1.29561        -1.45584         0.48475
        -0.70439        0.453684        0.235904
         1.44962        0.646229        -1.75095
        0.301966        0.363448        0.097951
      0.00225475       0.0263346       -0.177756
       -0.789557         2.22327       -0.628101
       -0.769678        0.620912       -0.846939
        0.914045        -1.40669        0.949133
        0.465965       -0.499195        -1.26546
         0.24814       0.0879704        0.672446
        0.649854        0.786248       -0.782219
        -1.70725         1.21271        0.147472
      -0.0527519        -1.83208       -0.337283
       -0.526317        -1.02511       -0.449941
        0.571894        0.551725       -0.430961
        0.180556       -0.311735        0.295748
        0.585179       -0.383039        -1.43431
        0.248242       -0.277318       -0.284543
        0.801419        0.320765         1.94732
         2.76852        -1.07615        0.521159
        -1.50108       -0.496156       0.0938511
        0.266218        0.384943        -1.84139
       -0.982295        -1.45109         1.25413
        0.441168       -0.132622       -0.195998
         1.70191        0.397159          1.8511
         1.12105          1.0162        0.393946
        -2.00196        0.400829        0.735678
      -0.0306567        0.973435        0.364748
        0.594598        -1.98367        -1.42049
       0.0576109       -0.307496       -0.493924
         1.16653        0.509895         2.59597
       -0.228676        0.198958        -0.28406
      -0.0263508       -0.636447        0.673172
       -0.088491        0.196068        0.599282
         1.62142         1.43917         1.52865
        -1.40996        -1.27103        -1.86426
        -1.87298         0.65098         1.92111
        -1.88643        -0.74354        0.624055
        0.623917         1.46652       -0.779066
        0.501111        -0.61578       -0.708894
       -0.741967       -0.262361       -0.735777
       -0.435858        0.426228       -0.905619
        0.310037        -1.34389        -1.07076
       -0.920919        0.612155         1.41615
        -1.21834        0.417072        0.874509
       -0.192199        -1.71693       -0.456205
       -0.263865       0.0741122         0.31503
       -0.244267       -0.526347        0.513157
        -1.06546         1.13921        0.827201
