         1.29873        0.856257        0.632451
         1.14836        -1.25605         1.69884
        0.053034       -0.462826       -0.636583
         2.05107       0.0951734         0.52209
         1.47657        0.182781          1.1859
         2.28201        -0.28357       -0.922202
        -1.23256        -0.26856        0.368214
       -0.135101        0.382815         0.28852
          2.6979       -0.438831        0.125341
        -1.73838        0.730938        0.719527
        -0.39077        -2.03407        -1.23149
        -1.08692         -0.2371       -0.379255
        -1.03686      -0.0343257         1.15135
         1.13951        0.604308       0.0703617
        0.599162         1.60928        0.994411
       -0.335339        -1.18566        0.923846
        0.676108        0.878251        0.834829
        0.253073        -1.50149       -0.932082
       -0.332694         2.05249       -0.634711
        0.362982       0.0859761      -0.0620595
       -0.305908       0.0697266         0.49794
        -1.36956         1.57185         1.16408
        0.341835        -1.89681         1.88965
         2.27733        0.190454        0.826182
       -0.951082       -0.522431       -0.872652
          -1.829        0.272403       -0.430181
       -0.194688        -1.44374        -0.49549
       -0.283336        0.600463     -0.00726778
       -0.740002       -0.855224         1.03277
        -1.36382        -1.22963        0.276019
        -1.13016        0.771348        -1.22989
        -1.85668       -0.311129       -0.026415
       -0.782354        -1.55359          3.5614
        -1.73306        -1.06944        0.452369
       -0.815647       -0.367038       -0.218168
        -1.56601         1.61036        0.798921
         1.04254        -1.34032        0.689094
        0.302727        -1.54851        0.306421
      -0.0179165        -2.18876        0.023258
       -0.239573         1.47605        0.303275
         1.15298        0.535086        0.907434
        0.385626         1.49907        -1.01751
       -0.780705         2.41219       -0.891791
       -0.358784        0.459732        -1.54004
        -2.25735          0.7777       -0.588013
         2.46263         1.03036        0.733737
       0.0620639        0.734529        -1.37836
       -0.965471        0.432304        0.347185
       -0.711606         2.86689         0.27993
        0.946763        0.349554        -1.65476
        -1.90857        -0.33881        -1.43633
       -0.944193        0.824821        -1.92382
         1.42489        -3.06336        -3.61011
        0.632342         1.63163       -0.468365
        0.888057       -0.553677        0.435358
       0.0341228       -0.315123         1.37356
       0.0329607       -0.170053        -1.14892
        0.337831        0.600612       -0.752785
        -1.20134        -0.68027       -0.752557
        -1.06889         0.26024       -0.130061
       -0.516706         1.77072         1.08843
          1.0952       -0.365092        -1.10029
        -1.53239      -0.0346451        -1.63519
       -0.167592        -1.28174       -0.389532
       -0.407719        -1.13536         1.60647
        0.121573       -0.889804        -1.32722
        0.454555        -1.84694       -0.999409
         0.45437         1.22346        -1.48641
         -1.0109      -0.0563665       -0.873999
        -1.43837         0.17648        0.210218
       -0.882333       -0.447976         0.67119
       -0.531595         1.43305        0.917757
        0.490267        0.107144       0.0763486
       -0.229468        0.443667         1.47453
        0.364595         1.72653       -0.282333
       -0.500104        -1.08617       -0.482519
         1.34647        -1.60529         1.25882
       -0.243075          -1.405        0.271679
         1.83174         2.36455        0.459946
        0.910882        0.665173       -0.449301
        -1.40383       -0.446853        -1.17615
        0.519173       -0.424982        -0.49628
         0.76595       -0.598577       -0.526211
       -0.239726       -0.729958      -0.0088083
       -0.145476        -0.41266         0.58042
        -1.43164       -0.273548       -0.323037
        0.910617        0.617436        0.249897
       -0.988971         1.46685         -0.8475
        -1.30475         1.43927         -0.1462
        -1.15332        -1.59001        0.912407
        0.715549       -0.529476        -1.14306
        0.894178        -0.38134         2.16076
        0.648893       -0.640743       -0.492927
        -0.55789         1.27664        0.280205
         1.96331         1.21897        -1.03622
       -0.120513        0.385928        -1.35134
      -0.0141066         0.14858       -0.745707
      -0.0621641         1.01827       -0.275059
         1.12414        -1.34934         1.59444
         1.51934        0.324902        -1.41115
        0.732052       -0.865203          1.5133
        0.060227         1.51175        0.021488
        0.671388      -0.0932276         1.32795
       -0.816665       -0.329261         1.50097
         1.38843         1.04413       -0.380254
        0.930188       -0.892982        0.147204
       -0.321375        -1.74544       -0.407745
          1.4087       -0.210767         1.42704
