         0.88827       -0.122722        0.887204
        -1.11351        0.262903       -0.321296
         1.49861       -0.240161         1.28456
      -0.0681995        -1.21279        0.971193
       -0.489165        0.655808        -1.13197
         1.00119        0.862859       -0.401417
        0.961558        0.738011        0.415272
        0.259151       0.0620201       -0.599645
       -0.456042       -0.217213        0.162743
        -1.86979       -0.953157         1.03132
         -1.5623         0.14332        -1.37182
       -0.291321        0.750953       0.0308167
       0.0167531        -1.01489       -0.636342
       0.0436381        0.224331        -1.63227
         1.62387        -1.16287         1.34334
        0.958543        0.404385         1.68905
          1.1892         0.78572        -1.76309
        0.180911        0.541358         1.35803
        0.733095         2.44826        -1.12614
       -0.610183        -1.10567       -0.549155
      -0.0104646      -0.0877727       -0.572776
       0.0182283       -0.523656        0.561059
       -0.764341        -0.68838        -0.19564
       -0.119082       -0.260331         1.05628
        0.866584        0.212165       -0.892531
        0.474263        0.600877       -0.988593
       -0.548719         -1.1627      -0.0847103
       -0.788187         0.37059        -1.57434
         -0.9979       -0.117103       -0.831736
        0.308793       -0.845673    -1.23354e-05
       -0.210377        0.954365         1.12517
      -0.0642112        -1.45488         1.20222
        0.970997         1.00084         -1.6507
      -0.0360877       -0.291783       0.0248175
       -0.351712      -0.0510647         1.59267
       -0.607879         1.08371       -0.598868
        -1.35348         1.13073          1.3438
         1.08607       0.0793568         1.35121
        0.563562         1.13663       -0.831606
       -0.163095        0.969125        0.438504
        0.375205       -0.498269       -0.523344
        -1.19291       -0.441946         1.59226
       -0.586308       0.0245461       -0.628872
       -0.306199       -0.889231       0.0582202
        -1.43039       -0.451369        0.180325
        -1.13098       -0.633887         1.89359
       -0.396564       -0.495179       -0.676564
        0.188464        -1.26343        -1.63295
       -0.420956       -0.974857       -0.104204
        -2.22339       -0.233423         1.52759
         1.44877        0.212703       -0.293769
        -1.95304        0.248139        -1.02765
       -0.508132      -0.0899314        -1.07482
         1.26076       -0.576748       -0.869823
       -0.421914         0.50817       -0.161128
       0.0268472       -0.926975       -0.214073
         1.57006        -0.38816         1.25398
       -0.627333       -0.426808       0.0208443
       -0.944395       -0.853118         1.70621
        -1.05513        0.786592        0.464828
       -0.423288       -0.495798       -0.664528
        0.140092       -0.792456        -2.32518
         1.45243        -1.37793        0.403828
          0.4051       -0.806799         1.35139
       -0.492718       -0.745287       -0.879807
          1.1964       -0.557079         1.30371
        -1.19882       -0.124934       -0.143281
      -0.0532456        0.476407        0.499697
        0.216943        0.148826         1.26208
       -0.245577        -1.35854       -0.875952
        0.377905        0.404025        0.929912
       -0.719051        0.920901        0.709393
       -0.150358        0.154636        0.833807
        0.673675        0.724288       0.0192507
        -0.33007       -0.138069         1.14707
           1.363        -0.32215        -1.38233
           2.316       -0.640211       -0.774813
       -0.528218       0.0561096        0.409961
        0.394949       0.0488447       0.0397926
        -1.18404        0.197162        0.208556
         1.47116        0.291952       -0.301904
        0.673064         1.42934       -0.568039
        0.523504       -0.263761        -2.26822
        0.851011     -0.00331179        0.385889
        0.736765         1.01804        0.207122
       -0.950581        -1.00147       0.0937477
        0.536715       -0.448856        0.765159
       -0.750832        0.103736         1.27002
        -1.40954       -0.335455        -0.62545
         1.25545       -0.518354        0.757451
         1.54802        0.614007        -1.42323
       -0.350393        0.733567       -0.440422
        -1.03948        0.534426       0.0529132
         1.11926        0.822556        0.227456
        -1.14679       -0.770462       -0.255472
        0.346511        0.218526         1.08263
         3.01835       0.0649722       -0.289345
        -1.22503         1.11487        -2.10407
        0.254251        0.276083        0.467447
        0.592576         1.92472       -0.304163
       0.0745025        0.437498        -1.75981
       -0.189689        -1.14128         1.20796
         1.05263        0.992148        -1.03765
       -0.319592        0.280004         0.28955
        -1.71294        0.875486        -0.23821
        -1.26059       -0.186754         1.43238
        0.793868        0.136007       -0.367689
       -0.542995        0.487522       0.0661558
