       -0.180362       -0.753893        0.254599
        0.956609         0.97056        0.105622
       -0.594151       0.0377722       -0.879092
        0.102931       0.0965837        0.127709
         0.75147        -0.28182        0.547916
        0.846448         1.16008        0.313864
        -1.09192       0.0116591       -0.346282
        -1.39219        0.299717        0.280723
       -0.356822        -1.40074      -0.0982061
       -0.519632        0.638865       -0.922316
      -0.0613247         -1.7553         1.03604
        -1.53288        -1.41884         1.17522
        0.372775       -0.723589        0.768892
       0.0680781         1.08745        -1.22092
        0.800407         1.55602       -0.966269
        0.992584       -0.877518       -0.828077
       -0.206759         0.69477        0.581191
       -0.485297       -0.462997         1.52915
       -0.798379        0.293504         1.15531
       -0.402281        0.288901         1.61129
       -0.203634         0.10527        0.495788
        0.419042          1.0043         1.08042
       -0.620732        -0.56471        0.113101
       -0.166449        -1.51261         1.35107
        0.698154       -0.737844        0.354276
        -1.26761        0.768833       -0.606131
        0.213422        0.670347        0.852246
        0.607873       -0.148785       -0.383118
      -0.0368097       -0.238743        0.196446
        0.536684         0.28586        0.720174
       0.0111679        0.874655          1.8623
        0.127701       -0.891978         0.99261
        0.301607        0.310196        0.491033
        -1.51552       -0.262389         0.50171
       -0.830753       -0.430914       -0.853658
       -0.961314        0.660997        -0.98359
       -0.483059        -1.39129        0.224636
         1.46372       -0.606109        0.108685
        -2.29967         1.30486         1.58733
        0.236829       -0.130039       -0.586877
       0.0827652         1.04492        0.173696
       -0.858055        0.322896        0.126177
         2.25712         0.91882        0.172521
       -0.564339        -1.33035       -0.812065
        0.749694         2.08224        -1.37633
       0.0886623        0.251172       -0.830965
         0.21432        0.136919       -0.925285
         1.43872       -0.179445       0.0190532
       -0.666535       -0.171765       -0.488074
        0.185982         0.57072         1.12266
        0.690199      -0.0496214        0.806168
        0.644639        -2.23955       -0.703732
        -2.32346         1.40945        -1.18792
      -0.0748093        -1.01665       -0.310063
         0.65341        0.652408       -0.552817
       -0.883129         1.13902         -1.1079
       -0.646547       -0.435348         0.13309
        0.631852       -0.429472      -0.0457118
        0.230078        -1.13818     -0.00441212
        0.165623       0.0649435        0.179002
        0.556234        -1.17956         1.13376
        0.417306        0.730159        -2.27492
        0.662324        0.236066        0.413693
        0.156833       -0.598807       -0.165147
        0.250722       0.0422156        0.422704
       -0.344261        0.447066        -1.24378
        0.994875       -0.950454        -1.87633
        -1.51571         1.14876        0.198617
        0.311715       -0.143806       -0.259363
       -0.829047       -0.710337        -0.68062
        0.782223        0.497121       -0.250822
        -1.46067        0.244993       -0.515845
       -0.936811        -1.14209         1.11907
         1.03348        0.933447        0.800447
        0.749568        0.329985        0.434795
        0.180622       0.0374057         0.19651
       0.0590593       0.0297209          -1.193
        -0.68249        0.164261      -0.0511757
        -0.28926        -0.12983       -0.564518
       -0.714157        0.692333       -0.135505
         1.58598        -1.09839        0.164103
        -1.29447       -0.905391        0.694083
        0.713234        -1.87288        -1.02019
      -0.0185512       -0.556872       -0.754906
         1.14776      -0.0783228        0.296514
       0.0444805          1.4368       -0.176554
       -0.449548         0.32976       -0.289005
       -0.386083       -0.546435        -1.56046
         1.24868       -0.151027        -2.03032
        0.746803         1.18588        0.201928
         -0.1182       -0.248301        0.312943
        0.776327         1.88975       -0.896159
        0.479677         0.22667       -0.130899
        0.606911        -1.23985         3.35004
       -0.703763      -0.0075228         1.57645
         1.09884        0.137514         1.27738
        -1.52289         1.09835       -0.326936
       -0.544423         0.61459       -0.826711
          1.5474       -0.300525       -0.853526
        -1.98706       -0.664514        0.606925
        0.561239        0.181316       -0.324819
       -0.921461        -0.14539       -0.460197
       -0.172058        0.110161       -0.516286
       -0.257082        -1.32399        0.311538
        0.536722       -0.210176     -0.00946091
        0.273926        0.515996        0.636816
         0.58627         1.19982       -0.410265
         1.52262       -0.389899       -0.482498
