         0.40432        -1.17168        -1.03654
       -0.298908       -0.537705         0.09324
       -0.679563       -0.216502         -0.1626
         1.36064       -0.195026         1.11847
         1.87746       -0.160268        0.114088
       -0.280612      -0.0809038        -2.46612
        -1.00331        -1.44674        0.428525
        0.437111       -0.539512        0.333722
         1.24165         1.06907        0.968814
       -0.330153        0.303114       -0.194509
         1.10723        -1.45795       0.0985884
        0.747899        0.978543       -0.459605
        0.377254        0.114867        -1.85936
       -0.483415        0.833822       -0.984165
       -0.300656         1.56577        -1.86889
         1.04551       -0.117125       -0.626327
       -0.472831         0.98823       -0.750371
       -0.548582        -1.87642         1.46206
       -0.409061       -0.379993        -0.69262
         1.10343        -1.05031        -1.21645
        -1.89368         0.40148      0.00697205
         0.56407        0.678138        0.269514
        0.934854         1.18785         -1.7953
       -0.570976        -1.30891        0.407785
        0.162711       -0.110829        0.149255
       -0.213024        0.711019        0.944874
       -0.402531        -1.93635         1.21859
       -0.524118        0.292356       -0.536667
       -0.895967        0.374714       -0.958606
       -0.628082       -0.749224        0.950841
        -1.01599        -1.77612       -0.504369
       -0.474478        0.690652         -1.0037
       -0.525989       -0.583842       0.0557174
         1.06585         2.09645       -0.307806
       -0.491942        -1.58138        0.245348
        0.229978        0.554947        0.989867
        -2.22294         1.92773        -1.21216
       -0.472761         1.75512       -0.955052
       -0.345226         1.12128       -0.639922
       -0.281947        -1.48693       -0.641599
        -1.25857        0.218625        -1.53305
        0.667004        -1.42943        0.718309
        0.126174         2.77905        0.766487
       -0.124793        -1.13697       -0.272028
        0.714101        0.560196       -0.292686
        -2.29981        0.812463        -1.02277
        0.179744         -1.3056         1.16496
        0.495392         -1.1688         1.12781
       -0.326772        0.396864        0.992702
        0.342055        0.111047       -0.343264
       -0.887105       -0.385739          1.4504
        -3.06502        0.301173      -0.0541415
        0.487221         1.22876         2.23734
        0.154801       -0.475747        0.294458
        -1.12279       -0.725359       -0.702197
         1.29322        -1.32095        -2.60304
        0.556179        0.532949       -0.282417
        -1.64368       -0.474174        -1.78526
       -0.892422       -0.488379        -0.28198
       -0.710733        0.468023        -0.50025
        0.024989       -0.514776       -0.368757
       -0.395256       -0.101628        0.287552
        0.350066        -1.89556       -0.675343
        0.128833        0.637942       -0.138494
         1.14621      -0.0571917      -0.0646984
        -1.10852         2.42553        -1.54546
         2.16036        0.627972        -1.07641
       -0.474048        0.140331        0.237315
        -1.16384        -1.07268        0.155233
        0.757331        0.137171         1.04976
       -0.557285       -0.138729       -0.471314
         2.62756         0.95616      -0.0745361
          -0.422        0.242799         1.71107
       -0.849175       -0.437897         1.81191
       -0.623833          -1.531        -0.31496
       -0.315625        -1.59552       -0.924157
         1.03877         1.80263         1.09239
        0.985721        0.157346        -1.90062
       -0.144901      -0.0474219          1.2144
       -0.163322       -0.390032        0.160626
         2.14397       -0.776578         1.17854
         2.14329        -2.57565        0.156332
       0.0774619       -0.346181        -1.70298
       -0.606234        0.980111         1.22281
       -0.935219       -0.487004        0.525461
         1.81413       -0.514919         1.09678
         1.21382        0.867994         1.15019
         1.21233       -0.297698        -1.10864
       -0.617386       -0.580461        -2.23237
         -1.2411         2.08147        -1.26638
         2.10826       -0.815794         1.80414
       -0.888347        0.553485         2.06111
         0.78103       -0.912905        0.948636
       -0.564267     -0.00513621         1.65376
         1.38517        0.680654         2.05545
        -1.74745         1.94938         1.01261
        -1.41262        0.309645        0.172525
       -0.429986        0.824002          0.6854
        0.396663        0.316828       -0.368827
        0.330477        0.254357        0.190526
         2.02279         -1.3421         2.14187
         0.43951          2.2615       -0.835935
       -0.822804       -0.667621       0.0193283
        0.373158       0.0442133          0.6964
       -0.581256         1.23202        -1.66892
        -1.03336         2.02521         1.91179
         1.14888       -0.695079         0.17402
         0.70966        -1.08865       0.0979725
