        -1.72696       -0.282915       -0.335247
       0.0564284         1.41092        0.561896
        0.230233        0.565879        0.525254
         1.14294        -0.41339       0.0536184
        0.712128      -0.0800834       -0.327161
        -1.73253       -0.911095       -0.634628
       -0.691846          1.1864        0.494517
        -1.03071        0.894655        -1.27162
         0.54964        -1.01396      -0.0805082
        0.321292        0.040633          1.2489
        0.795248        0.524072         1.07187
        0.553855       -0.179715           -1.16
        -0.38908       -0.619097       -0.369506
       -0.790458        0.887518        0.715206
        0.304702        0.906734       -0.397748
       -0.860263      -0.0493948      0.00502644
         1.11695        0.993857        0.686749
       -0.586419        0.744056         0.77706
        -1.10102         0.56418      -0.0660522
        -0.61751        0.107672        -1.75315
          2.0052       -0.959685         -1.9763
        0.160825         0.80352       0.0857313
        -1.28121         1.27765        -1.91604
        0.990166       -0.933237        0.952828
        0.141814        -1.14799         1.24963
        0.576732         1.78745       -0.630664
        0.828327        -2.14563        0.600625
         1.06782        0.456102       -0.539762
       -0.255359         1.60742        -1.05423
         1.37372        0.330155        0.988158
      -0.0122984       -0.707714        -2.11769
       -0.140086        -2.17697        0.538978
        -0.90414        0.591031       -0.872537
            1.71        0.309001       -0.423658
        -1.39645       -0.634342      0.00647055
       -0.915095       -0.514035       -0.937263
        0.388138       -0.983837         1.93471
         0.53891        0.631247        -1.24155
         0.95847       -0.239776       -0.207214
       -0.756095      -0.0161525        -1.21912
         1.62011         2.02153        0.367024
        0.298885       -0.992514        -1.02634
         1.87285        0.551477        0.416272
         1.26047        0.147049       -0.793398
       -0.868673       -0.139158        0.675552
       -0.216102        -0.84641          2.8786
        -1.19018       -0.680017        0.741018
        0.338151        -1.27468         1.10558
        0.126134        0.156497        0.677619
        -0.60246       0.0909403         1.30086
       -0.109856         -0.3715       -0.572581
        -1.38405         1.78082      -0.0934203
         1.26031       -0.804132        0.789001
       0.0103139         2.48798         -1.3224
      -0.0767663       -0.873407       -0.271749
        -0.41926       -0.570328       0.0702601
        0.467612        -1.13662       -0.643216
      -0.0333285        -1.51162       -0.963473
        0.393147        -1.53162        0.460746
       0.0462541          1.7851        0.179423
       -0.636341        -2.85921         1.48437
        -1.50436      -0.0800997      -0.0880039
        0.484317       -0.434417         0.24008
        0.521957        0.606164        0.950163
       -0.127609        0.835559        -0.40103
       0.0343933         1.38132        0.619716
      -0.0829791       -0.150193       -0.319883
        0.925359       -0.572655        -0.78669
        0.432336        0.145991       -0.466983
        0.739702       -0.709698       -0.516962
        0.953025        0.892733        0.208072
       -0.377892        0.164953        0.103293
         -0.2846      -0.0115161        -0.10557
       -0.666916       -0.377275       0.0737297
        0.267198        -0.17127        -1.50922
        0.343119       -0.171137        0.516102
        -1.08664        0.831211         -0.1611
        0.157548        0.824759       -0.447778
       -0.776557         1.12326         1.03919
       -0.249825         1.27916         0.72055
      -0.0324595        -2.35841        -1.02932
       -0.156519        -2.29229        0.124937
       -0.010336        0.223424         1.14737
       -0.336523      -0.0905194        0.542577
       -0.337508         2.51181       -0.994711
         1.56458       0.0569494       -0.073891
        0.257502       -0.347418         1.13677
        -1.18725        0.402648     -0.00200616
        -1.49292       -0.252054        0.121595
        0.448608      -0.0661268         0.37243
        -0.80236        0.650305         2.26107
       -0.794346       -0.261318       -0.754495
         1.68775        -1.22516        -1.80338
       -0.800448         1.57876       -0.382604
        0.195854        0.249937       -0.657101
       -0.364345        0.339311        0.459354
        0.172683       -0.373433        -0.69029
       -0.278689        -0.69896        -2.17361
        -1.22881          -2.297        0.552121
       -0.320826       -0.292055        0.204735
        0.172531        0.144457       -0.851864
         1.26446       -0.567212         0.70102
        -1.47119        0.726574         1.94039
        0.313117         2.04127        0.386716
       -0.242612       -0.498518       -0.239003
        0.607762         1.32669       -0.169578
        0.048368       -0.514307         1.77018
      -0.0708846         -1.5655      0.00757126
