       -0.998775         1.55112       -0.239643
         1.16658         1.10101        -0.46277
         1.25617         1.74658       -0.564267
        0.614533       -0.410336       -0.685915
        0.308809         2.29831         0.23895
        0.133109        -1.51354        -2.28753
       -0.160945       -0.653942        -1.53985
       0.0812458         2.09617        0.158583
          1.1911        0.318833       -0.438554
       -0.344402       -0.823283       -0.941353
        -0.67976        0.683852       -0.500055
       -0.535728        0.619212       -0.954465
        0.609278       -0.230999       0.0954477
        -1.96374       -0.857646        -0.42586
       -0.424788        0.696021        -1.60719
        -1.82367        0.177214        0.356098
       -0.792138       -0.098649        -1.64831
        -1.05671        -1.39762        -1.38665
        0.241535        -0.42445       -0.228966
       -0.859757         1.37733        -0.53017
       -0.363453       -0.632318       -0.208239
         1.60407        0.297545       -0.627639
        0.577135         1.05745        0.774332
         1.06196         1.82149        -2.07292
       -0.220922        0.987891       -0.342034
       -0.246581        0.567464       -0.372465
        -1.79093         -0.1228         2.03311
        0.370948        -1.27822       -0.866976
     -0.00983431       -0.870677       -0.909792
        -1.25799       -0.537598       0.0517727
     -0.00630254         1.23583        0.672221
         1.40169        0.426291       -0.469172
       -0.136468         1.51063         1.29894
       -0.836746         1.03968         -1.8492
        0.694882         2.43065        -1.38623
         1.87036        -1.03127       -0.110108
         1.32192         2.50129        0.401471
        -1.79733        -1.01105       -0.695953
         1.19227       -0.315133       -0.490724
       -0.886904       -0.118107        0.446861
        0.286182        0.546018         2.59556
       -0.827286        -1.40998        0.591142
        -0.96611        0.399309        0.879397
         1.39935        0.470309        0.161502
        0.384716       -0.156396      -0.0665467
       -0.809023       -0.306858       -0.859237
         1.31461          1.4837      -0.0873387
        0.218343        0.131831         2.32723
       -0.434123       -0.849677        0.151395
        0.799148         2.17671         1.63056
         0.24348        -1.29228        -1.22396
        0.457711        -1.03749        0.878984
         1.76685        -1.06755        -1.25169
       -0.735358       -0.306586          1.9419
       -0.897972       0.0352087       -0.660702
        -1.34431        -1.52846        0.895099
        0.107067        0.882463         1.51857
       -0.577382        0.732973        0.114327
        0.998854       -0.828462       -0.892617
         2.55472        -1.30302       -0.484655
        -1.03279       -0.558366         -2.2327
         1.17093       -0.773144       -0.447522
       -0.428074        0.798247       0.0110226
         -1.4757        -1.36579        0.105548
        0.107242        -1.09764        -1.10466
        0.362587        0.571869         1.13921
       -0.237203       -0.118905       0.0702326
        0.411594        0.357493        -0.70076
       -0.654288      -0.0477855         1.46044
       -0.252691        0.348251        0.712173
       0.0138138       -0.538719        0.868539
       -0.349152        0.175733        0.098945
       -0.180299       -0.794879       -0.741874
         1.47652      -0.0548672       0.0882548
          1.1899       -0.737579        0.173131
         1.25211        -1.53601       -0.661467
         -1.0005        -1.26501         1.39865
       -0.651948         1.49146         1.58387
         0.67169         -1.1463        -1.98148
       -0.393698       -0.387051        0.175825
        -1.65643        -1.29854         1.93199
        0.526712        -1.21514        0.776323
        0.886528        0.674722       -0.287752
         3.05009         1.67637        0.594635
        0.209274        0.936994         2.27244
        -1.43454        0.686693        0.737991
       0.0753517       0.0787123       -0.926881
        -1.05268        -1.02663         1.03382
        0.319846        0.697839        0.866822
       -0.546945        -1.13379       -0.763783
        0.372624        -1.58551         2.33901
        0.601605        -1.23044      -0.0666256
       -0.741425        -0.74777        -1.08782
       -0.836867        0.749301       -0.409031
         1.64523         1.40163        0.193599
        -1.58684        0.230428        0.754961
        -2.89776       -0.720456       -0.901065
        0.203476        0.838146        0.262928
       -0.783863      -0.0374612        0.443497
        0.415192        -1.96061        -1.66108
          1.1756        -1.30677         1.10063
       -0.799588        0.298712          1.3101
        0.469713       -0.442172       -0.899634
        0.425167      -0.0799122        0.716767
       -0.407534       0.0809545         0.31671
        0.682208       -0.613503        0.924888
        -1.66071       -0.748536        0.255225
        0.903316         1.48974        0.312234
