         1.79268       -0.397491        -1.18827
        0.314115       -0.102225        -1.26456
       -0.465848       -0.863434       0.0761974
       -0.467862        0.144587        0.716828
        0.750772        -1.46813         1.38926
       -0.029167        -1.48102       -0.195893
        -1.27794        0.434546       -0.980015
       -0.123742        -1.48043       -0.811973
       -0.305588       -0.877286       -0.967633
        0.145561       -0.208754        0.364578
       -0.988959       -0.159496       -0.431074
       -0.795872        0.861367        0.248498
         0.39254        0.988462       -0.507641
        0.211669        0.643569       0.0871245
       -0.291675       -0.254454        0.312624
         1.47726         1.22099        0.228921
       -0.185591       -0.119916        -0.34297
       -0.524241         1.59014        0.880212
        0.332028        0.237719        0.246019
        0.731606       -0.110869        0.431905
         1.03513        -0.71489       -0.836721
        -1.31442         1.05635         1.99976
       -0.545781         1.73708       -0.856906
         -2.2362        0.987338         1.07119
       -0.782436         1.90396        0.979506
       -0.239729         -1.1976        -2.68011
        -1.15207        0.943105        0.267289
       -0.154356       -0.263942        0.356483
        0.462529        -2.09927        -1.13653
      -0.0564411       -0.377558        0.858113
       -0.154361        0.383524        -1.15674
        0.538946      -0.0141318        0.558794
        -1.00843       -0.374035         1.66385
        0.706074         1.50526       -0.386692
         1.47807      0.00633548     0.000931097
        0.990782    -0.000595106       -0.315638
       -0.450179        0.386157       -0.191467
        0.393085       -0.636562        0.472378
         1.36504        0.943639        -1.15222
       -0.703164        -1.51574        0.247086
        -1.29864        0.155625        0.918023
       -0.366517         1.15486         0.76199
       -0.621799        0.163021        0.329092
        -1.02272       -0.920591         1.30756
       -0.278297          2.0668        -1.87528
       -0.747343        -2.24376         1.78308
       -0.784307        0.130352        -1.05271
        -1.28351         1.50606        0.900347
        0.615589       -0.830164         2.01518
        -1.22441         1.02486        -0.31512
       -0.824086       -0.722201        -2.14602
         1.43639        0.103262        0.886502
        0.217287         1.38451         1.37587
       -0.453768        -1.25199       -0.517782
        0.700017        0.191672        0.360518
       -0.501338       -0.769114       -0.480026
        -1.13454         1.06793       0.0444842
        0.395907       -0.485619        -0.74804
        -0.64454       -0.956284         2.72858
         2.46947        0.801673        -1.83844
         1.08485        0.123551        -1.32049
        -1.35843         1.97973       -0.851751
        0.407663        0.166052        0.946027
       -0.499615        0.120808        0.514654
        0.815923         1.61702        0.445704
        0.264496         2.31706       -0.713099
        0.243249        -1.11205       -0.161475
       -0.617131       0.0612617        0.610089
        -1.83975         2.06702        0.478016
       -0.268605      -0.0144111        0.570426
       -0.860462        -1.99486        -1.20705
        0.173358       -0.505433        0.574039
         -2.6738        0.855942       0.0459759
       -0.320973        -1.02896        0.886068
         1.99987        -1.44599        -1.62114
       -0.909518      -0.0213526       -0.444049
       -0.227758       0.0730765       -0.436408
        -0.51685       -0.511706       0.0337118
        0.476848        0.395333         1.28329
        0.159357        0.287691       -0.193961
        0.955607       -0.123437        -1.14833
       -0.905063        0.644439       -0.866737
       -0.103932        0.142645       -0.865518
         1.65601        -0.43024        -1.48744
        0.845355        -1.34762        0.711705
        0.261969        0.226307         2.50345
         1.13669       -0.243851         1.10149
       -0.110632        0.273496       -0.166851
         2.03761        -2.20582        0.342878
         1.06689        -0.31774       0.0664249
        -1.12172        -0.11365        0.715837
        -1.77844     -0.00468046        0.520036
         1.46596         0.37881        0.957834
        -0.11627        -1.33975       -0.306356
         2.26523        0.629352         1.59545
         1.47156        0.504741        -0.14121
       -0.505439        0.163806       -0.698789
         1.34494        0.223264         2.35435
         1.17198       -0.928783        0.497204
         1.40189       -0.845272         1.57599
        0.190652         1.43534        -1.07876
        -1.16083       0.0295298       -0.800866
          1.1662       0.0693929         -2.2949
        0.266898       -0.730488        -1.25739
        0.471879       -0.447216       -0.475755
       -0.302715        -1.35194        -1.48926
        -1.10574         1.04309       -0.692228
        -1.01195        -1.59075        -1.10314
