       -0.685259        -1.37301        0.383223
       -0.447877        -1.48895      -0.0658758
        0.660068         1.45623         -1.2844
         1.80885        0.157236        0.297797
        0.502333        0.567014       -0.129659
        0.865642       -0.257703       -0.523209
        -1.15758        -1.00388        -0.27927
        0.916211       -0.346407        0.420193
       -0.480224       0.0499562         2.51594
        0.798635        0.691777        -0.41939
        0.492922        0.448288        -1.29928
        0.777489       -0.294683       -0.508881
         1.07693        -1.33598     -0.00938981
        0.647522         1.65347         1.59955
      0.00909674        -0.26972       -0.355213
         1.74543        0.531095       -0.044083
       -0.143319        -1.85765       -0.348998
        -0.77922         1.88323         1.05236
       -0.033876        0.466257       -0.061914
        0.405297         1.01401        0.707072
        0.244578       -0.274107        -1.58864
        0.609807        -1.75387         1.05916
        0.788624        0.849264        -1.65568
         1.43303         1.22928        -0.33642
         1.88106         1.65396        -1.19324
        0.110333        -0.14153        0.550472
        -2.10058        -1.21041       -0.226837
        0.361604        -1.01536         1.26317
        -1.59067        -1.74629        -1.08496
       -0.774871        -2.20342        0.399104
        0.807746         -0.4082        0.887052
         1.16033       -0.990933         -1.9963
        0.293149        -1.94032        0.279305
       -0.291419        -1.74776       -0.805974
       -0.170532         1.44331        0.311257
        -2.19972         2.17415        -1.54886
       -0.274833        -1.47802       -0.469127
       -0.155231       -0.602133         2.09651
        -0.28186        0.320165       -0.973975
       -0.132856      -0.0595495         0.17582
        -1.09892         1.90423        -2.50113
        -1.08703       -0.797052        -1.65072
       -0.369364       -0.213171       -0.499143
      -0.0894305         1.61078         0.74405
        0.940778       -0.788029        0.108919
       -0.839378       0.0343474     -0.00228927
        0.447926        0.297992         1.20691
        0.306775        0.158443       -0.285857
        -1.59592         1.68099        -2.57058
       -0.622187        0.692909        -1.60921
       -0.697703       -0.565596         0.25236
       -0.222891         1.32058       -0.731828
        0.539526        0.886075        0.928788
        0.859647       -0.863543         1.58246
        0.618209       -0.396754         -1.4575
       -0.870719        0.232867       -0.585338
       -0.306366        -1.12527      -0.0155639
       -0.337415         2.06225       -0.508425
        -1.28043        0.133528        0.615349
       -0.177939        -1.77494        0.158344
        0.298599       -0.765042       -0.521605
         0.21992       -0.019799       -0.264997
         0.53882        0.793594       -0.418133
        0.245964       -0.725173         0.88034
         1.13749         -0.2476       -0.141413
        0.454631        -2.23287        0.834594
       -0.771906        -1.02488        0.522724
        0.450907         1.47525      -0.0988681
        0.369782          0.9396       -0.426669
        -1.99686        0.692861         1.55173
         0.34901       -0.587995        0.149002
       -0.351329       -0.790543       -0.207966
        -0.78433         2.23586        0.402688
        -1.72487         1.21255       -0.594977
        0.141516        0.484871       -0.174615
        -1.49066        0.547351        0.307169
       -0.955835      -0.0641236         1.80815
       -0.978954       -0.240488        -1.57796
       -0.715658         -1.7191         1.24953
       0.0130728       -0.634673        0.464221
        -1.19278        -1.86243        -0.66325
        0.898168        0.596935       -0.857373
       -0.143105        0.263115        0.667397
         2.50747       0.0564075        -2.36143
       0.0952055        0.644101        0.968471
        -1.88459       -0.769373       -0.344444
       -0.442948        -2.22144         2.48263
        0.308269         1.76647        -1.66037
       -0.308074        0.391529         2.91222
        0.402203      -0.0687063         1.28638
         1.20825      -0.0397726        -0.36412
         2.18657       -0.422258        -1.27996
      -0.0238638        0.469484        0.697584
        -0.22247       -0.190385         1.29168
        0.804695         0.51107        0.754145
        0.319498        0.530347         1.52952
         1.02034        -1.06926        -1.34984
         1.02736        0.550622        -1.84183
        -1.77825         1.35927        0.679426
        0.293861        0.240229         0.93741
         1.57011        -0.41347       0.0410593
       -0.320979         2.73168         1.01056
        -1.04558       0.0389054          1.4805
        -1.02285        -0.20637        -1.44549
       -0.159421      -0.0178891         1.72084
        -1.18334         1.35945        0.106224
         1.79373        -1.39504        0.734397
       0.0293067        0.557669       -0.843282
