         1.05359        0.694635        0.513073
        0.931605        -1.01897         1.37818
       0.0430236       -0.375466       -0.516426
         1.66392        0.077209        0.423544
         1.19786         0.14828        0.962057
         1.85127       -0.230045       -0.748132
       -0.999905       -0.217868        0.298712
         -0.1096        0.310557         0.23406
         2.18866       -0.355999        0.101682
        -1.41025         0.59297        0.583714
       -0.317011        -1.65013       -0.999041
       -0.881756       -0.192346       -0.307669
        -0.84115      -0.0278466        0.934031
        0.924422        0.490242       0.0570807
        0.486067         1.30552        0.806712
       -0.272042       -0.961865        0.749466
         0.54849        0.712477        0.677251
        0.205304        -1.21807       -0.756148
       -0.269896         1.66508       -0.514907
        0.294468       0.0697477      -0.0503455
       -0.248166       0.0565654        0.403952
        -1.11105         1.27516        0.944352
        0.277312        -1.53878         1.53297
         1.84747        0.154505        0.670236
       -0.771561        -0.42382       -0.707935
        -1.48377        0.220986       -0.348983
        -0.15794        -1.17123       -0.401964
       -0.229855        0.487123     -0.00589596
       -0.600323       -0.693797        0.837829
         -1.1064        -0.99753        0.223919
       -0.916838        0.625753       -0.997741
        -1.50622       -0.252402      -0.0214291
       -0.634681        -1.26034         2.88917
        -1.40594       -0.867582        0.366982
        -0.66169       -0.297758       -0.176988
        -1.27042          1.3064        0.648121
        0.845757        -1.08733        0.559025
        0.245586        -1.25622        0.248583
      -0.0145347        -1.77562       0.0188679
       -0.194353         1.19744         0.24603
         0.93535        0.434087        0.736152
        0.312838         1.21611       -0.825452
       -0.633344         1.95688       -0.723461
       -0.291062        0.372955        -1.24935
        -1.83127        0.630906       -0.477023
          1.9978        0.835878        0.595241
       0.0503491        0.595883        -1.11819
       -0.783234        0.350705        0.281653
       -0.577288         2.32575        0.227092
        0.768057        0.283574        -1.34242
        -1.54832       -0.274858        -1.16522
       -0.765972        0.669133        -1.56069
         1.15594        -2.48514        -2.92868
        0.512985         1.32366       -0.379959
        0.720433       -0.449168        0.353182
        0.027682       -0.255642         1.11429
       0.0267392       -0.137954       -0.932054
        0.274064        0.487244       -0.610693
       -0.974578       -0.551866       -0.610509
       -0.867131        0.211118       -0.105512
       -0.419175         1.43649        0.882985
        0.888475       -0.296179       -0.892609
        -1.24314      -0.0281057        -1.32654
       -0.135958        -1.03981       -0.316006
        -0.33076       -0.921055         1.30325
       0.0986259        -0.72185         -1.0767
        0.368756        -1.49832       -0.810766
        0.368605        0.992523        -1.20585
       -0.820087      -0.0457271       -0.709028
        -1.16687        0.143169        0.170538
       -0.715789       -0.363419          0.5445
       -0.431254         1.16256        0.744527
        0.397727         0.08692       0.0619375
       -0.186155        0.359923          1.1962
        0.295776         1.40064       -0.229041
       -0.405707       -0.881152       -0.391442
         1.09232        -1.30228         1.02121
       -0.197193         -1.1398        0.220398
         1.48599         1.91823         0.37313
        0.738949        0.539619       -0.364494
        -1.13885       -0.362508       -0.954149
        0.421177       -0.344765       -0.402605
        0.621374       -0.485593       -0.426887
       -0.194477       -0.592175     -0.00714569
       -0.118017       -0.334768        0.470864
        -1.16141       -0.221914       -0.262062
        0.738734        0.500892        0.202728
       -0.802298         1.18998       -0.687531
        -1.05847          1.1676       -0.118604
       -0.935623        -1.28989        0.740186
        0.580486       -0.429535       -0.927304
        0.725398        -0.30936          1.7529
        0.526411         -0.5198       -0.399885
       -0.452586         1.03567        0.227315
         1.59272        0.988885       -0.840627
      -0.0977659        0.313083        -1.09627
      -0.0114439        0.120535       -0.604952
      -0.0504303        0.826066       -0.223141
        0.911952        -1.09465         1.29348
         1.23256        0.263575        -1.14479
        0.593874       -0.701892         1.22766
       0.0488589          1.2264       0.0174321
        0.544661      -0.0756305          1.0773
       -0.662516       -0.267111         1.21766
         1.12635        0.847045       -0.308479
        0.754611       -0.724428        0.119419
       -0.260714        -1.41598       -0.330782
          1.1428       -0.170984         1.15768
