         2.21669        0.633309         1.13719
         -2.8344         2.52544        -1.58659
       -0.442241        0.112937        0.997534
        -1.20151        -1.62991        0.762968
        0.735887         1.56509        -1.01865
        0.428245          2.1898        -1.76111
       -0.761144         -2.1917        0.697609
        -1.31939        0.896024         1.65358
        0.819467       -0.600418        -1.21165
        0.442549       0.0903815        -1.61404
         1.19723        0.471955       -0.721108
        0.051846        0.812123        0.971719
        0.773618        -1.34888         1.90027
         1.30159       -0.258279        0.390846
          1.4499       -0.917751       -0.380316
        0.587091       -0.605395       -0.963785
         -1.3452         1.44057          1.4878
       -0.983043        0.484871       -0.557507
       -0.911522        0.456141       -0.645966
        0.439126       -0.996903        0.710691
        -1.85809        0.232304        0.710383
     -0.00388539        0.505997       -0.250674
        0.236863      -0.0640728        0.395093
       -0.925792        0.447841         1.31836
         0.22938       -0.478219       -0.194634
        -1.09016       -0.384573        0.371833
        -1.08689        0.929525       -0.291136
       -0.460631        0.123655       -0.588999
        0.303259        0.657844       -0.848118
         0.69183       -0.891325        -1.14211
       -0.908855        0.705052        0.194499
        -1.08639        0.300212        0.692384
       0.0547196         1.04092        0.189382
       -0.158058        -2.18863       -0.284054
         1.25933       -0.661522        -1.46151
        0.356817         -1.0787      -0.0807245
        -1.32632        -2.23263        0.208583
       -0.757518        -1.15157       -0.493947
        -1.34665        -1.80698       -0.447205
         -1.3687          1.2773         1.47064
       0.0980339         1.17725        0.297788
        0.724499       -0.367978         0.32339
       -0.369888         0.11426       -0.453192
        0.388501          1.5564        -1.29857
       -0.387611        0.559861         2.90185
       -0.884686        -1.12235       -0.273572
         1.01227        -1.50877       -0.523146
        -1.26488         1.66935      -0.0669162
        -2.27813         1.44282        0.584108
         1.26587        0.525075       -0.234379
         1.63983        -1.45862       -0.701211
          2.4571        -1.87347         1.18234
       -0.702244       -0.669798        -1.55873
         -1.1312         1.80518       -0.303378
        -0.70379         1.01515        0.254227
        -2.69058         1.02789      -0.0398879
        0.632597        -1.28884        0.306519
        0.266978       -0.377327        0.495712
        0.129597         1.09235      -0.0724934
       -0.277704         1.37683       -0.912041
         1.43518       0.0672261        -0.44244
        0.456875        0.362494       0.0349619
        0.256806       -0.564867        0.884829
        0.186466          1.2161       -0.294129
       -0.616571       -0.610506        0.741864
         1.25144         1.38123       -0.910289
       -0.703687        0.412515        -1.15943
         1.43251       -0.575226        -1.90417
       -0.685521       -0.457099         1.90443
         2.62867       -0.565074        0.116416
        0.686379        0.771061          2.1519
         1.68925       -0.918008        0.835391
        0.344642        0.077553        0.422325
         1.17384       -0.324335         0.61999
       -0.278818        0.583766        0.353719
         0.53748        -1.49975         1.09431
        0.273256       -0.425074        -1.74497
        0.349422       -0.638132       -0.694399
       0.0571187         1.38322        0.166215
       -0.235989         1.03202        0.994121
         -1.0246        0.595442        -1.03683
       -0.564104         1.53977       -0.918773
        0.579425       -0.550535        0.419519
         1.57787       -0.545745         1.98536
        0.105594       -0.385368        -1.36978
         1.60814        -1.47668         -1.1773
        -1.42842         1.27599        -1.08802
      -0.0526797       -0.885886         1.41277
         1.15616        0.365765           -2.01
        0.754918        -2.28185       -0.266912
        0.221575         1.84266        0.188268
       -0.244427          1.6831        0.212304
        -1.17758        -2.38083        -1.22362
         1.82465       0.0831053       -0.430828
        0.916403       -0.807661       -0.311347
           -3.69       -0.971218        0.758299
        0.352839       -0.670332        0.177787
        0.431668        0.297332        0.625942
        0.841347        0.773398        0.568627
        -1.06461        0.314243       -0.471658
         1.33894        0.127905         0.70758
      -0.0297193       -0.105548        0.399751
       -0.320259       -0.081344        -1.71472
       -0.193305        0.246417       -0.159183
        -2.34389        -1.06491         1.56784
         1.63227        -0.87263           -1.09
        -1.14919         1.01995        0.383297
        0.378611       -0.900747         1.06505
