         1.03286        0.680969        0.502979
        0.913276       -0.998919         1.35106
       0.0421772       -0.368079       -0.506265
         1.63118         0.07569        0.415211
         1.17429        0.145363        0.943129
         1.81485       -0.225519       -0.733414
       -0.980233       -0.213582        0.292835
       -0.107444        0.304447        0.229456
          2.1456       -0.348996       0.0996819
        -1.38251        0.581304         0.57223
       -0.310774        -1.61767       -0.979386
       -0.864408       -0.188562       -0.301616
       -0.824601      -0.0272987        0.915655
        0.906235        0.480597       0.0559576
        0.476504         1.27983         0.79084
        -0.26669       -0.942941        0.734721
        0.537699         0.69846        0.663927
        0.201265        -1.19411       -0.741271
       -0.264586         1.63232       -0.504776
        0.288674       0.0683755       -0.049355
       -0.243284       0.0554526        0.396005
        -1.08919         1.25007        0.925773
        0.271856        -1.50851         1.50281
         1.81113        0.151465         0.65705
       -0.756381       -0.415481       -0.694007
        -1.45457        0.216638       -0.342117
       -0.154833        -1.14818       -0.394056
       -0.225333         0.47754     -0.00577996
       -0.588512       -0.680147        0.821346
        -1.08463       -0.977905        0.219514
         -0.8988        0.613442       -0.978112
        -1.47659       -0.247436      -0.0210075
       -0.622195        -1.23555         2.83233
        -1.37828       -0.850513        0.359762
       -0.648672         -0.2919       -0.173506
        -1.24542          1.2807         0.63537
        0.829117        -1.06594        0.548027
        0.240754        -1.23151        0.243692
      -0.0142487        -1.74069       0.0184967
       -0.190529         1.17388         0.24119
        0.916947        0.425546        0.721669
        0.306683         1.19219       -0.809212
       -0.620883         1.91838       -0.709228
       -0.285335        0.365618        -1.22477
        -1.79524        0.618493       -0.467638
          1.9585        0.819433         0.58353
       0.0493585         0.58416        -1.09619
       -0.767825        0.343805        0.276111
        -0.56593         2.27999        0.222624
        0.752946        0.277995        -1.31601
        -1.51786       -0.269451        -1.14229
       -0.750902        0.655968        -1.52999
         1.13319        -2.43624        -2.87106
        0.502893         1.29761       -0.372484
        0.706259       -0.440331        0.346234
       0.0271374       -0.250613         1.09237
       0.0262131        -0.13524       -0.913717
        0.268672        0.477658       -0.598679
       -0.955404       -0.541009       -0.598498
       -0.850071        0.206965       -0.103436
       -0.410928         1.40823        0.865613
        0.870995       -0.290352       -0.875048
        -1.21869      -0.0275527        -1.30044
       -0.133283        -1.01935       -0.309789
       -0.324253       -0.902934         1.27761
       0.0966856       -0.707648        -1.05552
        0.361501        -1.46884       -0.794815
        0.361354        0.972996        -1.18212
       -0.803952      -0.0448275       -0.695079
        -1.14392        0.140352        0.167183
       -0.701707       -0.356269        0.533788
       -0.422769         1.13969        0.729879
        0.389902       0.0852099       0.0607189
       -0.182492        0.352842         1.17267
        0.289957         1.37308       -0.224535
       -0.397725       -0.863816        -0.38374
         1.07083        -1.27666         1.00112
       -0.193314        -1.11737        0.216062
         1.45676         1.88049        0.365789
        0.724411        0.529002       -0.357323
        -1.11644       -0.355376       -0.935377
        0.412891       -0.337982       -0.394684
        0.609149       -0.476039       -0.418488
       -0.190651       -0.580525     -0.00700511
       -0.115695       -0.328182          0.4616
        -1.13856       -0.217548       -0.256906
          0.7242        0.491037         0.19874
       -0.786514         1.16656       -0.674004
        -1.03765         1.14463       -0.116271
       -0.917216        -1.26451        0.725624
        0.569065       -0.421084        -0.90906
        0.711127       -0.303274         1.71842
        0.516055       -0.509573       -0.392017
       -0.443682         1.01529        0.222843
         1.56139        0.969429       -0.824089
      -0.0958425        0.306923         -1.0747
      -0.0112187        0.118164        -0.59305
      -0.0494382        0.809814        -0.21875
         0.89401        -1.07311         1.26803
         1.20831         0.25839        -1.12227
         0.58219       -0.688083          1.2035
       0.0478977         1.20228       0.0170891
        0.533945      -0.0741426          1.0561
       -0.649482       -0.261856          1.1937
         1.10419         0.83038        -0.30241
        0.739765       -0.710175        0.117069
       -0.255585        -1.38812       -0.324274
         1.12032        -0.16762          1.1349
