        0.132738        0.285146       -0.355547
       -0.216723        -2.44821         3.05009
        -1.25606       -0.386601       -0.147508
        0.476413         1.87501        0.566488
        0.679883       -0.408577         -2.1847
         2.33336       -0.291835        -1.38545
          1.8452       0.0503562        -1.17884
       -0.390791        0.637399        0.190941
        -1.27177        0.445696       -0.199276
        0.659448       -0.556172         1.17758
       -0.189605        -0.37431       -0.879608
        -1.68818        -1.48877       -0.346606
        0.299384       -0.128325        -1.47648
         2.20967       -0.438939        0.139616
       -0.232255        -1.25019       -0.195507
       -0.865035         1.62133      -0.0716921
        -1.84292        0.490971       -0.916481
         1.15223         -1.5665         0.45013
        0.235038       -0.361325       -0.273851
        0.892304      -0.0521643       -0.756195
       -0.135568       -0.416639       -0.248603
        0.563346         -2.0206        0.625737
        -1.29785        0.635818        -1.32185
        -1.05892       -0.140179       -0.959808
       -0.554479        -1.08746         1.45181
        0.388542       -0.142445       -0.128765
      0.00366085        -1.34683       -0.612129
       0.0430911         1.29931        0.332021
        -1.63003       -0.243679        -1.19107
       -0.353637         0.98166       -0.712121
       -0.200099        0.148505       -0.133121
         1.99175       -0.301877        -1.12974
        -1.74143        0.967673       -0.162652
        -1.02185        -1.26022       -0.473789
        -1.01597        0.908116         0.15751
        0.471659       -0.336639      0.00315876
       -0.420504      -0.0757429       -0.222686
        0.359286        0.926808       -0.780121
         0.34423         2.98347        0.116208
        -2.66778       -0.586901        0.627197
        -0.53697        0.488483         1.95783
       0.0865623        0.969193        -1.87354
        0.873147        -1.15288        0.846552
        -1.90913       -0.278411       -0.876802
      -0.0707677       -0.885981        0.482835
      -0.0691908       -0.751226        -1.16152
       -0.608066        0.468383        0.850325
         0.79272         2.47864        -1.42031
       -0.287871       0.0193006         1.69245
         1.13319       -0.891194         1.21297
       -0.704825         1.42386        0.453901
        0.444348         2.26226        -2.22249
        0.786846        0.133549        0.187253
        -1.30307       -0.802178       -0.722017
         0.55789         1.81248         1.41618
        -1.81641       -0.418188         1.51552
        0.338821       -0.989367         1.16365
        -2.07998        0.917782     -0.00766712
       0.0296678     -0.00534217         1.47718
        0.395386       -0.645939        0.442565
         2.75361       -0.860396       0.0933282
       -0.627513        -0.57452       -0.467686
        0.367563       -0.286638         1.14362
       -0.578132      -0.0429488         1.16147
        0.448307        -0.84326        -1.82829
       -0.462394        0.533554        0.261367
        -1.07851       0.0511988          -1.302
         1.99446       -0.306976         1.51742
        0.856094        0.876923          1.4492
        0.163242       -0.612847         2.15349
        -2.15587       -0.104781         1.02504
        -1.13179       -0.524494        -1.71503
        -2.75316         1.19573       -0.756752
        0.950551      -0.0616637        -2.01682
        0.866149         2.44062        0.767692
         1.22433       -0.821136        -1.00129
         1.11966         1.01857        -2.22445
       -0.828127       -0.848294       -0.868019
        0.601264        -1.82905       0.0378956
        0.998123       -0.430394        0.907102
       -0.153914        0.374866       0.0886448
       0.0496818       -0.829043         1.15032
       -0.405924         0.80111       -0.536777
      -0.0849133        -2.64816        0.213013
         1.96493       -0.058164         1.71187
        0.462357        -0.80567        -1.07046
       -0.861809          2.8421        0.595829
     -0.00941387        -2.66058        0.217918
         1.11592         1.43446         1.33094
         1.45479        0.518924        0.964034
        0.457948          0.3349        -2.06371
         1.01145        -1.84263         1.61357
        -0.27592       -0.319797        -1.11509
       0.0388014       -0.896131       -0.237991
       -0.491456         1.64729        0.321693
        -1.43319        0.936625       0.0678567
         2.14395        0.104304       -0.122582
      -0.0361738       -0.589017        0.136508
        0.523994         2.03754        -1.32261
        0.202767       -0.325049         1.23931
         1.84252       -0.693331         1.63009
        -0.61004         -1.4489     -0.00485779
       0.0122652         2.01212       -0.658974
        -1.54212        0.492339       0.0126838
         1.40414        0.869069        0.882137
        -1.14095       -0.977933       -0.446907
       0.0282402         1.32787        0.487304
        0.522138       -0.307723        0.719832
