         -1.1099        0.396894       -0.670894
        0.575501        -0.87602         1.10607
        0.348741         1.01307        -0.88637
         1.75004       -0.800471       -0.347143
        -2.41099         2.04306         0.36385
         1.32378       -0.214363        0.660002
        -2.34244       -0.688574         1.51273
        0.678806        -1.04824        -2.32859
       0.0488246       0.0717975        0.295404
         1.83266        0.579102         0.25539
       -0.959847        0.462979        0.298645
        0.640649        -1.08026         1.65657
        -1.38674        0.400382       0.0368757
       -0.721374          0.9382    -0.000798692
        0.794018          -1.162         -1.9162
        0.637646       -0.613734       -0.523506
        0.308126       -0.693543         1.43462
         0.45386       -0.280763        -2.46191
       -0.555467       -0.152363       -0.304193
        -1.86686         1.25773       -0.175808
         1.17377        -1.18117         1.02371
        0.222385        0.741225        0.345671
        -1.02649         1.67955         -0.9029
         1.06127         0.16043       -0.514674
         0.53152       0.0814822        0.122982
         1.87045         2.73845        0.461146
        0.531103         -1.2002        0.417175
       -0.632451        0.563782       -0.679234
      -0.0253574       -0.242061       -0.558358
        -1.85173      0.00990065         1.69673
        0.412917       -0.177047      -0.0765662
       -0.239136       -0.713964       -0.568761
        -1.74679        0.665888        -1.33575
        0.466485          2.4933         1.40719
        -1.00161        0.955234        -2.24026
       0.0184904      -0.0909524       -0.931066
         -1.5608       -0.292705        0.739006
       -0.238016      -0.0614379       -0.855691
       -0.748063      -0.0154537        0.504399
       -0.110061        0.704976       -0.795743
       -0.357503        0.308264        0.111563
        -1.26223        0.627733        0.437021
         -1.4898        -2.54455          0.1889
         1.06718        -1.92294        0.751072
        -3.09888        0.383683       -0.425714
       -0.904445        0.436401       -0.346439
         1.01385       -0.317164       -0.660209
         0.34196        0.650361        -2.15553
         0.10597       -0.556014        -0.56133
         1.42104       -0.240986         3.09482
       -0.950393        -2.68646         1.39649
        -1.15612        0.203618        0.725417
        -1.14392        0.552829       -0.508968
      -0.0573726         0.37672         0.71878
        0.698412         1.42303        0.865215
       -0.687758       -0.355866       -0.796535
       -0.826074       -0.163591         2.03387
         1.90361       -0.299313        -2.52557
        0.154183        0.562643         2.37281
       -0.604183        0.509805         -1.0643
        0.644393       -0.337285         0.61458
        -1.31256         1.44646        0.194212
        -1.49662        -1.26235       -0.691112
        -1.70781          2.2017        -1.93912
        0.576723       -0.265423        -1.24136
        0.301007        -1.29098       -0.905426
       -0.947423       -0.234679       -0.733171
        -0.61256       -0.373391         1.60738
         2.19049        0.555665         2.27995
        -1.12715       -0.877515          1.0399
        0.895095        -0.26714       -0.423662
        0.410078       -0.346998        0.675326
        -1.13905        -0.05216         2.67624
        -1.14078         1.37326       -0.111207
       -0.674577       -0.902196        -1.42286
         2.36444        -1.00731        0.405517
       0.0612363        -1.20219        0.297893
         2.17469      -0.0807166        0.666447
        -1.01869       -0.851916         1.12963
       -0.438249        -1.16093      -0.0845849
        0.591972         1.55918      -0.0579569
        0.832451       0.0417731       -0.874478
       -0.973084        -1.81175       -0.395074
         1.02411        0.569252        -2.14842
        0.973145        0.736731         2.04824
         1.38247        0.341677       -0.480969
        0.486692        0.872131       -0.351107
      -0.0173607        -1.21469       0.0525513
         1.59331        0.224755        -1.49497
        0.833078        0.834652        -1.28193
       -0.262773        0.756306       -0.231234
        -0.91593       -0.526263      -0.0140996
        0.381195         1.67214        0.201505
         2.19634        -1.15437        0.184047
       -0.424414       -0.952072         1.17966
         1.37275       -0.808518         1.74034
        0.123562       -0.569095         -1.2196
         2.30359       0.0527487        0.569307
        -1.16056       -0.841368         1.05775
       -0.754921         1.43023        0.222152
         -1.0009         1.80754        0.088756
        0.156768        -1.05422         1.64009
        0.601846        0.696594        -1.10524
          1.1153        0.285801       -0.304367
         1.14635        -2.28169      -0.0201619
         2.03507        0.385654        -1.01141
       -0.579898       -0.182801         1.24632
        -0.37731        0.745457         -2.1894
