       0.0581817        0.585647       0.0503824
       -0.938045         1.19479        -1.19014
       -0.917211       -0.608483        -1.43984
        -0.12311       -0.631088       -0.250558
        0.317486        -1.65316       -0.730752
       -0.714796       -0.895466        0.673672
       -0.413795       -0.621784        -1.11839
         1.16123       -0.489828       -0.515989
       0.0946081       -0.692414      -0.0389355
     -0.00424314       -0.615449       -0.353013
         0.43283       -0.672722       -0.938155
        0.193131       0.0806475        0.119406
       -0.809193        0.637257        0.592663
        0.376489         1.55966        -1.42642
        -1.06174       -0.371804       -0.431028
       -0.430486        0.137163        0.249046
       -0.493325       -0.519893       -0.823805
         1.38346        0.405187       0.0533982
       -0.689428         1.38556        0.682537
        -1.25718       0.0431363         -1.9366
         2.06773        0.610567       -0.328289
        0.896278       -0.241556         1.64654
        0.951036        0.631998        -1.07298
         1.74005         1.56339      -0.0932202
       -0.190535       -0.366132         1.47089
        0.460339        0.232861         1.41293
        -1.10141       -0.128257       0.0160484
         1.81271        0.098064         -2.1448
        0.545881        0.964397         1.12746
        -0.52258         1.63993      -0.0939079
         1.23899        0.303569        0.763815
        0.145128       -0.494876       -0.103204
       0.0614037        0.141753       -0.350983
        0.729486       -0.391132        0.692171
          1.0361          1.0564        -1.25523
        0.209509         0.23234        0.149278
        0.340422        -1.45185        -1.19559
        -1.28594        0.822814       -0.342367
        0.198906        0.578093       -0.740546
       -0.352697        0.848868        0.545633
       0.0206952       0.0520171       -0.558178
         0.59282         0.29644       -0.346357
         0.84459        0.659088           1.478
       -0.356233       -0.465937       -0.687253
        0.574554      0.00555574        0.707207
         -1.3391       -0.944494       -0.360478
       -0.292938        -1.38216       -0.556567
        0.353849       -0.531411         1.76406
       -0.361652      0.00217659        0.339229
         1.35435       -0.292771        0.726524
       -0.929037        0.606335         0.15907
         1.72109        -1.22021      -0.0649634
         1.38122       -0.400495        0.055077
        -1.17522        0.181117        -1.01402
        -1.36088       -0.592319       -0.618849
        0.844646        0.653307         1.36009
        -1.11551         1.46576        -1.17021
         1.11038         1.40335        0.261208
       0.0710703        -0.23983        0.517142
        0.184667        0.935043       -0.546152
        -0.37648        0.592119         1.79788
        0.158668        0.259869         1.19914
       -0.585299         1.55667       -0.510145
          1.3737         1.76159        -1.88491
        0.338151        -0.41736      -0.0405564
       -0.619878       -0.226261       -0.758568
        0.453814         1.97598      -0.0716904
       -0.884879         1.28555        0.119715
        -1.22873        0.149441        -1.15822
         0.21066       -0.767172        0.240873
        0.542395       -0.685894        0.960366
       -0.296202        -0.62203         1.18816
        0.112614       -0.568982        -2.25178
         -1.3753        -1.38365       -0.369146
       -0.872559        -1.70364        0.961385
        0.531248        0.127324       -0.482345
        0.502761         -1.1544         1.06135
        0.617943       -0.928561         1.03227
        0.783733         1.15148       -0.201711
         -1.0531        -1.39545        0.174541
        -0.36416       -0.881537        -0.74073
        0.114247        -0.86636        0.478519
        0.242364         0.18887         1.55446
      -0.0261705        0.302191        0.714221
       -0.791019        -1.32526       -0.545286
        -1.80603       0.0366051       -0.536579
       -0.280277        -1.33391        0.571404
        -1.02984       -0.127417        0.201033
       -0.788195       -0.060153         1.17755
       -0.735446         -1.6292       -0.227969
         1.65872       -0.398815        0.930603
       -0.739436       -0.198743        0.224842
       -0.688446         2.08687         2.13046
       -0.525941       -0.109696       0.0382218
       -0.339504      -0.0840428        -1.12163
        0.635582      -0.0394731        -0.59127
        0.230159        0.470041        -1.54896
       0.0247674       -0.325133       -0.166961
       -0.670539         1.07068        0.664728
      0.00169979          1.0759        0.301311
        0.777163        -2.17758         1.25316
      -0.0189139        0.441056       -0.149559
       0.0905338         1.33841          1.7871
       -0.786634       -0.343935       -0.550809
        0.207514       -0.878028       -0.613676
         0.30159        -1.32957         1.12099
        0.213639        0.661405      -0.0924159
       -0.509754        0.331423       -0.045079
