        0.535507        0.809243         1.04409
       0.0922978       0.0542571       0.0114863
        0.780953       -0.190783         -2.0999
         1.38957        0.695899       -0.725708
       -0.987322        -1.10756        -1.19955
        0.120315         -1.4097        0.332256
        -0.35664       -0.711308         1.59752
       -0.185014         1.85701        0.656358
        0.541066        -2.21043       -0.744569
        0.337245        0.386397         1.69353
         1.40941         0.20379       -0.966468
       -0.310255      -0.0989813        -1.46261
        -0.68789        0.564034          0.1894
         1.57337        -1.08814         0.36065
       -0.958139        0.272006        -1.29518
        0.284756         1.28566         1.06504
        0.288847         1.19847        0.516783
       -0.179272        0.936527        -1.81099
        0.145181      -0.0980942        0.495192
       -0.651174        0.391063        0.299943
        0.473859       -0.694583        -1.32866
         0.85267         1.45593       -0.368371
         1.61599        -1.06611         1.37791
        0.905605        -1.88205        0.160784
        -1.40359       -0.341606      0.00373649
        0.836999         1.20176        -0.23983
          1.0141       -0.907285         1.02208
        -2.45037        0.416226        0.669433
        0.193127        -1.01986         1.21581
        -2.41106      -0.0902677        0.641105
      -0.0320206        -0.49976        0.312713
        -1.23607        0.620996        0.588072
        0.652521      -0.0129217        -1.12592
        0.163469        -2.01545         0.77932
       -0.389673        -0.96362         0.62571
         1.51516        0.679472        0.134858
         0.18739       -0.472107        0.880226
       -0.284851        -1.70532        0.867465
         1.41816       -0.428292         2.31162
        0.314296       -0.479979       -0.999117
       -0.639298        0.626583       -0.223106
        0.526732        0.179119       0.0334089
         1.70453       -0.406924         2.24522
        0.394481         1.04994       -0.746582
         0.57614        0.562316         2.35172
         2.94597        0.923415        0.806703
          1.0126         1.77077        -1.70639
        0.912539        0.617091       -0.919085
        -1.30962         1.73136       -0.629591
        0.660881        0.558689        0.495128
        -1.51406       -0.952212        0.806501
          1.3972      -0.0160472        -1.59841
       -0.614371        -1.48469        -1.27056
        0.596519        0.265525        -1.70573
         1.26057       -0.362472        -1.60003
       -0.970853       -0.259764         1.50286
        -1.13163        0.531706        -2.10296
        0.643814       -0.518987       -0.514837
        -1.25459       -0.325238         1.23216
        -1.34751        -3.37958        -1.67764
        -0.53804        0.406349       -0.897793
        -0.65165        0.543866         1.13851
       -0.390605         1.81116       -0.108769
       -0.906531       -0.703346        -2.16514
       -0.399603       -0.938775         1.79537
       -0.526475       -0.529491        0.815351
        0.312697        -1.52152          -2.053
        -1.21589       -0.366548          -2.061
       -0.647912       -0.379272        0.894177
        -1.04334       -0.856468         0.84545
        0.729745       0.0249516         1.19733
       -0.418479         0.22003         -1.2288
         1.20262        -1.09202       -0.602212
        0.324355         0.89261         1.35355
      -0.0889239         1.82602       -0.999373
     0.000552836      -0.0104593        -1.41313
        0.393469       -0.365235        0.430281
        -1.23102         1.13154         1.07812
         1.09121       -0.619599       -0.277821
        -0.84837        0.389166        0.415231
        -2.74368      -0.0204642         1.59665
        0.972943        -1.61743        0.996353
         1.70333        0.519649        -1.13498
       -0.854654        -1.03641       -0.601723
       -0.654441         1.08359        0.820006
       -0.130708        0.758278        0.526326
        0.294432        0.346717        -1.63931
        -1.55919         0.46265       0.0216924
         1.18866       -0.114661       -0.550464
       -0.552323       -0.166284       -0.858825
        -2.83489       -0.599658         2.34575
        -2.01839       -0.593466       -0.673137
         1.39369         1.02968        0.286259
        0.617289         2.31623       -0.788045
        0.398222       -0.468335       -0.457936
         1.36194        0.530878         1.43207
         -1.6206          0.6558        -1.44766
       0.0591609        0.114541       -0.196596
        -2.15417       -0.770893        0.746847
       0.0165992         2.32466        0.245478
       -0.174763       -0.870813         1.15084
         1.46798         1.51104        -1.85626
        0.970684         1.51574        0.880483
         1.18353         -1.1665         0.84669
         1.92576        -0.41588        -1.10435
        0.698576        0.806194         2.12418
        -1.37583        -1.05885        0.270904
        -1.69552        0.415868         -1.4026
