       0.0193063        -1.64802         1.93394
        0.394111         -1.7664        -1.64428
         -3.0229      -0.0112889        0.543569
         1.70923       -0.223277        -1.17946
        0.611881         2.34676    -0.000216706
        -1.29633        -1.66022          1.1147
        0.326001        0.142034        0.612127
        0.617614        -0.48556        -2.03146
         1.37669        0.523521       -0.435113
         2.36472        0.301601       -0.250057
        0.806139         1.01828       -0.659246
       -0.249301         -1.0976        0.639525
        0.454094        0.787945          1.2949
       -0.839159       -0.368713         2.12023
        -1.04057        -1.36991         2.14246
      -0.0683431        0.504097         2.83748
        -1.12885        -1.00991        -1.03809
        -1.09548       -0.544364        0.224198
         1.10754        0.676514        0.848796
         0.87686       -0.470825        -0.19744
        0.254865         2.13612        0.781069
       -0.702042       -0.530355        -1.40868
        -1.97598         1.82471        0.160272
        0.153059         1.22621        0.402156
       -0.477102         1.13868        0.912576
       -0.957004         1.11589        -1.63878
        -1.57054        0.131247        -2.73489
       -0.212063       -0.530946        0.683896
        0.516332        -2.07229       -0.849209
        -1.05295       -0.835919        -1.23583
        -1.69946        -2.10117        -1.71468
       0.0743234        0.171058        -1.02842
        -0.73397         1.07421         0.22165
        0.853029       0.0288257         1.04136
       -0.416402       -0.703124       -0.854795
        -0.96106        0.556684        0.159777
        0.243969        0.745038       -0.828472
         1.59712        -2.08676        0.923576
         1.83595         0.25294         2.12941
         1.19128        0.294169       -0.104794
          1.3777         1.61513       0.0246434
        -1.12102         1.92402       -0.166512
        0.805338       -0.935237       -0.261271
        -1.27616        0.807506       -0.997808
        0.574322       0.0890864       -0.258168
         0.71897        -1.34733        0.384964
         0.81907        0.729559        0.890801
        0.442354         1.04641       0.0150316
         1.18831       -0.224053       -0.878938
        -1.09845        0.121803        0.401289
       -0.127131         -1.1836       -0.678411
         2.00561         -1.8137        0.509504
         1.29312         1.74181       -0.869581
         1.20726         -1.5305       -0.449944
        0.621992        0.392553        -1.29783
       -0.896565        0.825592        -1.44279
        0.144912        -0.12871        -1.02725
        -1.64129        0.323292        0.846129
        0.543857        -1.14596        -2.39873
         -2.6114        0.328777       -0.329736
        0.297115         1.67987        0.804556
        -1.18377        -1.52875        0.266016
       -0.565479       -0.195457          1.0953
        0.177871        -1.41653       -0.804291
        0.324172        0.130058         1.14001
         1.81087       -0.132971        0.278595
       -0.847156          1.8435       -0.267252
        0.920087       -0.182487        0.569641
         1.50863        -1.26654       -0.286498
        0.716852         1.25518        -1.72684
         1.13063        0.253072        -1.68773
      0.00233834         1.83501         1.28594
       -0.703442        -2.94848        -1.09333
        -0.29449        0.527601        0.745267
        0.867697       -0.230372        0.730475
         1.71781         1.13113       -0.924775
       -0.269643       0.0937828       0.0471991
        -1.10418         -1.2252         0.26333
        -1.56887        0.408182         2.28216
       0.0659852       -0.355391       0.0328992
       -0.665607        -2.21025         2.19646
       -0.709937         1.06431        0.609596
       -0.769372        0.457284       -0.237063
        0.224909        0.891614         0.33456
       -0.752941     -0.00438669        0.199929
        -0.76361         0.94662        0.941252
       -0.235475         1.16411        0.329988
       -0.311695        -1.56278        0.647472
        -2.02179         1.54929       -0.970211
         1.51132        0.469589        0.530037
         1.85748       -0.133471       -0.536827
       -0.412957         1.16376        0.813996
       0.0329964       -0.231837       0.0315951
         1.30924       -0.565205         1.21461
      -0.0395248       -0.393221        0.979568
      -0.0116437         1.16882        0.192388
        -2.44144        0.724857        0.643369
         2.12901        0.698358       -0.946482
        -2.30631        -1.97229        -0.77366
        -1.24159       -0.403068        -0.84854
        -1.58778        -1.85943        0.985159
        -1.11539         -1.1412        0.437764
        -3.33239        0.420664        0.364522
         1.83136         -1.2707        -2.32647
         1.13297         1.95897       -0.757616
         1.46545        0.948316       -0.541859
        0.891504       -0.502025        0.377313
         2.47475       -0.168213       -0.550657
