         1.24778        0.822665         0.60764
         1.10331        -1.20677          1.6322
       0.0509534       -0.444669        -0.61161
          1.9706       0.0914397        0.501608
         1.41864         0.17561         1.13938
         2.19249       -0.272445       -0.886023
         -1.1842       -0.258024        0.353769
       -0.129801        0.367796        0.277201
         2.59206       -0.421615        0.120424
        -1.67018        0.702263          0.6913
        -0.37544        -1.95427        -1.18318
        -1.04428       -0.227798       -0.364377
       -0.996185      -0.0329791         1.10619
          1.0948          0.5806       0.0676014
        0.575656         1.54614        0.955399
       -0.322183        -1.13915        0.887602
        0.649584        0.843796        0.802078
        0.243144        -1.44258       -0.895515
       -0.319642         1.97197       -0.609811
        0.348742       0.0826032      -0.0596249
       -0.293907       0.0669912        0.478406
        -1.31583         1.51019         1.11841
        0.328425         -1.8224         1.81552
         2.18799        0.182982         0.79377
        -0.91377       -0.501935       -0.838417
        -1.75724        0.261716       -0.413305
        -0.18705         -1.3871       -0.476051
        -0.27222        0.576907     -0.00698266
       -0.710971       -0.821672        0.992252
        -1.31032        -1.18139         0.26519
        -1.08582        0.741087        -1.18164
        -1.78384       -0.298923      -0.0253787
       -0.751661        -1.49264         3.42168
        -1.66507        -1.02749        0.434622
       -0.783648       -0.352639       -0.209609
        -1.50457         1.54719        0.767579
         1.00164        -1.28774        0.662061
         0.29085        -1.48776          0.2944
      -0.0172136        -2.10289       0.0223455
       -0.230175         1.41815        0.291377
         1.10775        0.514094        0.871834
        0.370498         1.44026       -0.977593
       -0.750077         2.31755       -0.856805
       -0.344708        0.441696        -1.47963
        -2.16879         0.74719       -0.564944
         2.36602        0.989941        0.704952
       0.0596291        0.705712        -1.32429
       -0.927594        0.415344        0.333565
       -0.683689         2.75442        0.268948
         0.90962         0.33584        -1.58984
         -1.8337       -0.325518        -1.37998
       -0.907151        0.792463        -1.84835
         1.36899        -2.94318        -3.46848
        0.607535         1.56762       -0.449991
        0.853218       -0.531955        0.418278
       0.0327841        -0.30276         1.31967
       0.0316676       -0.163381        -1.10384
        0.324578         0.57705       -0.723252
        -1.15421       -0.653582       -0.723034
        -1.02695         0.25003       -0.124959
       -0.496435         1.70125         1.04573
         1.05223       -0.350769        -1.05713
        -1.47227      -0.0332859        -1.57104
       -0.161017        -1.23146        -0.37425
       -0.391724        -1.09082         1.54345
        0.116804       -0.854896        -1.27515
        0.436723        -1.77448       -0.960201
        0.436544         1.17546         -1.4281
        -0.97124      -0.0541552       -0.839711
        -1.38194        0.169556        0.201971
       -0.847719       -0.430402        0.644858
        -0.51074         1.37683        0.881753
        0.471034         0.10294       0.0733534
       -0.220466        0.426261         1.41668
        0.350292         1.65879       -0.271257
       -0.480484        -1.04356       -0.463589
         1.29364        -1.54231         1.20943
       -0.233539        -1.34988        0.261021
         1.75988         2.27179        0.441902
        0.875147        0.639077       -0.431675
        -1.34875       -0.429323        -1.13001
        0.498806       -0.408309        -0.47681
        0.735901       -0.575094       -0.505567
       -0.230322       -0.701321     -0.00846274
       -0.139769        -0.39647         0.55765
        -1.37548       -0.262816       -0.310364
        0.874892        0.593213        0.240094
       -0.950173          1.4093       -0.814252
        -1.25356         1.38281       -0.140464
        -1.10807        -1.52763        0.876612
        0.687477       -0.508704        -1.09822
        0.859099        -0.36638         2.07599
        0.623436       -0.615606       -0.473589
       -0.536003         1.22655        0.269212
         1.88628         1.17115       -0.995566
       -0.115785        0.370788        -1.29833
      -0.0135532        0.142751       -0.716452
      -0.0597253        0.978321       -0.264268
         1.08004        -1.29641         1.53189
         1.45974        0.312156        -1.35579
        0.703333        -0.83126         1.45393
       0.0578643         1.45245        0.020645
        0.645049      -0.0895702         1.27586
       -0.784626       -0.316344         1.44209
         1.33396         1.00317       -0.365336
        0.893696       -0.857949        0.141429
       -0.308767        -1.67696       -0.391749
         1.35344       -0.202498         1.37105
