         2.58729        0.215214        0.802763
      -0.0824894         1.92332        0.904312
       0.0279447        -2.23106        -1.06267
       -0.384973         1.64233        -1.26071
        0.647535        -1.00287       -0.586892
        0.662152        0.432491        0.416093
        -1.39117      -0.0302025        0.336549
        -0.51643       -0.831052         0.10703
         2.51297        0.329708        -1.41972
         1.43514        0.415251        0.497884
       -0.971358       -0.286674         1.68036
     -0.00989844      -0.0927011       0.0898695
       -0.604461       -0.816548        0.325481
       -0.369537        0.720597         1.35829
       -0.130942         1.24464        -2.70666
        -0.76582         1.41745        0.958023
        0.176968        -1.50293        0.695349
         1.25679       -0.177593         0.69128
       0.0878524       -0.478206        -1.01873
        0.469984         1.56224      -0.0676695
        0.293908       -0.525777        0.860552
        -1.84499         1.01199      -0.0088047
       -0.652497       -0.107325       -0.422968
       -0.756144        -1.15596         2.20396
         1.45755       -0.905566       -0.624756
         1.41092        -1.33622       -0.882563
       -0.569743         1.59997        0.307749
      -0.0382219       -0.113436       -0.472087
        0.498479         1.55296       0.0496466
         1.01792       -0.993545       -0.705136
         1.01589       -0.454715       0.0792054
       -0.199174       -0.658377       -0.290182
        -1.75325        0.321972       -0.306071
        0.643115        -2.40491        -0.38212
       -0.685385         -1.5226        0.700691
        -0.14198       0.0737194       -0.432123
        0.506987       -0.444551        0.639311
        0.595171        -1.71048        -1.30888
        -0.15241         0.94628         2.56192
        0.135668         2.16082       -0.145476
        0.428668        -1.17968       -0.354413
         1.46328       0.0269982        0.613475
         1.34248        0.966497       0.0676068
       -0.803095        -0.48058        0.151882
        0.895655         2.30145        0.268389
       0.0502252       -0.714038        0.327396
     -0.00289196         -1.3351        -1.01212
         1.80255        -1.85708         1.57295
          0.9655        -2.07212       -0.973183
        -1.68018         -2.4079        0.810996
       -0.978888         1.14072       -0.264092
         1.52314       -0.837404          2.3612
         1.03906       -0.908683        0.343249
         1.82565        -0.36966         1.93702
       -0.760655        -1.06459        0.366052
       -0.208837         1.12819       0.0176103
        -1.09589         0.39342        -1.84558
         0.11666        0.471848        0.181127
       -0.445175         1.67214        0.331187
        -1.70053         1.06815        0.103849
        -3.01061        0.142657       0.0434257
       -0.235385       0.0100358        0.888547
        0.436566        -1.47628       -0.457853
        -1.02659       -0.377393         1.47357
       -0.690072      -0.0574888       -0.471253
       -0.589584         2.48617      -0.0469116
        0.304819      -0.0300658         1.50075
        0.452548        0.847687        -1.13204
         1.01226        0.886798        0.839616
        -0.19347         -0.2163        -2.16787
          0.7463       -0.200303         1.18876
       -0.924613       -0.677325         1.35872
       -0.881724        0.281518       -0.502204
        -1.06391        0.530063        0.560169
        0.202729       -0.652579         -1.3984
       -0.151491         0.23557        -1.63444
      -0.0722402        0.807827      -0.0803708
       -0.494206         1.42583       -0.538018
       -0.770995        -1.80122       -0.289232
       -0.801952         0.47918       -0.121031
         2.15818       -0.339385         1.84866
        -1.62502        0.369427        0.648274
         1.44307        0.942929        -1.27168
        0.732845         1.88917        -2.30994
      -0.0789483      -0.0451191         1.54823
       -0.788082      -0.0927244       0.0748885
        -1.05435        0.427309        -1.56452
       -0.854938        0.150646       -0.906711
         1.09656       -0.855331        -1.27959
        0.468986         1.22471        -1.42442
       0.0567015       -0.898172         -1.2462
       -0.460662       -0.833168          1.2153
         1.43635       -0.737324        -0.82985
       -0.707664        0.478813        -1.81804
        0.534627       -0.421927       -0.836964
       -0.777587      -0.0291324         -0.7204
       -0.438138        -2.62402        0.410702
        -2.21008        0.289375      -0.0322102
       -0.855079         1.14488        0.296562
         1.21686         1.95667        0.943406
       -0.551329        0.918358        -1.61746
        -2.41157       -0.266435        0.591566
        -0.31184        0.179422      -0.0762857
        0.882113        0.365909        0.267816
        0.156956         1.85088        0.474994
        0.396142       -0.791916       -0.814824
        0.542954       -0.541296        0.984407
        0.558455      -0.0871699         1.26364
