        0.570514        -1.34909       -0.227515
        0.443274       -0.533632       -0.574495
        0.980785        0.572173          3.0269
        -0.28923        0.358723         0.11916
         2.90519     -0.00922734       -0.032047
      -0.0928187        -1.60184      -0.0588936
        0.262776       -0.156429       -0.774745
        -1.23144       -0.536256        -1.13968
       -0.743915        0.430954         1.14022
       -0.333576        0.548392         1.83824
        0.476701       -0.730135        0.806491
    -0.000744161          0.8433         -0.8829
        -2.15031         2.70591        -1.26379
        0.844797         2.08301        0.355553
       -0.248394        0.310214       -0.561474
        0.910362       -0.987247       -0.354754
        0.100188        0.463845         1.66311
       -0.198127        0.293279      -0.0553189
       -0.715108       -0.338001        0.194209
        0.820954       -0.385237        0.136738
       -0.352124        0.858877        -2.24042
        0.940047        0.456024         1.01594
        0.812554        0.283463      -0.0998586
       -0.241175        0.781716       -0.872572
         0.59609          1.1121       -0.973444
        0.140334        0.194644        0.705162
        0.510613       -0.835269         1.62087
       -0.550972       -0.872351        0.826428
       -0.459348       -0.480574        -1.93649
       -0.962653       0.0816611       -0.499986
       -0.201032      -0.0489944        0.944782
        0.818065        0.543627        0.223501
         1.38326        0.473358        0.929004
         1.56798         2.63196          0.1238
       -0.527592        -1.50076        -1.88421
        0.157541        0.431084        -1.15042
         2.01177        0.456131       -0.188018
         1.08281         1.04533        -1.07958
        0.396664       -0.955137          1.1157
       -0.625332          0.8136        -1.05478
       -0.382382        -1.83314         0.89963
       -0.930885        -2.15178        0.986181
        0.690727         1.14374      0.00635823
        -1.39355        -2.57362       -0.272495
        -1.75001          1.3109        -0.84851
      -0.0701529        0.671118         3.16038
        0.214524        -1.50491        0.039208
       -0.786455        -1.38821       -0.979077
         2.04314         1.33001        0.797498
        0.160766        0.942886        -0.09158
         1.49548         1.08331       -0.686177
        -1.02545        -0.15447       -0.405733
       -0.215693         2.31378        0.965019
       -0.966248        0.504673        0.278427
       -0.287665        -1.77189        -1.69343
       -0.962128        0.622363        -1.20604
         1.85269        0.151165         1.54111
        0.403033      -0.0615424         1.08592
       -0.464542       0.0862173        0.376641
         0.10773         1.03742       -0.518482
         1.39357        0.409414        0.464229
        -2.44393         1.76496        0.791857
        -1.66096       -0.989376         -1.8292
        0.261103       -0.847112        0.204004
       -0.952578       -0.482259       -0.542362
      0.00860028       -0.880128     -0.00200335
        -1.27817       -0.597555       -0.839809
        0.929015        0.641749         1.46362
         1.20551          -1.302       -0.670332
        -1.29882         1.98647      -0.0904739
        0.341601       -0.125062        -1.35247
        -1.06488       -0.378744        0.117176
        0.485197        -1.32697        0.437446
        0.104346        -1.32347       -0.813111
       -0.378273        0.474501        0.130576
        0.034236       -0.494962       -0.829715
        -0.38511       -0.869928       0.0299686
         -1.4067        -0.82369       -0.770952
        -1.06358        0.856513       -0.282523
       -0.775812        0.359609        0.801601
       -0.600429         -1.4763       -0.389127
         0.15507        -0.90138         1.60984
           2.143       -0.935906       -0.128503
      -0.0384288        0.722139        -1.30495
        0.859267        0.659116        0.917095
         1.68161         -1.5343       -0.301285
         1.25588       -0.319128         1.00238
         1.40667       -0.460985       -0.169873
        0.100097         1.03333        0.749775
       -0.790652       -0.473875         1.09131
       -0.144347        -1.38424        0.163189
        -1.71035        -0.86572        -1.90181
        0.171228        -2.23624         1.28778
       -0.389235         1.44126       -0.442067
        -2.17974         -1.1082        0.592884
       -0.140354         1.10135        0.931005
       -0.368399       -0.439208       0.0941588
         2.00145        0.845638       -0.564369
      -0.0947167         0.44533         1.35513
         1.12592         1.30989       -0.351193
        0.248408      -0.0837633        0.636553
          1.3114        0.168339       -0.876343
        -1.18076        -0.62961          1.2698
        -1.17003      -0.0832533       -0.381368
        -1.03685         1.35282        0.711924
         0.32076       -0.302198       -0.997759
        -1.82391       -0.251782        -1.75075
        0.290816         1.14367        -1.58625
