       -0.941098       -0.702427         1.05549
       -0.723304       -0.254767       0.0751479
       -0.905076        0.894721       -0.767638
        -1.35589       -0.119027       0.0593505
          0.4523        -2.53115        0.492528
        0.989316       -0.763743       -0.974892
        0.283316       0.0975484       -0.493201
         0.62646         1.39026        -2.96161
          -1.866        -1.79095       -0.229284
         1.17782       -0.852787        0.803932
       -0.156333        0.166803      -0.0694661
          2.3629       -0.079363       -0.441399
         1.01672        -1.60945       -0.189963
       0.0284265         1.28591       -0.184138
       -0.257639         1.08782        -1.16179
        0.372645        -1.08509       -0.287938
         2.56314         1.18129         1.26318
       -0.275229       -0.248638        0.935709
        0.502831         0.47089        0.545968
       -0.430578         1.52155         1.05075
         1.18991         1.19221         1.21979
        0.769097       -0.461906        -2.43462
         1.55934       -0.147116       -0.427862
       -0.833973         0.95579        0.281604
        0.500407       -0.130831        -1.08235
        -1.40576        -1.45285      -0.0665229
        0.486567       -0.784024        -1.16162
       -0.286048         1.02266        0.565903
       -0.359347        -1.94548         -2.3409
        -1.43306        0.396895       -0.268932
         -1.0989       -0.725449       -0.195032
       -0.668893        0.552761         1.36541
        0.921312       -0.547865        0.697193
      -0.0234906         1.57861        0.499759
        0.322137        -1.45303        -1.03485
       -0.410589        -1.08812         1.80451
      0.00932951        -1.30051       -0.393097
         1.12138         1.39117       -0.599504
        0.972146         2.40104       -0.628245
       -0.570578       0.0942622        0.127016
        -1.42297        -1.50961        0.674243
       0.0236189       -0.652603       -0.280468
        0.637262         1.91059       -0.528803
         1.64061        0.820377         0.88659
         1.03998       0.0368782       -0.162084
       -0.972277        -0.18716        0.791475
       -0.575404        -0.14298         1.76544
       -0.061186        -2.17826      -0.0228334
        -1.45736        0.260805         2.96762
          2.0556      -0.0167191        0.428633
       -0.974781       -0.611979      -0.0305654
      -0.0280636         0.75235        0.820759
        -1.56301        0.282923         2.18718
        0.653271        0.659045        0.621795
        0.394839       -0.148545         2.05459
        -1.39948        0.270548        0.555871
        -1.09996       -0.319313         1.53193
        0.141366        -1.59077          1.0136
        0.568164         1.77468        0.638768
       -0.995651       -0.146589         1.57584
        0.861367        -1.07025         1.29505
       -0.114682       -0.338695        -2.07189
      -0.0693956        0.615594       -0.214861
         1.00675         0.62503        -1.20523
       -0.313787        0.198524      0.00160075
        -1.83327        0.723821        -1.58996
        0.639727        0.956431        -1.03341
       -0.104963         2.11003        0.278806
        -0.35048        -1.72869        -1.78574
         1.23376        0.763208         -1.3276
        -1.61504        -0.21162       0.0227568
        0.306994       -0.700656         1.21315
       -0.514117        -1.08542         1.98594
       -0.296879        -1.01088         1.36601
       -0.802976         1.48629       -0.935106
       -0.450459         -0.5191         1.00314
       -0.895816        0.421337       -0.380348
         1.90186       -0.880003         -1.0249
         1.19514       -0.543792       -0.249523
        0.256633        -1.12866        0.913028
        0.485365        0.178905       -0.646801
        0.191319        0.905213       -0.143022
       -0.909869        0.293368         -1.6181
        0.434452        0.306408        -1.49919
         2.01491        0.621079       -0.770295
       -0.594115       -0.207051        0.100665
           1.372        0.631775        -1.15229
        0.611126        0.138527         1.19145
        0.241959       -0.273447        0.346792
       -0.654948        0.193742         2.21719
        0.205711        0.879447        -1.28314
        -0.45927       -0.650175         1.10551
        0.507639       -0.907642      -0.0207334
       -0.039866          2.0448        -1.21022
       -0.612684         2.05403         0.32846
       -0.915599         2.38234         1.03952
        -1.21126         1.00742        -2.87073
         1.27196         -0.5633        0.276797
       -0.798622        0.262677        0.242937
        -1.74706        -1.24024        -1.60114
      0.00215951        -3.36289       -0.600023
        0.823135        -1.07176        0.555235
      -0.0847645        0.424673       -0.097688
        -0.23454         1.51368       -0.131451
         -0.5588        -1.16428        -1.09079
        0.239352        0.095643       -0.702041
      -0.0379039         0.25795        0.747734
       -0.412435       -0.304705       -0.913531
