         1.23617        0.815012        0.601987
         1.09305        -1.19555         1.61701
       0.0504794       -0.440532        -0.60592
         1.95227       0.0905891        0.496942
         1.40544        0.173976         1.12878
         2.17209       -0.269911       -0.877781
        -1.17318       -0.255624        0.350478
       -0.128594        0.364375        0.274622
         2.56794       -0.417693        0.119304
        -1.65464         0.69573        0.684869
       -0.371947        -1.93609        -1.17217
        -1.03456       -0.225679       -0.360987
       -0.986918      -0.0326723         1.09589
         1.08462        0.575199       0.0669725
        0.570301         1.53176        0.946512
       -0.319186        -1.12855        0.879345
        0.643541        0.835946        0.794616
        0.240883        -1.42916       -0.887185
       -0.316668         1.95363       -0.604138
        0.345498       0.0818347      -0.0590702
       -0.291173        0.066368        0.473955
        -1.30359         1.49614           1.108
        0.325369        -1.80545         1.79863
         2.16763         0.18128        0.786386
       -0.905269       -0.497266       -0.830617
         -1.7409        0.259282        -0.40946
        -0.18531        -1.37419       -0.471623
       -0.269688         0.57154      -0.0069177
       -0.704357       -0.814029        0.983021
        -1.29813         -1.1704        0.262724
        -1.07572        0.734193        -1.17065
        -1.76724       -0.296142      -0.0251426
       -0.744669        -1.47876         3.38985
        -1.64958        -1.01793        0.430579
       -0.776359       -0.349358       -0.207659
        -1.49058         1.53279        0.760438
        0.992323        -1.27576        0.655902
        0.288145        -1.47392        0.291661
      -0.0170535        -2.08333       0.0221377
       -0.228033         1.40495        0.288667
         1.09744        0.509312        0.863724
        0.367051         1.42686       -0.968499
       -0.743099           2.296       -0.848834
       -0.341502        0.437587        -1.46586
        -2.14862        0.740239       -0.559689
         2.34401        0.980732        0.698394
       0.0590744        0.699147        -1.31197
       -0.918965         0.41148        0.330462
       -0.677329         2.72879        0.266446
        0.901158        0.332716        -1.57505
        -1.81664        -0.32249        -1.36715
       -0.898712        0.785091        -1.83116
         1.35626         -2.9158        -3.43621
        0.601883         1.55304       -0.445805
        0.845281       -0.527007        0.414387
       0.0324792       -0.299944         1.30739
        0.031373       -0.161861        -1.09358
        0.321558        0.571682       -0.716524
        -1.14347       -0.647502       -0.716308
         -1.0174        0.247704       -0.123796
       -0.491817         1.68542           1.036
         1.04244       -0.347506        -1.04729
        -1.45858      -0.0329763        -1.55643
       -0.159519           -1.22       -0.370769
        -0.38808        -1.08067         1.52909
        0.115717       -0.846944        -1.26329
         0.43266        -1.75797       -0.951269
        0.432483         1.16452        -1.41482
       -0.962205      -0.0536514         -0.8319
        -1.36909        0.167979        0.200092
       -0.839833       -0.426398         0.63886
       -0.505989         1.36402         0.87355
        0.466652        0.101983        0.072671
       -0.218415        0.422296          1.4035
        0.347033         1.64336       -0.268733
       -0.476014        -1.03385       -0.459277
         1.28161        -1.52796         1.19818
       -0.231366        -1.33732        0.258593
         1.74351         2.25066        0.437791
        0.867006        0.633132       -0.427659
         -1.3362       -0.425329         -1.1195
        0.494165       -0.404511       -0.472375
        0.729055       -0.569744       -0.500864
       -0.228179       -0.694797     -0.00838401
       -0.138469       -0.392782        0.552462
        -1.36268       -0.260371       -0.307476
        0.866754        0.587695         0.23786
       -0.941334         1.39619       -0.806677
         -1.2419         1.36995       -0.139158
        -1.09776        -1.51342        0.868458
        0.681082       -0.503972          -1.088
        0.851107       -0.362971         2.05668
        0.617636       -0.609879       -0.469183
       -0.531017         1.21514        0.266708
         1.86874         1.16025       -0.986304
       -0.114708        0.367338        -1.28625
      -0.0134271        0.141423       -0.709788
      -0.0591697         0.96922        -0.26181
         1.06999        -1.28435         1.51764
         1.44616        0.309252        -1.34317
         0.69679       -0.823527          1.4404
        0.057326         1.43893        0.020453
        0.639048       -0.088737         1.26399
       -0.777327       -0.313401         1.42867
         1.32155        0.993834       -0.361937
        0.885382       -0.849968        0.140114
       -0.305895        -1.66136       -0.388105
         1.34084       -0.200615          1.3583
