        -1.13989        -1.60031        0.937099
       -0.519262       -0.628419       -0.088726
       -0.508435        -1.07644        -1.53488
        0.181441        -1.41676         1.11536
         1.08015       -0.262265        -1.78378
        0.201318       0.0547244        0.414506
       -0.473865        -1.39996       -0.577805
       -0.619626       -0.543584       -0.397678
        0.582855       -0.855327        0.217902
        0.215317         1.98872        -1.17503
         1.63799        0.242834        0.868419
        -1.22868        0.298412       -0.503611
        0.520146          -2.107         1.62144
       -0.118172        0.532623       -0.514801
         0.79147         1.80381        0.483601
        -1.61787       -0.983555       -0.143451
        0.371086       -0.792651         -3.0546
        0.407753         0.39775        0.482699
       0.0475065         1.91486          1.0174
         1.18446         1.33301       -0.552841
       -0.455088       -0.473663        -2.05197
       -0.823382        -0.98158          -0.627
        -1.03312        0.971669       -0.635254
        0.773901         1.09694        -1.42068
        -1.54765       -0.755393        0.163698
        -1.49558        0.205516        -1.21742
        0.698883       -0.087452         1.50363
       -0.919278       -0.502227       -0.463139
         1.22906       -0.956567         1.82122
        -0.95661         0.35896         1.88307
        0.421577        -1.09937        0.373456
        0.098255        0.695764        -0.60807
        -0.10013        0.931955        0.957988
       -0.350001        0.161378          1.4421
       -0.453473        -2.75033     -0.00978422
        0.358253        0.147497       -0.124066
          0.5405       -0.029428         1.72283
       -0.358794        0.978044        0.244008
        0.348318        0.646273       -0.231636
        -2.43946        -1.99627         -3.4286
         -1.5155        -1.49485        0.287994
         0.23182       -0.844835         1.65229
       -0.822639         1.06224       -0.408131
         1.20403        0.939451        -1.06246
         1.28111        -1.50011       0.0967898
         2.16345       -0.066463         2.46648
         1.99341          0.7364        -1.09173
        -1.09546        0.385461       -0.714206
         -1.1611       -0.912281        0.549057
       -0.322808        0.734647        0.754452
        0.517494        0.936585         2.19797
         -1.2421       -0.196207        0.458874
       -0.654949       -0.850168         1.43901
        -1.21599        -0.98875         1.88369
        0.620531          1.3669        -2.37481
        0.081248        -1.50918        0.292314
        0.411368        -1.47509       -0.792018
         1.03884        0.376106         1.16595
        -3.12729          1.2449      -0.0639464
       -0.350975        0.377706       0.0591726
      -0.0243742         1.41479        -1.21526
        -1.45162        -1.35404        0.461964
        0.114627        -1.09758        -1.04966
        -1.38538        0.444578       0.0994824
       -0.557292        0.403362        0.961743
        0.827143         1.40346         1.41899
       -0.462021        0.677228        -1.12672
        0.982501        -0.54295        0.224798
       -0.471607       -0.404359         0.79731
       0.0194297        0.186525        -1.43789
        0.121211         2.53075         -1.2343
        0.917632          0.8298         0.82759
         1.57846         1.60166       -0.927623
        0.817038        0.751926        -1.67267
       -0.431742        0.862548       -0.554957
        0.854065        0.746481        0.556856
       -0.555955         1.92396        0.194507
        0.447873        -0.32597        0.840625
       -0.992706        0.490117        -0.43933
       -0.585578       -0.831278        0.331503
        0.794818        0.883058         1.70879
         1.09494        0.986127         1.15064
         2.03932        -2.14384       -0.494888
        -1.45703       -0.823452        0.383547
       -0.982616        0.556835       -0.548957
        0.102255         1.26884          1.4726
        -1.59724        0.102928        -0.52104
        0.754634         -2.0225        -1.88013
       -0.688484         0.98687        0.778445
        0.281588        -0.37344        0.533821
         3.03624        -2.30243         1.05345
         2.43444       0.0519431         2.14069
       -0.789554       -0.514188        0.861182
         1.96094        0.488851        0.981904
         1.81524       -0.725531       -0.725927
         0.10478       -0.278883         1.86528
        -1.63164       -0.467846        -1.03268
         1.49515       -0.126542       -0.670584
         0.12388        0.678764        0.461127
         1.08713        0.904977       -0.558465
        0.381495       -0.735391        -1.53871
        0.294078        0.705954        -2.65103
        -1.97725          1.4698         1.44747
        0.829831        0.110675       0.0937422
        0.179817       -0.429924        -1.93784
       -0.840405         0.77661       -0.592685
       -0.937153       -0.774449        -1.22937
       -0.237292        0.250515       -0.529728
