       -0.623392       -0.366837        0.018911
       -0.105925        -1.51767        0.308818
        0.426036         1.41158        0.321972
        -1.11105        0.986586        0.652898
         1.12636        0.221308         1.21733
       -0.737914       -0.604466        -1.23383
        -1.43557        -1.16208       0.0321324
        -1.19967        -1.32096        -1.70695
       -0.187888       -0.950449       -0.142864
        -1.52979       -0.862428         1.54323
         1.38771        -1.17965        -2.00537
        -1.21001        0.748064       -0.111257
       -0.493141        0.808002         1.16439
        -1.86995        0.184658       -0.160427
       -0.863026        0.171945        -1.89931
        -0.88604        0.661252      -0.0996202
        0.314881         1.57518       -0.272037
       -0.422832        0.206525         2.21827
     0.000204268       -0.937691        -1.73683
        0.828309        0.475882        0.622849
       -0.740808         1.50323       -0.605348
         1.24909        0.446812       -0.127432
         -1.3414       -0.987029        0.218086
        0.366233        -1.98311        0.313011
         2.28649        0.424135        0.868468
       -0.555757         1.87816        -1.05136
        0.233198        -1.52115        0.438216
         1.37176         2.31663       -0.487156
        0.282004        0.595336         1.59307
        0.125815        0.474436        0.751915
        -1.05088       -0.866935       -0.928739
        0.393481        0.334208        0.131035
        -1.17685        0.291162         0.98541
       -0.991277        0.855515        0.719225
        -1.33614        0.428424       -0.736741
        0.932101        -0.42075       -0.232055
       -0.703137        0.377292        0.850466
       -0.577288          1.4769       -0.664172
         1.25468        -0.99979       -0.510194
        0.642396         2.17811        0.762321
         3.08144        -1.57649       -0.906768
        0.993278         1.10797       -0.139772
        0.162134       -0.560031        -2.28293
       -0.900184         1.62082       -0.808917
        0.285128      -0.0928968        0.810882
        -1.64314       -0.939558         1.05338
        0.320296        -2.12582        0.963706
       -0.273857       -0.708926      -0.0494236
       -0.415001        -0.60841       -0.611601
       0.0370276         1.21652       -0.631073
        0.800654       -0.593333        0.493195
        0.147899        -1.15662        0.816295
       -0.716902        -1.13058       -0.156292
        0.968506        0.696108       -0.386598
        -1.21945       -0.424587        0.012424
         1.03129        0.301687        0.830616
        0.276323         1.25962        0.236566
        -2.06279        0.973042        -1.36751
        0.262456       0.0218029        -1.87298
       -0.415319       -0.190241        0.611202
         0.90075        0.043664        -1.55593
         1.83178       -0.628614       -0.736442
         2.34809        -1.72254        0.763622
        0.508229       -0.395439        -1.01257
         2.12526      -0.0903532       0.0922641
        -2.20384       -0.792327         1.38498
        0.516054         0.41057        0.088622
        0.794288        0.750614        0.258103
       0.0506432        0.156185        -1.89905
        -2.27485       -0.180963        0.605081
         1.08398          0.8499       -0.675665
       -0.983905        0.590855       -0.016897
         1.03418        -1.05388        0.761729
       -0.559683        -1.47472        0.360141
         1.14455         0.24265         0.80677
        0.135837       -0.688213         1.58481
        0.530083        0.852486         1.48946
         1.27833        -0.35787        -2.30484
        -1.17152       -0.305635       -0.548776
       -0.480576       0.0934748       -0.388476
         0.09035        0.470749       -0.916812
        0.403479        0.483412       -0.790534
       -0.136376        0.407704       0.0273475
        -1.68482        0.255866         1.07607
       -0.112211         1.94311        0.485316
       -0.410086        -2.19921        -0.86351
        -1.04624       -0.403805        0.674308
        0.422124        -0.66091         2.56496
      -0.0887854       -0.837246       -0.473635
         1.50225         1.67029        0.192952
      -0.0423707        -1.97995         1.25377
        -1.48603        -2.15973        0.693036
        -1.47906        0.303811        0.903161
        0.416144       -0.593246       0.0476783
        0.506835       -0.950985       -0.339198
         0.31626         1.32803      -0.0266487
       -0.109488        -1.48928         2.42419
        0.446919       -0.356808       -0.830319
        0.520433       -0.214125        0.792831
        0.813192       -0.664901         1.08882
       -0.129263        0.632417        0.876099
       -0.572507         2.67082        -1.18684
       -0.626974         1.01574        0.956989
       -0.162217        0.794411        -1.70595
         2.14617         2.00759        -1.78148
         0.18959       -0.221949      -0.0976304
         1.18329       -0.864363        -0.84193
       -0.269073        0.872269       -0.894709
