        -0.17991        -1.35274         0.37198
         1.64674        0.850416       -0.191263
        0.807948        0.554964        0.145539
       0.0197166         1.35463       -0.683411
       -0.152704        0.321983        0.927662
        -1.60072        -1.03395       -0.475244
       -0.565737       0.0418232        -2.59729
        0.943012        -1.74893       -0.922176
        0.441063       0.0783615        0.860368
        -1.22087       -0.354759       -0.294884
       -0.508915        0.718168         1.16661
        0.309572         1.14659        0.392797
        0.413146      -0.0429369         1.02765
      -0.0978683       -0.612027          1.3315
         0.11779        0.794856         1.48301
        -1.17499          1.0639     -0.00359609
        -1.13001        0.387544       -0.897418
         0.42267         0.74008        -1.08881
       -0.518393        -0.82325       -0.252413
       0.0449047        -1.17114         1.06435
          1.7037         1.54326        0.770371
        0.273694        0.992596        -1.15016
       -0.570403       -0.799299        -0.75069
       -0.747974         -1.1174        -1.23058
      -0.0986117        0.882218        -1.09164
        0.781731        0.122578        -0.21061
        0.700403       -0.475628       0.0469004
        0.278177       -0.353933       0.0715264
       -0.132334      -0.0324952        0.410511
         1.01703       -0.600938        0.191329
        0.500515        0.105366         1.15374
        0.223034        -2.03736        0.898056
        -1.32238        0.020015       -0.365194
       -0.186056       -0.799126       -0.461669
        -0.75896        0.128028         2.47056
      -0.0103624        -0.89385       -0.305185
        0.642361        -1.28758       -0.223613
        0.336832       -0.147821        0.202779
       -0.828886       -0.237299        -1.03591
       -0.979331         1.18986      -0.0223329
        0.665429       -0.217858        -0.60413
         1.09722       -0.326917        0.544479
      -0.0231702        0.138554       -0.627778
       -0.281093        -1.11356        0.826806
        -1.01812        0.251453       0.0973217
        0.707904        -1.10636      -0.0832936
        -1.04047        0.377833      -0.0982652
         -2.5362       -0.481079         0.16383
         1.40596        0.299108       -0.195248
         1.94995        0.724356        -1.30286
         0.42025         1.65386         0.16228
       -0.100317        0.296048         0.39684
        0.725464       -0.265365       -0.369669
         1.61021        -1.32996        0.469575
        0.655448        0.119956         1.00166
       -0.434543        0.131281       -0.877227
        0.818598       -0.351342        0.861055
      -0.0574793       -0.587196        0.883848
        0.405657        0.170962        0.219398
        0.274527        0.988604         1.67518
       -0.123607        0.224277       -0.705142
       -0.303612       -0.444236         1.74347
        0.623095       -0.632548       -0.678888
       -0.577232       0.0331528       0.0337723
       -0.733591        0.701932         -0.3279
        0.780576        0.201725        -1.55134
        -1.08102       -0.168846       -0.666456
        0.302552        -1.59943         1.52836
       -0.865439        -1.87712        -1.39534
       -0.223297        0.620852         2.36863
        0.802239        0.210873      -0.0838557
        0.613186        -1.13516        0.327302
        -2.03171       -0.749749       -0.357244
       -0.188177       -0.654634        0.297635
       -0.779586         1.25903       -0.341334
      -0.0764239        0.178674       0.0439888
        0.766546        -1.08756        -1.72466
       -0.952084         -1.7414         0.95696
       -0.529418       -0.693057        0.494377
       -0.539521        0.348114        0.518387
        -1.41862       -0.825279       -0.817045
         1.32283         0.74852       -0.118221
        -1.31224        -2.22333        0.509803
       0.0836503         1.84596        -2.29163
        0.474957       0.0163691        -1.34366
        0.434963      -0.0873137       -0.596717
        0.215391        0.746883         0.18218
        0.218813          1.4719        0.311153
        -1.50299         1.49476        0.166781
       -0.252216        0.734779       -0.321793
        0.217911      -0.0343516       -0.678937
         1.04245        0.239293         -1.7077
       -0.300623        -1.42408        0.170097
         1.14102       -0.104549      0.00428037
       -0.901604        0.238318          1.1864
        0.653211       0.0450151       -0.927309
       -0.456234       -0.166183        0.378674
     -0.00728089      -0.0381531        0.999284
        0.936576         1.39046      -0.0512202
        0.737461         1.13584       -0.492501
         1.13587         1.16622       -0.216811
       -0.958743       -0.254879        0.118444
       -0.568078        0.485065        -1.39421
        -1.16224        -0.13745        0.097195
        -1.02818        0.712822        0.841684
        0.572418       0.0529425        -1.16926
        0.538143         2.69357         2.01814
         1.17604        0.594803        0.785236
