         1.06041        0.699131        0.516394
        0.937634        -1.02556          1.3871
       0.0433021       -0.377896       -0.519768
         1.67469       0.0777088        0.426285
         1.20561         0.14924        0.968284
         1.86325       -0.231534       -0.752975
        -1.00638       -0.219279        0.300646
        -0.11031        0.312567        0.235575
         2.20282       -0.358304        0.102341
        -1.41938        0.596808        0.587492
       -0.319063        -1.66081        -1.00551
       -0.887463       -0.193591       -0.309661
       -0.846594      -0.0280268        0.940077
        0.930405        0.493415       0.0574501
        0.489213         1.31397        0.811933
       -0.273803       -0.968091        0.754317
         0.55204        0.717089        0.681635
        0.206633        -1.22596       -0.761042
       -0.271643         1.67585       -0.518239
        0.296374       0.0701992      -0.0506714
       -0.249773       0.0569316        0.406567
        -1.11824         1.28341        0.950465
        0.279107        -1.54874         1.54289
         1.85943        0.155505        0.674575
       -0.776555       -0.426563       -0.712517
        -1.49337        0.222416       -0.351241
       -0.158962        -1.17881       -0.404566
       -0.231343        0.490276     -0.00593412
       -0.604209       -0.698287        0.843252
        -1.11356        -1.00399        0.225369
       -0.922772        0.629803         -1.0042
        -1.51597       -0.254036      -0.0215678
       -0.638789         -1.2685         2.90787
        -1.41504       -0.873197        0.369358
       -0.665973       -0.299685       -0.178133
        -1.27864         1.31486        0.652316
        0.851231        -1.09437        0.562643
        0.247175        -1.26435        0.250192
      -0.0146287        -1.78712       0.0189901
       -0.195611         1.20519        0.247623
        0.941404        0.436896        0.740916
        0.314863         1.22399       -0.830795
       -0.637443         1.96954       -0.728144
       -0.292946        0.375369        -1.25744
        -1.84312         0.63499        -0.48011
         2.01073        0.841288        0.599094
        0.050675         0.59974        -1.12543
       -0.788303        0.352975        0.283476
       -0.581024          2.3408        0.228562
        0.773028        0.285409        -1.35111
        -1.55834       -0.276637        -1.17276
        -0.77093        0.673464         -1.5708
         1.16342        -2.50122        -2.94764
        0.516305         1.33222       -0.382419
        0.725096       -0.452075        0.355468
       0.0278612       -0.257297          1.1215
       0.0269123       -0.138847       -0.938087
        0.275838        0.490398       -0.614646
       -0.980886       -0.555438        -0.61446
       -0.872743        0.212485       -0.106195
       -0.421888         1.44578          0.8887
        0.894226       -0.298096       -0.898386
        -1.25119      -0.0282876        -1.33513
       -0.136838        -1.04654       -0.318052
       -0.332901       -0.927016         1.31168
       0.0992643       -0.726522        -1.08367
        0.371143        -1.50802       -0.816014
        0.370991        0.998948        -1.21365
       -0.825395      -0.0460231       -0.713617
        -1.17443        0.144095        0.171642
       -0.720422       -0.365771        0.548024
       -0.434045         1.17008        0.749346
        0.400302       0.0874826       0.0623384
        -0.18736        0.362253         1.20395
        0.297691          1.4097       -0.230524
       -0.408333       -0.886855       -0.393975
         1.09939        -1.31071         1.02782
        -0.19847        -1.14718        0.221825
         1.49561         1.93065        0.375545
        0.743732        0.543111       -0.366853
        -1.14622       -0.364854       -0.960325
        0.423903       -0.346996       -0.405211
        0.625396       -0.488736        -0.42965
       -0.195736       -0.596008     -0.00719194
       -0.118781       -0.336935        0.473911
        -1.16893       -0.223351       -0.263758
        0.743516        0.504134         0.20404
       -0.807491         1.19768       -0.691981
        -1.06532         1.17516       -0.119372
       -0.941679        -1.29824        0.744977
        0.584243       -0.432315       -0.933306
        0.730093       -0.311363         1.76425
        0.529819       -0.523164       -0.402473
       -0.455515         1.04237        0.228786
         1.60303        0.995285       -0.846068
      -0.0983987        0.315109        -1.10337
       -0.011518        0.121315       -0.608867
      -0.0507568        0.831413       -0.224585
        0.917855        -1.10173         1.30185
         1.24054        0.265281         -1.1522
        0.597718       -0.706435          1.2356
       0.0491752         1.23434       0.0175449
        0.548186        -0.07612         1.08427
       -0.666804        -0.26884         1.22554
         1.13364        0.852527       -0.310476
        0.759495       -0.729116        0.120192
       -0.262402        -1.42514       -0.332923
          1.1502        -0.17209         1.16517
