        0.528061         1.51935        0.724013
       -0.117318        -0.70333      -0.0851637
       -0.758209       -0.721556       -0.120132
       -0.917816       -0.798151        0.341672
       -0.672157        0.284213        -1.82081
        -1.54232         1.45697       -0.786069
         1.34727       -0.328981        0.159565
          0.9041        -1.72601        0.795681
       -0.228257         1.85602         1.04771
       -0.745663        0.374404        0.516153
        0.962078       -0.567429        0.615378
        -1.76616       0.0363616        0.102851
        0.424503        0.349245      -0.0198972
      -0.0461331        -1.50808       -0.288243
         0.61863        0.133107         -1.5462
        0.308801       -0.320547       -0.192483
      -0.0425185      0.00884393       -0.554918
         2.67234         1.33546       -0.145335
          0.2513         1.55872        -1.21419
       -0.552279        0.418678       -0.904798
        0.947798        0.289007       -0.548942
         -1.7381       -0.173874        -1.34701
        -1.32906        -1.38391       -0.123512
        0.607662        0.753378         1.01437
        0.274005       -0.710546       -0.454813
         1.11102        0.361252       0.0715646
        -2.25795         1.20603        0.145801
       -0.237208        0.187267      -0.0784296
         1.02045        0.908418        0.768474
       -0.977394       0.0665658       -0.695992
      0.00357258        -1.53434       -0.201248
        0.392735       -0.504667         1.26895
        0.208802        0.264921          0.4717
        0.612643        0.345839         1.35317
        0.736477         1.02186      -0.0120326
        -1.03689       -0.558353         2.68495
        -0.41242       -0.429076       -0.612842
        0.164781        -1.60513       -0.594864
         0.72433        -1.21041        0.140532
       -0.742222      -0.0496939        0.274905
        -1.41724        -0.14975        0.928397
       -0.895432        -1.01024        -1.01899
         0.97907        -2.06781        0.500588
         1.55429         -1.9585        0.211202
         1.02046         1.01233         1.81162
       -0.893374        0.324483        0.111832
        0.369003         1.12216     -0.00531436
       -0.183454         1.82711        0.813086
     -0.00499714         1.12398        0.313616
         0.27633        0.331616        0.988254
       -0.182961        0.376969        -1.42296
       -0.538293       -0.931164       -0.981251
        0.993962         1.57555       -0.495528
       -0.397114       -0.448664        0.638729
        -1.50826       -0.100878        0.184833
       -0.106587           1.282      -0.0681171
        0.977261        -1.46058         1.64438
       -0.526674       -0.130176        -1.07853
        -1.03925        0.277434        -1.01463
       -0.143425        0.320277        0.702086
       -0.445669        -1.79286         1.23481
        0.680403       -0.224681        0.103228
         1.35886       -0.193824       -0.939482
       -0.466199        -0.91521        -1.24179
        0.761513         0.57206         1.23522
          1.0099          -1.194       -0.268196
        0.337743        0.611255      0.00974507
        -0.89433       -0.476827       -0.307066
         1.04185        -1.04465        0.385075
       -0.196315       -0.333779        0.539307
         1.12378         0.69014       -0.912199
        -1.02917       -0.722263       -0.119579
        0.347594        -1.33016       -0.533328
        -0.69436       0.0832994        0.872917
         1.36895       -0.377504       -0.660345
       -0.579948      -0.0834274      -0.0640187
      -0.0545002         2.46529        0.808941
       -0.258098       -0.445389         1.71175
        0.046082       -0.843463       -0.578643
       -0.236151        0.137866         1.22137
         1.49047       -0.397695       -0.159511
       -0.185424        0.870737        0.470036
         1.36486        0.144932        0.292317
       -0.829491       -0.312634       0.0950525
       -0.262102      -0.0306099       -0.861328
        0.212098         1.12223        0.736152
       -0.661513        0.252654       -0.605991
       -0.440239       -0.610215        0.224376
       -0.994312       -0.940985       -0.485032
        0.413103        -0.70086        -1.53371
        -1.04787        0.826335       -0.619958
        -1.08379         1.40088       -0.491238
         1.97986        0.240874       -0.322079
        0.468353        0.975368        -1.45004
       -0.479536         1.40679         1.36668
        0.106814        0.416799       -0.383526
       -0.025263        0.346541         1.33174
        0.138608       -0.799514       -0.684744
       -0.125066       -0.426553        0.568104
        -1.23994         2.14329        -1.62111
         1.79894        0.671566       -0.527432
        -1.46558        -1.41541       -0.711221
          1.1145        0.755903       -0.951217
       -0.180034        -1.60958       -0.835633
        -1.36308       0.0292246         1.10843
        0.750511       -0.133907         0.02733
         0.12854     -0.00600692        0.649206
        0.160037      -0.0199856      -0.0361766
