         1.29317         0.85259        0.629743
         1.14344        -1.25067         1.69157
       0.0528069       -0.460844       -0.633857
         2.04228       0.0947658        0.519854
         1.47024        0.181998         1.18082
         2.27224       -0.282356       -0.918253
        -1.22728        -0.26741        0.366637
       -0.134523        0.381175        0.287284
         2.68634       -0.436951        0.124804
        -1.73093        0.727808        0.716446
       -0.389097        -2.02536        -1.22622
        -1.08226       -0.236085       -0.377631
        -1.03242      -0.0341787         1.14642
         1.13463         0.60172       0.0700604
        0.596596         1.60238        0.990152
       -0.333903        -1.18059        0.919889
        0.673213        0.874489        0.831254
        0.251989        -1.49506        -0.92809
       -0.331269          2.0437       -0.631993
        0.361428       0.0856079      -0.0617937
       -0.304598        0.069428        0.495808
         -1.3637         1.56512         1.15909
        0.340371        -1.88869         1.88156
         2.26758        0.189639        0.822643
       -0.947009       -0.520193       -0.868915
        -1.82116        0.271237       -0.428339
       -0.193854        -1.43755       -0.493368
       -0.282122        0.597892     -0.00723666
       -0.736832       -0.851561         1.02835
        -1.35798        -1.22436        0.274837
        -1.12532        0.768044        -1.22462
        -1.84872       -0.309796      -0.0263019
       -0.779003        -1.54694         3.54615
        -1.72564        -1.06486        0.450432
       -0.812154       -0.365466       -0.217233
         -1.5593         1.60347          0.7955
         1.03808        -1.33458        0.686143
         0.30143        -1.54188        0.305109
      -0.0178398        -2.17939       0.0231584
       -0.238547         1.46973        0.301976
         1.14804        0.532795        0.903547
        0.383975         1.49265        -1.01315
       -0.777361         2.40186       -0.887972
       -0.357247        0.457763        -1.53345
        -2.24768         0.77437       -0.585494
         2.45209         1.02595        0.730595
       0.0617981        0.731383        -1.37246
       -0.961336        0.430453        0.345698
       -0.708559         2.85461        0.278731
        0.942708        0.348057        -1.64767
         -1.9004       -0.337359        -1.43018
       -0.940149        0.821289        -1.91558
         1.41879        -3.05024        -3.59465
        0.629634         1.62465       -0.466359
        0.884254       -0.551305        0.433493
       0.0339767       -0.313773         1.36767
       0.0328195       -0.169324          -1.144
        0.336384         0.59804       -0.749561
        -1.19619       -0.677356       -0.749334
        -1.06431        0.259125       -0.129504
       -0.514493         1.76313         1.08377
         1.09051       -0.363528        -1.09558
        -1.52583      -0.0344967        -1.62819
       -0.166874        -1.27625       -0.387864
       -0.405973         -1.1305         1.59959
        0.121053       -0.885994        -1.32153
        0.452608        -1.83903       -0.995129
        0.452424         1.21822        -1.48005
        -1.00657      -0.0561251       -0.870256
        -1.43221        0.175724        0.209317
       -0.878555       -0.446058        0.668316
       -0.529318         1.42691        0.913827
        0.488168        0.106685       0.0760217
       -0.228485        0.441767         1.46821
        0.363034         1.71913       -0.281124
       -0.497962        -1.08152       -0.480453
          1.3407        -1.59841         1.25343
       -0.242034        -1.39898        0.270515
          1.8239         2.35443        0.457977
        0.906981        0.662324       -0.447377
        -1.39781        -0.44494        -1.17112
         0.51695       -0.423162       -0.494154
         0.76267       -0.596013       -0.523958
         -0.2387       -0.726831     -0.00877057
       -0.144853       -0.410892        0.577935
        -1.42551       -0.272376       -0.321653
        0.906717        0.614791        0.248827
       -0.984735         1.46057        -0.84387
        -1.29916         1.43311       -0.145574
        -1.14838         -1.5832          0.9085
        0.712484       -0.527208        -1.13817
        0.890349       -0.379707          2.1515
        0.646114       -0.637999       -0.490816
       -0.555501         1.27117        0.279005
          1.9549         1.21375        -1.03178
       -0.119997        0.384275        -1.34555
      -0.0140462        0.147944       -0.742514
      -0.0618978         1.01391       -0.273881
         1.11932        -1.34356         1.58761
         1.51284         0.32351         -1.4051
        0.728917       -0.861497         1.50682
       0.0599691         1.50528        0.021396
        0.668513      -0.0928284         1.32227
       -0.813168       -0.327851         1.49454
         1.38248         1.03966       -0.378625
        0.926204       -0.889157        0.146574
       -0.319999        -1.73796       -0.405999
         1.40267       -0.209864         1.42093
