        -1.77047      -0.0821843           -2.63
        0.350239       -0.828308        -1.13068
        0.241521        -1.60926        -1.31782
        -1.08204         1.07791      -0.0671763
      -0.0599832         1.03179        0.865567
        0.627421        0.412581       -0.812261
        -1.34459         1.26174       -0.627052
         -0.2188        -1.42871         1.00531
         3.02754       -0.565355       -0.866001
         -1.1058         1.02662        0.302441
         0.47754       -0.205481        -1.42205
        0.456473        0.693473       -0.522393
          1.6596       -0.445284      -0.0452434
        -1.02653         -2.2095      -0.0314777
       -0.950246        0.137177       -0.372062
        -1.63498       -0.996805      -0.0543366
        0.297755       0.0165645       -0.335776
         1.29492        0.474357        0.767533
       -0.678612        0.492521        0.349284
        -1.65434        -1.45848         -1.6469
          1.9716         1.20414         1.05568
        0.377377       -0.282707      -0.0169127
        0.426444       -0.401904        -1.69984
         1.49581        0.578315        -0.73981
         1.76432         1.41026       -0.278979
        0.843782       0.0766817       -0.743064
        0.928808       -0.524339       -0.344017
        0.764649       -0.559752       -0.467256
         1.52419       0.0139852         1.31153
         -1.3838       -0.109531        0.075112
       0.0359456        0.249461        -2.56814
         1.08794        -1.70953         2.16622
      -0.0782126       0.0131976        0.535937
         0.63714        -2.29967       -0.880979
       -0.880736         1.32377      -0.0497333
        0.132486        0.116506         1.17888
         0.31899        0.474036        0.146947
       0.0827366         -1.1351       -0.667273
        0.996445        -1.51265         1.08791
        0.967727       -0.671966        -1.94474
       -0.066588        0.466684         1.29734
         2.46789       -0.626065        0.306907
        0.011095         1.17364         1.24138
      -0.0126652         1.74599        -0.36025
        -1.39526       -0.451652         1.18691
       -0.858005       -0.543378        0.768581
       -0.440854       -0.199754        -1.38501
        -1.61362       -0.447188        0.391301
         1.11052      -0.0594524        -1.39121
       -0.624587        -0.10376        0.432992
       -0.477025       -0.285229       -0.182064
        0.434424        0.573968       -0.396144
       -0.180301       -0.140005        -1.32164
       -0.697328       -0.849647         1.11623
        -1.21087         -1.2721       -0.204062
       -0.284648       -0.963642         1.41409
         1.37376        0.681683         0.53214
        0.446042        0.817507        -1.87236
      -0.0704702         2.13384         1.19274
         -1.4073         2.02378          1.7933
        -1.46921       -0.677298       0.0193619
         1.16449        0.242001        -1.95674
       -0.810312       -0.737068       -0.685037
        -1.13549       -0.017492         1.40672
        -1.98394        0.689188      -0.0508128
         0.65847       0.0353753        0.339122
        0.401002        0.260338        0.253706
      -0.0984644        0.401525        -1.26797
       -0.428067        0.657717       -0.494376
        0.864898      -0.0118346       0.0852475
        0.391237        0.703163        0.813872
         1.40746         1.03905        -1.14365
        0.951906       0.0949876        -0.90991
         1.10824          1.2293       -0.569556
        -2.15517         1.40494         0.22446
       0.0449989        0.272902       -0.792062
        -2.69243       -0.342371         2.45877
       -0.544393         2.11203         2.20594
        -1.00789       0.0930509       -0.194504
         1.58589       -0.629258      -0.0520334
        -1.09577         1.41602       0.0533901
         1.40956       -0.255888         1.97661
      -0.0642934         -3.0829         1.37263
        0.648207        -2.12272        -1.13124
        -1.49022       -0.425525        0.328724
        0.476481       -0.729716         1.35439
       -0.331096        0.102764         2.97775
       -0.979166        0.601215       -0.603046
       -0.677168         0.52209       -0.533056
        -1.60892      -0.0442496        -1.16219
       -0.680423       -0.551883         1.46134
         1.21913       0.0519614        -1.86395
        0.257077        0.853961        0.313724
        -0.62151        0.319635         2.19272
        0.698192         -1.2364       -0.387622
         1.00485        0.281869        -1.01219
         1.24887        -1.09959       -0.228721
        0.792341       -0.684374        -2.46634
        -1.22539        0.769521        0.474599
       -0.677577         1.19266        0.773213
         1.38214      -0.0196991        0.230822
        -1.28786       -0.103769       -0.502437
       -0.890693      -0.0630272        -1.08443
        -1.31195         1.60505         1.04577
         0.15832        -1.28639        0.976669
          0.8033         1.75779         1.00107
       0.0309525       -0.819194         1.09033
         1.13495       -0.493224        0.533333
