       -0.717299        0.547072       0.0261167
        0.842465       -0.654172       -0.612111
       -0.156995        0.555435       -0.504684
          1.1725        0.110004        0.368793
        -1.33188       -0.816457        -2.55544
         1.33466        0.716456         1.03607
        0.623693         1.22182         -1.2407
        0.713327        0.818195       0.0923531
       -0.369973         1.12094        0.234186
        0.493533       0.0110798      -0.0219901
        0.765172         -1.9318        -1.06592
        -2.67131         2.00857       -0.277762
        -1.05667        -1.19861        -0.47722
        0.789674        0.628533       0.0922532
         1.30981         -1.1608        0.623012
        -1.42999         1.50468        0.409516
        0.909854      -0.0917721         3.21453
       -0.400569           1.087       -0.362189
        -0.13475       -0.872002         1.06466
        0.127754         1.57537         1.98055
         1.42392        -1.34163       -0.184884
        -1.59345       -0.394666        0.133644
         -1.8337        0.142033       -0.859508
       -0.838143       -0.424015        -1.55508
        -1.53562         0.30964       -0.234413
       0.0537895         0.10503        0.281895
        0.482464        0.756983         -1.7718
       -0.468405        0.575581        -1.08619
         2.72904         1.22278       -0.410709
       -0.897924       -0.638325        -2.44589
        -1.29271        0.160678       -0.166739
         1.74484        0.527846       -0.151763
        0.028343        0.669147         -1.7125
       -0.688193        0.761536        -1.45982
       -0.113739       -0.337052        0.212744
         0.97354        0.284454         2.12644
        0.687087        0.415888       0.0684111
        0.200706         1.94003        -1.65559
        -1.75308        -1.85209        -1.77452
         1.34584       -0.806182        0.419483
       -0.345175        -1.23493        0.581437
       -0.204664       -0.788759        -1.13292
        -1.28349         1.02331        0.631112
       -0.579931        -1.62084        0.354174
        -1.96719         1.01943        0.964702
        -1.03733        0.807838        0.741522
         1.08922         1.05184        0.193651
        0.508532      -0.0153526       -0.982231
        0.259037         1.05992       -0.728845
        0.402844       0.0628735         1.75297
        -1.53168          1.0644         0.57241
      -0.0360458       -0.923778      0.00162758
         1.89921       -0.937025        -1.06748
       -0.772097        -1.15606       0.0218176
      -0.0853276        0.299086        0.693377
        -1.27943         2.69672         1.13357
        0.234596         2.29614        -2.15001
       -0.186082         0.10123        0.981609
        -0.01313       -0.258883         2.10839
        -1.24125       -0.647503        0.638333
        0.572083        0.124374         1.36503
        0.823639        -0.76902         2.00387
        -1.04752        -1.22752        0.583417
       -0.280006       -0.116677        0.615625
      -0.0465614       -0.279117         1.51976
        0.621456        0.841465        -1.83266
        0.487111        0.102472        -0.23186
       -0.439467        -2.38352       -0.484566
       -0.407054       -0.512243        -1.06289
       -0.410769         2.13069       -0.777333
        0.370746         1.47589         2.08018
       -0.215149         1.24715        0.133731
       -0.839046        0.313866        -1.53448
        -0.22488        -2.09836         1.92302
         2.03756        0.313824        -1.42843
        0.650509       -0.282739       -0.713432
         1.24305       0.0498714       -0.267879
       -0.117443        0.723617        0.820225
        0.739283         1.69931       -0.283779
         -1.0038     0.000916248        0.617808
        -1.51516        -1.03708        0.378783
        0.667808       -0.832641         1.41118
        0.132048         1.76609         1.44494
        0.664437        -1.28625       -0.844401
       -0.797161       -0.728119        0.443128
        0.162787       -0.368354        -1.24656
       -0.234549       -0.697823          1.3397
        0.744389        0.240276        -1.31325
        0.420791        0.771032       -0.529247
       -0.220085        -1.16842       -0.632695
        -1.31986        0.906307         -0.3864
        0.768949        -1.67509        -0.15822
      -0.0105686        0.193765         1.05645
         1.05634        -1.46119           1.049
       -0.254131       -0.420616        -0.99762
        -2.02169        -1.36818        0.775793
        0.418352       -0.337958        0.655537
         2.31641        -1.80093        -1.18969
         1.25825         2.27045        0.732129
       -0.906717       -0.410974         1.50369
       -0.756667        -1.28074         1.08963
        0.262341       -0.101312         1.79743
       -0.134104         1.40542        -1.38871
         2.08637        -1.83799         1.21125
        0.974345        -0.89488       -0.169714
        0.102869         1.32406         -1.2685
        0.197212        -1.93643       -0.985007
        0.125017        -1.74354        -1.93045
