         1.01881        0.671703        0.496136
         0.90085       -0.985327         1.33268
       0.0416033       -0.363071       -0.499377
         1.60899       0.0746602        0.409561
         1.15832        0.143385        0.930297
         1.79016       -0.222451       -0.723435
       -0.966896       -0.210676        0.288851
       -0.105982        0.300305        0.226334
         2.11641       -0.344247       0.0983257
         -1.3637        0.573395        0.564444
       -0.306545        -1.59566        -0.96606
       -0.852647       -0.185997       -0.297512
       -0.813381      -0.0269273        0.903196
        0.893904        0.474058       0.0551963
        0.470021         1.26242         0.78008
       -0.263062       -0.930111        0.724724
        0.530383        0.688956        0.654894
        0.198527        -1.17786       -0.731185
       -0.260986         1.61011       -0.497908
        0.284747       0.0674452      -0.0486835
       -0.239974       0.0546981        0.390617
        -1.07437         1.23306        0.913177
        0.268158        -1.48798         1.48236
         1.78649        0.149405         0.64811
        -0.74609       -0.409828       -0.684565
        -1.43478        0.213691       -0.337462
       -0.152726        -1.13256       -0.388694
       -0.222267        0.471042     -0.00570132
       -0.580505       -0.670893         0.81017
        -1.06987       -0.964599        0.216527
       -0.886571        0.605095       -0.964804
         -1.4565       -0.244069      -0.0207216
       -0.613729        -1.21874         2.79379
        -1.35953       -0.838941        0.354867
       -0.639846       -0.287928       -0.171145
        -1.22848         1.26327        0.626725
        0.817836        -1.05144         0.54057
        0.237478        -1.21475        0.240377
      -0.0140548        -1.71701       0.0182451
       -0.187937         1.15791        0.237908
        0.904471        0.419756         0.71185
         0.30251         1.17597       -0.798202
       -0.612435         1.89228       -0.699578
       -0.281453        0.360643        -1.20811
        -1.77081        0.610078       -0.461275
         1.93185        0.808284        0.575591
        0.048687        0.576212        -1.08128
       -0.757377        0.339127        0.272355
        -0.55823         2.24897        0.219595
        0.742702        0.274213         -1.2981
        -1.49721       -0.265784        -1.12675
       -0.740686        0.647043        -1.50917
         1.11778         -2.4031          -2.832
         0.49605         1.27996       -0.367416
        0.696649        -0.43434        0.341523
       0.0267681       -0.247203         1.07751
       0.0258565         -0.1334       -0.901285
        0.265016        0.471159       -0.590533
       -0.942405       -0.533648       -0.590354
       -0.838505        0.204149       -0.102029
       -0.405337         1.38906        0.853835
        0.859145       -0.286401       -0.863142
         -1.2021      -0.0271778        -1.28275
        -0.13147        -1.00548       -0.305574
       -0.319841       -0.890648         1.26022
       0.0953701        -0.69802        -1.04116
        0.356582        -1.44886       -0.784001
        0.356437        0.959758        -1.16604
       -0.793014      -0.0442175       -0.685621
        -1.12835        0.138442        0.164908
       -0.692159       -0.351422        0.526525
       -0.417017         1.12418        0.719948
        0.384597       0.0840505       0.0598928
       -0.180009        0.348041         1.15672
        0.286012          1.3544        -0.22148
       -0.392314       -0.852063       -0.378519
         1.05626        -1.25929        0.987499
       -0.190684        -1.10217        0.213123
         1.43694         1.85491        0.360812
        0.714554        0.521805       -0.352461
        -1.10125       -0.350541        -0.92265
        0.407273       -0.333383       -0.389314
        0.600861       -0.469562       -0.412794
       -0.188057       -0.572626      -0.0069098
       -0.114121       -0.323717        0.455319
        -1.12307       -0.214588       -0.253411
        0.714347        0.484356        0.196036
       -0.775813         1.15069       -0.664834
        -1.02353         1.12906       -0.114689
       -0.904736         -1.2473        0.715751
        0.561322       -0.415355       -0.896692
        0.701451       -0.299148         1.69504
        0.509033        -0.50264       -0.386683
       -0.437645         1.00148        0.219811
         1.54014        0.956239       -0.812876
      -0.0945384        0.302747        -1.06008
      -0.0110661        0.116556       -0.584981
      -0.0487655        0.798795       -0.215774
        0.881846        -1.05851         1.25078
         1.19187        0.254874          -1.107
        0.574269       -0.678721         1.18713
        0.047246         1.18592       0.0168566
         0.52668      -0.0731338         1.04173
       -0.640645       -0.258293         1.17746
         1.08917        0.819082       -0.298295
          0.7297       -0.700512        0.115476
       -0.252107        -1.36923       -0.319862
         1.10508       -0.165339         1.11946
