       -0.660303        0.269144       -0.118212
       -0.220116         1.16036        -1.68825
        0.203429       -0.809456         2.03429
        0.678556       -0.756766        0.215918
       -0.905545        -1.28255     -0.00654828
       -0.074214        -1.53283       -0.872782
        0.695013         1.12915        0.284143
       -0.838772       -0.715824       -0.193019
         1.79544       -0.921667       -0.270111
       -0.510334       -0.432591        0.821785
        0.783014       -0.521347         1.08563
       -0.133582         1.30327         1.96653
       -0.411221         1.22458       -0.320278
       -0.208111          1.6174       -0.272264
       -0.573357       -0.437386        0.980632
        0.295595         1.89888        -1.02625
        0.718837         1.50784       -0.623958
        0.552689       -0.233848       0.0968055
       -0.392603        -1.40346         0.73511
        -1.19226       0.0253551        0.183409
        0.225203        -1.00622        -1.17323
        0.375415        -2.73619        0.323948
        0.217086       0.0877819       -0.718066
        0.516617        0.886223       -0.035173
        -1.30828       -0.231491       -0.709496
       -0.047944         1.47965      -0.0645011
        0.731498        0.547393       -0.133709
       -0.871741        0.427173       0.0728382
       -0.818443        0.234832         2.35164
        0.198885        0.405698         0.71578
        0.838206      -0.0350797        -1.53595
       -0.320544        -1.72732        0.840214
       -0.817691        0.476346       0.0719569
        0.329771        0.692878       -0.348929
         1.68121        -1.86126        0.541712
      -0.0942846        0.878003         1.05268
        0.669615       -0.321755       -0.145361
        -1.23989        0.859909        0.224926
         1.41868      -0.0717611       0.0462698
        -1.16288        -1.66372        0.328958
       -0.353244        0.506785        -1.35724
        0.775275        -0.71071        0.124847
        0.251294        0.581304         0.93656
        0.594027        -1.11287      -0.0428576
        0.185979       -0.409641        -2.12244
     -0.00993785       -0.326095        -1.75703
         2.04601       -0.299224        -1.40663
        0.270766         1.00515         1.51765
       -0.359999      -0.0320885       -0.735991
       -0.735116       -0.809339        0.857347
       0.0958478       -0.326794       -0.501038
        0.288852       -0.705921         1.24546
       0.0159911        0.169162        0.589996
        -3.11578       -0.892024        0.217906
        0.746869       -0.806256        0.981807
        -1.99228        0.708328      -0.0352591
        -0.29171       -0.294875      -0.0327979
       0.0302297       -0.406912        0.764108
      0.00309832       -0.669857       -0.387221
        0.424813         1.33779        0.538611
        -1.50306        0.354214        0.372447
       -0.273618         1.30626        0.460457
       -0.233409       -0.730676        0.617792
       -0.940043        0.676128        -0.56609
        0.412102       0.0922133        0.135813
         1.65704         1.22531        0.857261
        0.978711        -1.72655         1.19557
       -0.661346       -0.865699        0.892064
          1.3674        -0.14999       -0.938101
         1.35822        0.568405         2.86517
       -0.523264       -0.400283       -0.675267
       -0.419746       -0.667903        -0.69574
       -0.346544        0.698248        0.659779
        0.451569         0.77119        0.366294
       -0.195622        0.257773        -1.20242
       -0.691211        -1.58621       -0.897645
        0.345065        -1.27627        0.242331
        -0.27963        0.430239        -1.37395
       -0.380989        -0.53149       -0.790278
     -0.00689388       -0.115018         1.60396
       -0.144157        -1.38757      -0.0808393
       -0.124275         1.22754       -0.350234
         0.56653       -0.738564        0.973667
       -0.092561        0.330998        -1.14352
        0.434721        0.542273        -1.59005
       0.0267082         1.16593       -0.341249
      0.00584591         1.39544        -1.83469
        0.323086        0.606705        -0.71018
        0.208214      -0.0790746        0.401776
        -1.17333       -0.848237        0.572973
        -1.61094       -0.779648        -1.24676
        0.408592        0.898927        0.396917
       0.0919617        0.794075       -0.336963
        0.326419        0.726254       -0.988516
       -0.131371         2.22946       -0.755995
        0.315152        0.866781        0.379237
       -0.677278        0.480124        0.579705
       -0.407725         0.24664         1.85922
        0.193643        0.199677         0.88197
       -0.795368       -0.752938       -0.329329
         0.47691      -0.0391034       -0.589551
       -0.486436         1.21567        -1.26131
        0.761799         1.46475         0.52113
         1.39529        -1.35368        0.335315
        0.758938        0.381384       -0.877642
        0.223681        -1.26966     -0.00557941
       -0.174196        0.271168        -1.57575
        0.191785        -1.04049       -0.128065
