        -1.37734        0.584881        0.273669
        0.845252       0.0917945        -1.79396
        -1.58328        0.115045      -0.0400644
       -0.538644       -0.791107       -0.309852
        -1.65125        0.158316       -0.351933
       -0.222876      -0.0207673         1.90359
      -0.0802258          1.5723      -0.0121095
        0.959466        0.998729        0.206858
        -1.08529         1.64196         1.39984
        0.604672        0.374697       -0.357843
       -0.380438      0.00727373       -0.256159
        -1.06137       -0.186448         1.31642
       -0.196748        0.848325         1.13189
         0.75438        0.668958         -1.6905
        0.700709         0.69091       -0.742667
       0.0318477        -2.46003         0.62177
         1.54901        -1.84228        -2.00452
      -0.0993679        0.110067        0.731428
      -0.0663139        0.584487       -0.716114
      -0.0516092         1.56891         1.08522
        0.148432       0.0712258         1.32435
        -2.11678        0.770168        -1.58255
        -1.26764        0.448252       0.0992493
        -1.66915        0.411895        -1.61048
       -0.598639         1.06242        0.140714
        -1.04859       -0.464615        -1.24374
        0.140956       0.0629186        0.567487
         1.20309        0.441203       -0.235373
        -1.50191        0.806782        -0.55873
       -0.489063       -0.266997       -0.202927
        0.864352        -1.39945        0.963958
        -0.27919        0.699484       -0.198784
         1.33161        0.712772       -0.534108
       -0.312222        0.342908         1.98093
      -0.0598667       -0.330577         1.02785
       -0.149188       -0.281196       -0.447826
       -0.339745      -0.0811503        -0.88698
        0.974995       -0.971587      -0.0956892
        -1.10009       -0.371688       -0.781703
       -0.377523        0.239028        -1.03784
        0.392997       -0.163664       -0.600693
        -1.33855        -1.41014         1.67263
        0.884828        0.628211         0.10847
        0.202227          1.1433        -0.43279
       -0.186212        0.799894        0.209262
         1.91245       -0.686847       -0.464703
        0.170032        0.362199      0.00570533
         1.61133         1.01043       -0.438689
         1.35328       0.0871357        0.625005
        0.798924        -1.99466       -0.615663
       -0.196697       -0.466314        0.679327
        -1.37587       -0.623151      -0.0542135
        -1.33999        -2.13952        0.474786
         2.18461       -0.807251        0.297111
        0.757412        0.641227        -0.75039
      -0.0134492        0.414923        0.937946
         1.35718        0.573233         0.20189
         0.21964        0.537318       -0.475701
       -0.528743        0.176928        0.794723
        0.638059        0.453296       -0.364425
       -0.532544       -0.547277        0.518542
       -0.525626        0.772236         1.17967
         0.50952         1.38657        0.242351
       -0.997233        0.351005       -0.227909
         1.06743        0.344756         1.17473
        0.161268         1.08474       -0.163726
         1.31557        0.312643         1.31223
         0.49748        -1.35743       -0.628411
       -0.504763        0.240895        0.585903
       -0.487023      0.00856639        0.722429
        0.161585          0.1917       -0.972201
       0.0503203       -0.565062        0.474379
       -0.186623        0.440608        0.205733
       -0.465183        -2.64278       0.0570144
         2.03508       -0.270123         1.53832
      -0.0742222        -0.12237       -0.574475
         1.13576         1.46269        0.991519
        -1.26359       -0.103324        0.744192
       -0.617563        0.822096        -1.39238
        0.890883       -0.267101       -0.626069
         1.05261       -0.166009        0.153224
       -0.450184         -1.3586       -0.799438
       -0.107421       -0.541625       -0.633777
         1.05029        0.182749         1.42586
       -0.574939        0.785896        -2.09776
      -0.0336178       -0.873297        0.251638
         0.18237        0.791237       -0.917049
       -0.385592         1.22733        0.221561
       -0.686526       -0.446206        0.629811
       -0.377648        -1.31217       -0.722761
        0.664115        0.597051        0.260424
         0.55787        0.166707        0.853734
       -0.467068      0.00289233       -0.968999
        -1.73419      0.00122562        0.751433
        0.350862         1.95019       -0.967469
        0.287121         -1.0061      -0.0225336
        0.270619        -1.45455       -0.556009
       -0.589968        -2.03478       -0.263517
      -0.0344618       -0.944107        0.842583
       -0.572935        0.103566        0.185368
       -0.292309         1.77935         -2.2773
         0.83022       -0.942749        0.903252
        -1.55642        -0.45855        0.238217
       -0.763499      -0.0218927        -0.12115
        0.127029        -1.50936         -1.7557
        0.953027       -0.114865        0.577421
        0.635692       -0.994995        -0.52092
         1.58656       -0.105714         1.27565
