        -1.68402       -0.399229        -1.58465
        -1.10538       0.0517823        0.625743
         1.14739       -0.362878         -1.0316
       0.0503034        0.299366        -1.02379
       -0.076297        0.826328        -1.71425
       -0.311962        0.908352        0.688794
          1.2095       -0.893735       -0.841562
        0.708046        0.842331         0.50204
       -0.791722        -1.02389         0.85824
        0.139522        0.630499       0.0801214
       -0.192674       -0.748396         1.30289
       -0.395488         1.72353        -1.05974
       -0.923565       -0.687982       -0.202864
        -0.30808        -2.19329       -0.622288
      -0.0195792         1.33077        0.201468
         1.69179       -0.646757        0.576353
       -0.385127        0.434648       -0.183685
       -0.091805       0.0387271        -1.61527
        0.468204        0.058613        -1.68662
        0.927329       0.0536583        0.644312
        0.488276      -0.0748631        -1.72088
         -0.0203        -1.87722        0.217058
         2.11507       -0.211732        0.388897
        -1.83229        -1.01592       -0.383511
        -1.13278      -0.0652255       -0.103084
        0.055941        -1.10079        0.531702
        0.200051      -0.0556557        0.778521
        0.692164       -0.926509       -0.503438
        0.110872        0.450821         1.97518
       -0.105422         -0.5329        -1.52284
        -1.51718        0.218799        -1.41045
        -1.03252         1.72188        0.642998
       0.0858336       -0.216158       -0.763019
         2.16944         1.30608        0.557646
        0.567222         1.04816        0.178412
        0.445077         1.10869       0.0901159
       -0.110814        -1.30267         0.52102
       -0.209516       -0.627992         0.34195
        0.741072        -0.12814         1.97803
       -0.174729        0.328234         1.45495
       -0.894009       -0.190211        0.716975
       -0.236781          1.1441       -0.450659
         1.65494        -1.55103       -0.706875
       -0.128925       -0.691043       0.0500334
         1.45127        0.264286       -0.961816
        0.245806        0.626178         0.50034
         1.24375       -0.146997        0.135097
       -0.839958         1.50964       -0.607226
         2.16434        -1.37045        0.272002
       -0.166085         -1.0091       -0.981807
        0.657843         2.55872       -0.201154
        0.123083         1.17041        -1.21988
        -1.24005        0.720604        0.957321
        -2.48866       -0.247864         -0.3689
        -1.06959       -0.665296        0.487607
       -0.321739      -0.0881307       0.0381886
        0.707897        -1.30537        -1.27723
       -0.746996       -0.553812      -0.0655198
        -1.32287       -0.985196         1.95389
        0.605224       -0.392096       -0.585665
        0.270058        0.437121        0.530458
       -0.244552        0.347878       -0.364951
        -1.47785         1.21458         -1.0728
        -1.61878       0.0261626       -0.929053
       -0.517475         1.35783       -0.429063
        0.875162        0.396114       -0.696989
        0.645783       -0.683856       0.0569076
       -0.209716        0.584027        -1.06608
       -0.591574        0.281231        -0.91345
       0.0852932       -0.237578        0.646039
        0.253418         1.04434        0.732651
        0.323695       0.0548965        0.136613
       -0.576792        -0.19313         1.33102
     -0.00537385        0.121023        0.692287
       -0.716768        0.401338        0.845254
          1.4422        0.299566        0.202701
        0.488885        0.758392        0.647103
       -0.812452       -0.252047      -0.0709382
        0.400774       -0.768659        0.594677
        0.813596        0.117999       -0.899741
       -0.934007       0.0506125        0.475844
        0.475602       -0.687872       -0.166502
        0.362599        -1.00865       -0.252549
       -0.860112         1.30545         1.74054
       -0.326002        0.956468        0.563106
        -1.15448       -0.375159        -1.19994
         1.30559        0.849489         1.27184
         1.04422        -1.22178         1.51385
       -0.744789      -0.0323787         1.30913
        0.352412        0.145017       -0.250802
      0.00883401        0.732587        0.909428
          -0.862        -0.42752        0.570707
        0.452321        -0.17783       -0.208685
        0.651247        -1.07215        0.270835
         1.47754        0.248936       -0.197714
       -0.745628       -0.196562       -0.263222
        0.981102        0.213271         1.69612
        0.145968        -0.69585       -0.799406
       -0.752531       0.0817032       -0.957268
       -0.840354       -0.400606       -0.628279
       -0.859004       -0.251937        -1.25619
        0.373032        0.348054        -1.35928
        -1.02947        0.358677       -0.239841
       -0.905683       -0.151371       0.0355213
      -0.0813272       -0.664984        0.355946
         2.77463        -1.35299        0.767011
         -1.5821         1.12844         1.28804
         1.45451      -0.0949883        0.191477
