        -1.38251          1.2468        -1.39024
          1.4301          1.7606       -0.870593
        0.188288        0.425417       -0.246053
        0.332007       -0.111825         1.50863
       -0.889943       -0.105546         0.12919
        0.598293         1.56893         1.27146
         0.42775       -0.126651        -0.70973
       -0.037895       -0.741592       -0.571112
       -0.692958        0.358469        0.282871
        0.479408       -0.898406        -0.14694
       -0.362643       -0.188475       -0.393139
         2.61689        -1.11953        -1.09922
       -0.414479        0.941988        0.480614
        0.524169        0.634206          2.2507
        0.431553        0.493577        0.698104
         1.02547      -0.0202062       -0.671804
        -1.68896        0.126105       -0.974884
         1.07979       -0.636251        0.471078
       0.0284921         1.84852       -0.941516
         0.38376        0.656998        -0.95116
         1.84345         1.26058      -0.0683604
        -1.57015       -0.484741      -0.0414752
          0.3331         0.74745        -1.47015
        0.154747      -0.0559704         1.84897
        -1.94812       -0.601322        0.862998
       -0.622127        -1.06044       -0.733144
        0.688013        0.504576         3.05138
      -0.0961496        0.973096         2.35112
        -2.74324        0.676612       -0.387142
       -0.139886         1.60531        -1.33198
        0.596079        0.296265        0.943683
         -1.6168         0.33776        -1.01797
       -0.866736        0.040554        0.501806
       -0.549874         0.25712        0.109653
       -0.214697       -0.634982       -0.127397
         1.48054        0.574032        0.167315
         -1.9027        -0.10512         1.19604
        0.240606        0.376788        0.624878
       -0.264249        0.801679       -0.862506
       -0.482211        0.233799        0.530868
          1.0014        0.395291         1.03383
         1.59158        0.256905         1.09111
        -0.53411       -0.178646       0.0769937
       -0.456916        -0.71019       -0.258158
        -1.39882        -1.12999        -0.11619
         1.03678        -1.00985       -0.389045
       -0.330639         1.55432       -0.736173
        -0.60546        0.471126       -0.845632
        -1.23035        0.126713        -1.43252
        0.436225        0.723592        -1.62828
       0.0102658        -2.49855        0.801692
      -0.0555858       -0.634418         1.14205
       -0.371177         0.60879        0.223203
        0.851849       -0.643708       -0.345947
       -0.727212        -1.00252         -1.9432
        0.596639       -0.179726       -0.645642
        0.647297        -2.24077       -0.684135
        0.389338         1.10097         1.80717
         1.02218        0.581392        -1.53701
        0.287493         1.69973       -0.403908
       0.0492985        -1.19043         1.52836
        0.756668        0.417774        -1.29736
          1.2972       -0.276491        -1.00307
       -0.459297       -0.381835       -0.298201
        0.491772        -1.12731        -1.06422
        0.470314        -1.78423       -0.826172
      -0.0510819        0.997366       -0.509636
        -1.26487       -0.679791        -0.35255
       -0.697582         0.53137        -1.17031
       -0.990546       0.0362659        -0.18225
         1.11995        -2.71566      -0.0022878
         0.24504        0.253371       -0.518672
       -0.408967        -1.49585        -1.51545
         0.83817       -0.648264       -0.536791
       -0.796793        -0.97168        0.365014
       -0.209039       -0.807453         1.91471
       0.0187492         1.04649       0.0569633
        0.349192        -1.29347          1.3992
       -0.461548          1.0459       -0.198104
        0.811518        -0.33127        0.613473
        -1.74765        -2.02921       -0.769038
       -0.335752      -0.0949933       0.0151563
       0.0430123        0.568373        -0.10195
       -0.130222       -0.370611      -0.0167975
       -0.282122         1.58629       0.0381276
       -0.345436        -1.41391       -0.549076
       0.0481213         1.42799       -0.572284
       -0.061062        -1.85289        -1.09393
       -0.744607       -0.545476         1.68928
        0.153093         1.78861       -0.659423
        0.749289        -1.46272         1.50031
         1.54515         1.14775       0.0481005
        0.770242        0.360513          0.4549
        0.552835        0.419722       -0.937234
        -1.15911        -2.64119       -0.155216
       -0.452827       -0.654622        0.235683
       -0.953516        0.646435          1.2487
        -0.81305        0.272396        0.374022
        -2.48897        0.412513         1.07911
        0.736426       0.0698169         1.14986
         1.18667         1.19078        0.105353
       -0.500441         1.14579         1.74738
          1.2547       0.0972022        0.924678
        0.595614         1.04174        -0.41807
        0.544063        -2.76194        -1.26947
         1.12603          1.2287       -0.827509
        -0.57932        0.331701        0.944573
         1.62376        0.319817      -0.0729438
