       -0.080108        0.381818        -1.91131
       -0.102093       -0.128908        0.898771
         1.99362       -0.277154         1.69986
       -0.123981        -0.59334        -1.88584
        0.303121      -0.0330624         1.98289
       -0.586135        0.329202         -2.0149
       -0.127219          1.7654        0.774363
       -0.818291        -2.47196       -0.551475
         1.68143       0.0633797       -0.762436
        -1.10596       -0.213262       0.0428928
       0.0401965        0.499549        0.397353
        -0.47656       -0.475093       -0.350225
         1.59356        0.568618        0.243982
         1.69762       -0.752283        0.993993
         1.39294        0.604492        -1.64858
       0.0134523         -1.1795        -1.07419
       -0.387507        0.163249        0.669324
       -0.178871       -0.150473         1.50261
       0.0282272       -0.292277     -0.00310195
       -0.448747       -0.576635        0.143542
       -0.553858        0.920456        -1.64438
         1.35186        -1.90325        -1.20721
       -0.379479        -1.04728       -0.679309
        0.539493       -0.460099        -1.79336
        -1.59817         1.37084         2.02314
        0.168964        0.577901        -0.24841
        0.889707       -0.358684         1.62649
       -0.471556        0.708463        0.974324
       0.0654398        -2.25976        -1.06851
       0.0299687        -0.99723       -0.815283
        0.709957        0.336401         -1.1803
        0.489056        0.566901        0.608816
        -3.16695       -0.980792       -0.838906
        0.189542        0.423359       0.0363408
       -0.219134         1.06012         1.71113
         1.44023        0.551669         1.76479
        0.662199         -1.4015         2.01581
       -0.641148        0.483654        0.266841
        -1.54924       -0.560267        0.506637
        0.772587         0.73075       -0.160155
         0.30666        0.394944         1.17525
        0.107875       -0.441192       -0.162652
        0.367338       -0.127503        0.129941
        -1.66732       -0.301326        0.197824
         -1.3454        -1.01031        0.960115
      -0.0488207        0.672737         1.69461
        -1.71274       -0.123866       -0.615009
        0.400392        -2.68698        0.567452
        0.436651         2.03751      0.00992785
        -0.01815       -0.662988        0.146804
       -0.282515       0.0926621       -0.373133
        -1.73414       0.0990612        -1.95246
         1.77894        0.469027      -0.0498298
        -1.62294         2.07144         2.05456
       -0.477898         3.38996        -1.23853
        0.392658       -0.672279        0.500741
        0.178319       0.0783887       -0.721246
        -1.00613       -0.495635        0.785454
       -0.692889         1.76687        -1.24169
         1.95768        0.325948         1.83967
       -0.569197        0.860333        -2.03957
        -1.06672       -0.627761       -0.434433
        0.489268         1.96738        -1.41014
         2.37423        -1.40921      -0.0428556
        -2.76109      -0.0476479       -0.526124
        -3.62748       -0.209865         1.02051
        -0.95621       -0.963798        -1.63706
       -0.174946        -1.85137       -0.137476
         1.27497        -2.51868        -1.08339
        0.420914       -0.265258       0.0851878
        -1.69135         1.60877          2.1235
       -0.535563        0.529789       -0.834254
         1.86497        0.843655        0.305041
        0.866674          -1.484       -0.402661
        0.742538       -0.439709          -1.301
        0.997046        -1.86784        -1.11098
        0.341541         1.51655       -0.659282
        0.514533       -0.676214         2.85327
       -0.263318        -0.53893        0.531354
        0.814465       -0.208806        -1.60625
        0.193623        0.310382        0.310524
       -0.475124        0.441248        0.151486
        -1.42601         2.24535        -0.26163
        -2.00546        -1.01791       -0.141924
         1.68658       -0.242175        -1.67027
      -0.0509552       -0.276619       0.0972227
         1.28197       -0.981029         1.91927
       0.0479058        0.967341       -0.840811
        0.153599        0.989312        -1.15711
        0.764963        -2.29608       0.0560551
         2.13268        0.167983        0.511013
         1.22403       -0.903813        0.623564
         0.90882         0.76306        0.793359
        0.210891        0.610771        0.422215
        0.506058       -0.359256        0.590269
        -1.93201        0.189875       -0.943689
        0.134489      0.00844101        -1.66251
        0.105323         1.59859         1.10826
       -0.822067        0.249019       -0.342308
        0.426329         0.21951        0.649244
         2.13173       -0.268271        -0.22571
       -0.466895        0.876623       -0.927004
        0.242437         1.57386       -0.525568
       -0.907764       -0.507561        0.508955
       -0.881103         1.03893         1.51985
         1.47671         1.24763         1.15254
       -0.787135       -0.240156        0.154049
        -1.28465        -0.49228       -0.316566
