         1.27068        0.837761         0.61879
         1.12356        -1.22892         1.66215
       0.0518884       -0.452828       -0.622833
         2.00676       0.0931176        0.510813
         1.44467        0.178832         1.16028
         2.23272       -0.277445       -0.902282
        -1.20593       -0.262759         0.36026
       -0.132183        0.374546        0.282288
         2.63962       -0.429352        0.122634
        -1.70083        0.715149        0.703985
       -0.382329        -1.99013        -1.20489
        -1.06344       -0.231979       -0.371063
        -1.01446      -0.0335842         1.12648
         1.11489        0.591254       0.0688419
        0.586219         1.57451        0.972931
       -0.328096        -1.16005         0.90389
        0.661504         0.85928        0.816796
        0.247606        -1.46905       -0.911948
       -0.325507         2.00816       -0.621001
        0.355141       0.0841189       -0.060719
         -0.2993       0.0682205        0.487184
        -1.33998          1.5379         1.13893
        0.334451        -1.85584         1.84883
         2.22814         0.18634        0.808336
       -0.930538       -0.511146       -0.853802
        -1.78949        0.266519       -0.420889
       -0.190483        -1.41255       -0.484787
       -0.277216        0.587493     -0.00711079
       -0.724017        -0.83675         1.01046
        -1.33436        -1.20307        0.270057
        -1.10575        0.754686        -1.20332
        -1.81657       -0.304408      -0.0258444
       -0.765455        -1.52003         3.48447
        -1.69563        -1.04634        0.442597
       -0.798029        -0.35911       -0.213455
        -1.53218         1.57558        0.781664
         1.02002        -1.31137        0.674209
        0.296187        -1.51506        0.299802
      -0.0175295        -2.14148       0.0227556
       -0.234398         1.44417        0.296724
         1.12807        0.523528        0.887832
        0.377296         1.46669       -0.995532
       -0.763841         2.36008       -0.872527
       -0.351034        0.449801        -1.50678
        -2.20859        0.760901       -0.575311
         2.40944         1.00811        0.717888
       0.0607233        0.718662        -1.34859
       -0.944616        0.422966        0.339686
       -0.696235         2.80496        0.273883
        0.926312        0.342003        -1.61902
        -1.86735       -0.331491        -1.40531
       -0.923797        0.807005        -1.88227
         1.39411        -2.99719        -3.53213
        0.618683         1.59639       -0.458248
        0.868874       -0.541717        0.425954
       0.0333857       -0.308316         1.34389
       0.0322487       -0.166379         -1.1241
        0.330534        0.587639       -0.736524
        -1.17539       -0.665575       -0.736301
         -1.0458        0.254618       -0.127252
       -0.505544         1.73247         1.06492
         1.07154       -0.357205        -1.07653
        -1.49929      -0.0338967        -1.59987
       -0.163972        -1.25406       -0.381118
       -0.398912        -1.11083         1.57177
        0.118947       -0.870584        -1.29855
        0.444736        -1.80704       -0.977821
        0.444555         1.19703        -1.45431
       -0.989062      -0.0551489        -0.85512
         -1.4073        0.172668        0.205677
       -0.863274         -0.4383        0.656692
       -0.520112          1.4021        0.897933
        0.479677        0.104829       0.0746994
       -0.224511        0.434083         1.44268
         0.35672         1.68923       -0.276234
       -0.489301        -1.06271       -0.472096
         1.31738        -1.57061         1.23163
       -0.237824        -1.37465         0.26581
         1.79218         2.31348        0.450011
        0.891206        0.650805       -0.439596
         -1.3735       -0.437201        -1.15075
        0.507959       -0.415802        -0.48556
        0.749405       -0.585647       -0.514845
       -0.234548        -0.71419     -0.00861803
       -0.142334       -0.403746        0.567883
        -1.40072       -0.267639       -0.316059
        0.890947        0.604098        0.244499
       -0.967608         1.43516       -0.829193
        -1.27656         1.40818       -0.143042
         -1.1284        -1.55566        0.892698
        0.700092       -0.518039        -1.11837
        0.874863       -0.373103         2.11408
        0.634876       -0.626902       -0.482279
       -0.545839         1.24906        0.274152
          1.9209         1.19264        -1.01383
        -0.11791        0.377592        -1.32215
      -0.0138019        0.145371       -0.729599
      -0.0608213        0.996273       -0.269118
         1.09986         -1.3202            1.56
         1.48652        0.317884        -1.38067
        0.716239       -0.846514         1.48061
       0.0589261          1.4791       0.0210238
        0.656886      -0.0912138         1.29927
       -0.799024       -0.322148         1.46855
         1.35843         1.02157        -0.37204
        0.910095       -0.873692        0.144024
       -0.314433        -1.70773       -0.398938
         1.37827       -0.206214         1.39621
