        -1.64964         0.41348       -0.543947
       -0.153308       -0.146888       -0.418986
        0.305213       -0.346761         2.11017
       -0.363234        0.185643         2.95128
       0.0658598        0.308885        0.725135
        0.148631        0.408696        0.654055
        -2.25905         1.21564         1.63011
        0.454081        0.264834        0.186339
       -0.777462        0.182249        0.947288
         0.28336         1.76118       -0.114856
         1.09369        0.516642         1.00124
        0.595631        0.795187       -0.199006
       -0.655171        0.502376        -0.87455
        0.843662        0.282019       0.0118481
          2.7163       -0.161242         2.46988
        0.323419          1.4178        0.744669
       -0.412279        0.145908        0.984279
         1.92034        0.634484      -0.0388758
         1.53506        0.901701        0.649443
        -1.46221        -2.05923       -0.787495
         0.67502       -0.594789       -0.469887
        -1.09269         1.00599        -2.00625
       -0.626185        0.066026        0.451215
       -0.144601        0.760422       -0.602249
       -0.971856        -1.20266        0.830928
        0.917301       -0.367303        -1.07539
         1.37948         1.00516       -0.889793
        0.464706       -0.681661           0.906
        -2.24931         1.25026       -0.939043
       -0.801961        0.378987       -0.538186
        0.885286        0.681924         1.22319
        -1.46221        -1.84196         1.24764
        0.994932        0.876894       -0.471372
        0.159195        0.434684         1.45275
       -0.855463       -0.895367      0.00820583
        -1.02547        -2.25653        0.527253
        0.832357        -1.70272        0.734481
        0.670549        0.969369         1.34626
       -0.104296       -0.324328       -0.777992
        -1.74415        -1.24079         1.15529
        0.648668        0.701789       -0.705005
       -0.566069        -0.63381        0.572044
        -1.94428        -1.51915        -2.06346
         2.12005       0.0399855        -2.07429
         1.41149        0.668485       -0.498357
       -0.542189       0.0304955        0.784141
        0.709848        0.881335        -1.66209
        0.451417       -0.774488        -1.11252
        -1.43813        0.448929        0.173894
        -1.90667       -0.938211        0.247949
       -0.113774       0.0551953      -0.0652773
        0.282673       -0.987239       -0.192314
         0.38672        0.238113         -1.6045
         1.49185         1.48519       -0.968472
       -0.906979       -0.661408       -0.213587
        0.616202       0.0266154        0.243847
        0.949891         1.36291        -1.01018
          1.2832         1.26308        0.184544
         2.07851       -0.835167         1.70537
        -1.82267          1.6554       -0.987062
        -1.21048       -0.211048        0.532053
       0.0577869       0.0380735        -1.82201
       -0.808327        0.328266         1.93532
        0.106396        0.150151    -0.000785851
        0.913123        -0.62022        -1.31929
         1.16665        -1.35259        -1.15587
       -0.627141       0.0935567        0.644205
       -0.382103        -1.17783       -0.434249
       -0.323223       -0.288712        -0.13693
        -2.36513        0.843547     3.59082e-05
        0.597033         0.23726        0.959024
       -0.722228       -0.278407       0.0413343
        0.848969          0.2183        0.809032
       -0.179754          1.8391        -1.19099
         1.54448        -1.93382       -0.439342
          1.3375        -0.01061       -0.425567
       -0.410048        -1.03217      -0.0715695
       -0.227595       -0.902762        -1.64463
       -0.217139       0.0046187        -2.06977
        0.191634        -1.43706        -1.63414
        -1.38397        0.642502       -0.413328
        0.237261         1.18452     -0.00375849
       -0.124488        0.225471       -0.973639
        0.778741       -0.264397        0.293419
        0.694403       -0.111671       -0.930766
        0.699481       -0.413053         1.12105
        0.266996        -1.72205       -0.384817
        -1.07288        0.285298       0.0985993
        -1.09859         1.16448        0.600233
         1.26857      -0.0929097        -1.30488
       -0.652549         2.27197        0.390914
        0.728195         1.21839         1.08948
         1.40851         1.03812         1.06737
        -1.11294       -0.141436       -0.737862
        -1.13003        -2.36417       -0.551553
        0.439232         0.63768         1.06396
        0.183038        0.806934         1.83635
      -0.0891344       -0.984502        0.638472
        -0.71346        -0.69449         1.38091
        0.168587       -0.119066        -1.58621
        0.931491        -0.23729        -1.46883
         0.11164       0.0841021        -2.38499
       -0.791178        0.852764         1.18102
        0.842031        0.306935         1.26739
        0.663908        -1.51833        0.957214
        -1.79064        0.523496       -0.960535
        0.339068       -0.433645       -0.544028
       -0.735014        -2.70557         1.72721
