       -0.673301       -0.740732        0.967484
       -0.967647       -0.626127          -0.219
        -2.03555        0.230846        0.992825
        -2.03281       -0.251043       -0.301777
        -0.75716       -0.603166       -0.685105
      -0.0323214         1.79202       -0.593405
        0.836682        0.208494         0.12616
       -0.804026        -1.35387        0.475493
         1.35053        0.656407        0.268232
       -0.671509         1.45275      -0.0359682
        -1.08929         1.99264         2.10622
        -2.47901          1.5027       -0.793182
         1.27906       -0.310498        0.482311
       -0.846906        -0.76643        -1.93172
        0.525844         1.27491         0.17079
          1.6259       -0.852737       -0.558704
     -0.00130366       -0.607496        -1.41979
        -1.04082       -0.425591        0.251987
        0.137423       0.0471176      -0.0595053
       -0.880773        0.644457       -0.679452
        0.783346         0.96894         1.03312
        0.734958       -0.363681         1.57998
        -1.87425         1.01664         -1.7683
        -1.40832        0.767812        0.600216
        0.526382        -1.38011       -0.411057
     -0.00745994      -0.0759275       -0.814646
        -1.23097       0.0878563       -0.944716
        0.110315       -0.112189        0.926467
         1.04698        0.918225         0.26137
       -0.668462       -0.247006         1.78727
        0.410596       -0.298151         1.34187
         0.31927         1.16123        -1.80203
       -0.252862        0.721277        0.635277
        -1.34987        0.276591       0.0801268
         1.45075        0.906782       0.0579407
        0.210386       -0.964756         1.01483
      -0.0349726        0.243911        0.682259
        0.932062        -0.46322       0.0116627
        0.436051        -1.15724      -0.0864214
       -0.687783       -0.811421       -0.355129
      -0.0871104       -0.542825       -0.307099
       -0.520151       -0.724918        0.826387
        0.358903       -0.420187        -0.95036
        0.437839       -0.884891        0.678173
        0.690672        0.321336        0.122543
         1.56335       -0.255331        -1.30842
        0.164688         1.16087       -0.408771
         0.13098         1.31178       0.0102167
     -0.00406445         0.46017       0.0666181
       -0.635846        0.422143         0.12976
       -0.495413        0.773978        0.136023
        0.938347        -1.78627        -1.26775
       -0.123079        -1.13123        -0.61824
       -0.845836        0.109828       -0.128065
         1.02736       -0.571269       -0.233216
         1.27071       -0.270851         1.60642
         1.34562       -0.701205         1.91026
         1.99124       0.0686072       -0.857457
       -0.354631        -1.53408       -0.453209
       -0.959197        0.558016      -0.0617079
       -0.223247        -1.24515       -0.627321
        0.580102        0.880696       -0.373047
        0.303747       -0.877782       -0.914494
       0.0169457        0.216441      -0.0618099
        0.917681       -0.437753        0.350855
       -0.391964       -0.365747          -1.145
       -0.285603        0.540539       -0.165097
        -1.83069       -0.171213       0.0473799
       -0.356687       -0.719464         1.27766
        -0.29938         2.02184       -0.279706
         1.37271        0.841401       0.0975499
       -0.155552        0.577415       -0.124564
       -0.448153        -1.09749        0.443108
        0.354104       -0.550788        -0.98483
         1.19462         2.21917        0.727002
       -0.312725        -1.65076       -0.199905
      0.00471922        0.608934        0.649737
        -1.32431        -1.15419         0.31221
      -0.0308063       -0.359273       0.0624287
         1.13631       -0.705581         1.31637
        0.952181        0.573881        -1.58086
        0.594776        -1.76073        0.937782
         1.29644       -0.442485       0.0029181
      -0.0144461        0.362746         2.39985
         -2.0197       -0.420637       -0.565737
        0.759304        -1.29916       -0.281894
        -0.03982         1.62887       -0.620381
         1.52169         1.11416        0.207037
       -0.296828       -0.249041        0.304374
       0.0385776       -0.339731        -1.70244
        0.708548         1.67522        0.287472
        0.138944        0.376347         1.63666
         1.12922        -1.08921        -1.30362
       0.0727184        0.956787       -0.376237
        0.787511       -0.038346        -1.66097
       -0.759726       -0.483658          1.0478
        -1.67597       -0.392431         1.42241
        -0.55055        0.907948        -1.15314
         1.30065       -0.277033         1.33345
      -0.0843212       -0.763891        -0.14418
         1.86035        0.258133       -0.690406
         -1.0223       -0.547073       -0.481324
       -0.640702       -0.502284        -0.74267
       -0.762231       -0.247365       -0.310618
        -1.37703        -0.41038         1.27477
         0.38681        0.109909       -0.252734
        0.220298        0.790702       -0.592263
         0.47026         1.11364      -0.0896824
