        0.655207        -0.33617        0.617746
        -1.40389       -0.313414        0.977875
        0.787317        0.231435        0.362878
       -0.473974       0.0537158         1.21619
        0.456366       -0.255417        0.673544
        0.120568        0.541044        0.383854
       -0.752902      -0.0497315         1.59965
        0.337123       -0.557313        0.954863
        -0.91965         0.36105        0.296418
        -1.22652       -0.164532       0.0767378
        -2.08884       -0.527954        0.788637
        0.128717          0.5011        0.649928
       -0.806217         2.32226       0.0536498
       -0.581442       -0.904899       -0.557763
         1.31862        -1.64664        0.669568
       -0.648913        0.680155         -0.7081
       -0.411151        -1.19282         -1.6764
        0.707533        0.141685      -0.0374168
        -1.16771        -1.27003       -0.124683
       -0.381966       0.0136465        0.320137
       -0.485018        0.882966        0.419326
       -0.130498       -0.143302         1.07651
        -1.34356        0.432049        -1.81853
       -0.645779        0.770224      -0.0237054
         1.52003        -1.19825          1.3512
       -0.986036      -0.0240436        0.303312
       -0.806581       -0.146005        -1.03921
       -0.440458      -0.0560779         2.14781
       -0.148376        -1.34102       -0.336166
        -1.64699       -0.170824       -0.224705
       0.0946127        0.115851       -0.124192
         2.24375         -1.3192         1.13262
       -0.980727       -0.865749        0.637664
        0.870864        0.455326        0.351881
        0.614429        -1.95691       -0.265559
         -1.4032        0.825788       -0.921424
       -0.438463         0.48021         1.52421
        0.621955        0.605096         1.01757
        0.311483         1.13995         1.17979
       -0.284562        0.924741       -0.102346
       -0.772032        0.642438        0.589276
         0.82286         0.37723         1.33101
         1.07021        0.148482         0.94313
       -0.305483       -0.691255        -1.55053
         1.39078       -0.970971         -1.2092
        0.392806         1.03058         1.44283
        -1.64825         1.25456        -1.14604
         1.11065       -0.383328       -0.325548
       -0.645993        0.897898         1.07725
        0.939463        0.137913       -0.375722
        0.890728        -1.03069        0.139499
         1.08048        -0.10703         0.92512
        0.606865        0.112883         1.79623
       -0.121548        -1.01197       -0.984325
         1.54891        -1.58854       -0.640177
        0.462921        0.554631       -0.659763
        0.666108       -0.299273        0.218785
         -1.2764       0.0450164       -0.926842
        0.143911        0.765661       -0.129561
        0.603541       -0.556427       -0.268097
        0.601919      -0.0169114        -1.68542
       -0.940496       -0.798661       0.0257202
       -0.115061        -1.00364        -1.32415
        -1.13649        0.296215         1.11902
       -0.693683         1.02382       0.0853259
       -0.254969       -0.465997        0.299284
        0.663856        -1.55402        -1.33948
         1.72489         1.24928       -0.365794
        -2.27636       0.0483472        -1.80256
        0.760466        0.301625        0.408317
        0.129578         1.16225        0.209401
       -0.157517       -0.474418        0.344538
        0.719599      -0.0779693        0.233892
        0.943748       -0.340598        0.049919
        0.124309     -0.00168062        -1.10851
       -0.291855        0.581713       -0.527274
        0.315058        -1.95598        -0.15172
       -0.147951       -0.397343        -0.22059
       -0.889836        -0.53535      -0.0697095
        0.691866        -1.54833         1.18887
        0.445732        0.485158         1.13502
        -0.28128         1.01825          2.0243
        0.527488         2.44854       -0.866704
        -0.14975        -0.26276         -2.3317
       -0.693906        0.874331       -0.664969
        0.298058         0.63851        0.955721
        -0.33767         1.10984       0.0276213
       -0.548415        -1.42117      -0.0644807
        0.278618         2.00629         1.26841
        -1.39125         1.25571         1.01614
       -0.725571       -0.590327        -2.05991
       -0.170402       -0.822348       -0.413624
        0.870378          1.1782        -1.21973
        0.915206         1.26252       -0.247934
       -0.773027       -0.247494        0.181037
        0.421095      -0.0103456       -0.559307
       0.0115813       -0.521477        -1.47763
        0.444396       -0.776601         -1.2064
        0.556216        0.459349       -0.712873
        0.300554       -0.937955       -0.422998
       -0.917592       -0.964063       -0.708001
         1.16822       -0.424766       -0.158236
         1.73132       -0.102251        -0.51083
     -0.00303307        0.381138       -0.502715
       -0.309661       -0.304224        0.809839
        0.524601        0.164875        -1.43095
        0.643275        0.386401       -0.201344
        0.248071         1.85851      -0.0975216
