         1.25354        0.826465        0.610446
         1.10841        -1.21235         1.63973
       0.0511888       -0.446723       -0.614435
          1.9797        0.091862        0.503925
         1.42519        0.176421         1.14464
         2.20261       -0.273704       -0.890116
        -1.18967       -0.259216        0.355403
       -0.130401        0.369495        0.278481
         2.60403       -0.423562         0.12098
        -1.67789        0.705506        0.694493
       -0.377174         -1.9633        -1.18864
         -1.0491       -0.228851        -0.36606
        -1.00079      -0.0331314         1.11129
         1.09986        0.583282       0.0679136
        0.578315         1.55328        0.959812
       -0.323672        -1.14441        0.891702
        0.652584        0.847693        0.805782
        0.244268        -1.44924       -0.899652
       -0.321118         1.98108       -0.612627
        0.350353       0.0829847      -0.0599003
       -0.295264       0.0673006        0.480615
        -1.32191         1.51716         1.12357
        0.329942        -1.83082          1.8239
         2.19809        0.183828        0.797436
        -0.91799       -0.504254        -0.84229
        -1.76536        0.262925       -0.415214
       -0.187914        -1.39351        -0.47825
       -0.273478        0.579571     -0.00701491
       -0.714255       -0.825468        0.996835
        -1.31637        -1.18684        0.266415
        -1.09084         0.74451         -1.1871
        -1.79208       -0.300304      -0.0254959
       -0.755133        -1.49954         3.43749
        -1.67277        -1.03223        0.436629
       -0.787268       -0.354267       -0.210577
        -1.51152         1.55433        0.771124
         1.00627        -1.29369        0.665119
        0.292194        -1.49463         0.29576
      -0.0172931        -2.11261       0.0224488
       -0.231238          1.4247        0.292723
         1.11286        0.516469        0.875861
        0.372209         1.44691       -0.982109
       -0.753542         2.32826       -0.860762
       -0.346301        0.443736        -1.48646
        -2.17881        0.750641       -0.567554
         2.37695        0.994514        0.708208
       0.0599045        0.708972        -1.33041
       -0.931879        0.417263        0.335106
       -0.686847         2.76714         0.27019
        0.913821        0.337392        -1.59718
        -1.84217       -0.327022        -1.38636
       -0.911341        0.796123        -1.85689
         1.37531        -2.95677         -3.4845
        0.610341         1.57486       -0.452069
        0.857159       -0.534412         0.42021
       0.0329356       -0.304159         1.32577
       0.0318139       -0.164136        -1.10894
        0.326077        0.579715       -0.726593
        -1.15954       -0.656601       -0.726373
         -1.0317        0.251185       -0.125536
       -0.498728         1.70911         1.05056
         1.05709       -0.352389        -1.06201
        -1.47907      -0.0334397         -1.5783
       -0.161761        -1.23715       -0.375979
       -0.393533        -1.09586         1.55058
        0.117343       -0.858845        -1.28104
         0.43874        -1.78268       -0.964636
        0.438561         1.18089         -1.4347
       -0.975726      -0.0544053        -0.84359
        -1.38833         0.17034        0.202903
       -0.851634        -0.43239        0.647837
       -0.513099         1.38319        0.885826
        0.473209        0.103416       0.0736922
       -0.221484         0.42823         1.42322
         0.35191         1.66646       -0.272509
       -0.482703        -1.04838       -0.465731
         1.29962        -1.54943         1.21502
       -0.234617        -1.35611        0.262226
         1.76801         2.28228        0.443943
        0.879189        0.642029       -0.433668
        -1.35498       -0.431306        -1.13523
         0.50111       -0.410195       -0.479013
          0.7393        -0.57775       -0.507903
       -0.231386        -0.70456     -0.00850183
       -0.140415       -0.398302        0.560226
        -1.38183        -0.26403       -0.311797
        0.878934        0.595953        0.241203
       -0.954561         1.41581       -0.818013
        -1.25935          1.3892       -0.141113
        -1.11319        -1.53469        0.880662
        0.690652       -0.511054        -1.10329
        0.863067       -0.368072         2.08558
        0.626316       -0.618449       -0.475776
       -0.538479         1.23222        0.270455
           1.895         1.17656        -1.00016
        -0.11632          0.3725        -1.30432
      -0.0136158        0.143411       -0.719762
      -0.0600012        0.982839       -0.265489
         1.08503        -1.30239         1.53896
         1.46648        0.313597        -1.36205
        0.706582       -0.835099         1.46064
       0.0581315         1.45915       0.0207404
        0.648028      -0.0899839         1.28175
       -0.788251       -0.317805         1.44875
         1.34012          1.0078       -0.367023
        0.897824       -0.861912        0.142082
       -0.310193        -1.68471       -0.393559
         1.35969       -0.203434         1.37739
